(
()
(())
(2 1)
(1 2 (2 1) a)
(2 1 (2 1) a)
(2 1 (2 1) a)
(2 1 ((2 1)) a)
(2 1 ((2 1)) (1 2) a)
((2 1) ((2 1)) a)
((2 1) ((2 3 1)) a)
(((2 1)) ((2 3 1)) (1 2) a)
(((2 3 1)) (1 2) a)
(((2 3 1 a)) ((2 3 1)) (1 2) a)
(((2 3 1 a)) (((2 3 1))) () (1 2) a)
(((2 3 1 a)) (((a 2 3 1))) () (1 2) a)
(((2 3 1 a)) (((a 2 3 1)) ()) () (1 2) a)
(((2 3 1 a)) (((a 2 3 1) ())) () (1 2) a)
(((2 3 1 a)) (((a 2 3 1 ()))) () (1 2) a)
(((2 3 1 a ())) (((a 2 3 1 ()))) () (1 2) a)
(((2 3 1 a) ()) (((a 2 3 1 ()))) () (1 2) a)
(((2 3 1 a) ()) (((a 2 3 1))) () (1 2) a)
(((2 3 1 a) ()) (((a 2 3 1) ())) () (1 2) a)
(((2 3 1 a) ()) (((a 2 3 1)) ()) () (1 2) a)
(((2 3 1 a)) () (((a 2 3 1)) ()) (1 2) a)
(i 9.0 2 6.0 d)
(i 2 7 4 5 6.0 d)
(i 5 d 1 4 6.0)
(9.0 5 0.0 i 7 d 4)
(2 0.0 9.0 1 4 5 7 d)
(i 4 5 2 7 d 9.0)
(4 0.0 7 1 2 6.0 i)
(2 6.0 i d 7 0.0 1)
(2 6.0 1 0.0 4)
(d 4 0.0 i 1 2 9.0)
(5 2 i 6.0 4)
(0.0 9.0 6.0 7 2 4 1 i)
(d i 1 5 4)
(5 2 i 7 1 d 9.0)
(7 6.0 0.0 d i 1)
(9.0 i 0.0 6.0 1 d)
(0.0 2 6.0 5 i 7 d 9.0)
(d 0.0 7 5 9.0)
(4 9.0 d 0.0 7)
(4 d 0.0 2 1 9.0 7 5)
(5 7 2 4 6.0 d 0.0)
(0.0 1 4 7 5)
(4 1 9.0 7 d)
(i 9.0 5 7 6.0 4)
(4 d 0.0 1 i 7 5)
(d 5 0.0 1 i 9.0 7)
(9.0 2 0.0 d i 1 4)
(9.0 6.0 2 7 0.0 4 5)
(9.0 6.0 1 5 d i 7)
(2 4 i 5 6.0 1)
(d 2 i 7 1)
(0.0 1 2 7 d i 9.0)
(9.0 1 0.0 d 7 2 4)
(2 d 0.0 9.0 6.0 5 4 i)
(d 2 i 1 4)
(d 9.0 i 5 2 6.0)
(i 2 0.0 5 7 6.0)
(6.0 9.0 4 5 d 7 1)
(2 9.0 d 0.0 6.0 1)
(2 5 1 i 6.0 4 7)
(7 9.0 i 6.0 1 d 5 2)
(i 7 0.0 1 d 9.0 5)
(6.0 7 2 5 1 i)
(7 2 i 1 5 4 d 0.0)
(4 1 2 d 6.0)
(7 i 4 5 2 6.0 d 9.0)
(6.0 5 i 7 2 9.0 1 4)
(4 d 7 2 1 9.0 5)
(5 2 6.0 7 0.0 9.0)
(i d 7 6.0 0.0 5 4)
(4 0.0 9.0 6.0 1 7 d 5)
(9.0 4 1 7 i 2 5)
(d 5 1 4 9.0 i 0.0)
(9.0 0.0 d 6.0 1 2 i)
(7 0.0 i d 1 5)
(1 7 i 0.0 d 4)
(7 2 1 9.0 i 6.0 d)
(6.0 d 7 0.0 2 9.0 i)
(9.0 i 1 2 d 5)
(4 6.0 9.0 5 0.0 2 7)
(7 2 4 i d 1)
(d 2 i 1 0.0 5)
(1 2 7 9.0 d)
(5 0.0 7 2)
(d 6.0 0.0 5 2 i 7)
(7 2 1 6.0 5 i d)
(i 1 9.0 7 5)
(0.0 5 4 d 7 1 9.0)
(2 7 i d 4 5)
(5 7 9.0 0.0 i d 6.0 4)
(2 5 i 0.0 4)
(i 1 d 4 0.0 5)
(i 6.0 4 1 d)
(i 9.0 6.0 d 7)
(2 9.0 0.0 i 6.0 7)
(9.0 7 5 d 0.0 1 i)
(5 i 0.0 7 6.0 d 9.0)
(i 7 5 d 6.0 4)
(5 9.0 6.0 i 0.0 4 2)
(5 4 6.0 9.0 1 i)
(d 4 6.0 i 5 7 2)
(i 2 7 6.0)
(2 i 1 6.0 0.0 7)
(7 9.0 2 5 6.0 4 0.0)
(9.0 5 d 0.0 6.0 1)
(9.0 i 2 1 6.0 4 0.0)
(1 6.0 2 i 0.0 d 9.0)
(7 1 0.0 9.0 d 5 i)
(1 i 6.0 0.0 5 9.0)
(5 9.0 4 7 i)
(i 9.0 6.0 1 2 d)
(2 d i 7 9.0 5 1)
(1 9.0 d 6.0 0.0 i 2)
(7 5 i 9.0 6.0 2)
(i d 5 9.0 1 4 0.0)
(6.0 9.0 5 d 1 2)
(4 1 7 d 0.0 6.0 2 9.0 5)
(2 7 1 5 6.0)
(6.0 i 4 d 0.0 7)
(i 6.0 1 7 0.0 5 2 4)
(2 0.0 i 7 9.0 5)
(6.0 1 4 7 0.0 2)
(1 7 9.0 d 0.0 6.0 4)
(0.0 d 7 6.0 9.0 5)
(2 0.0 1 5 4 6.0 i)
(0.0 1 2 d 4 i 7 9.0)
(9.0 0.0 5 4 7 6.0 d 2)
(d 5 4 2 i 6.0)
(6.0 d 5 1 2 7 9.0)
(7 6.0 1 0.0 i 2 d 5)
(i 0.0 9.0 4 6.0 7 2)
(7 1 4 0.0 2 5)
(i 7 0.0 9.0 5 1 4)
(i 0.0 1 2 6.0 4 9.0)
(9.0 7 d 0.0 4)
(2 4 9.0 d 0.0 6.0 i 7)
(5 i 6.0 d 0.0 9.0)
(i 5 2 9.0 0.0 1)
(1 9.0 4 5 d 0.0)
(1 9.0 5 d 6.0 0.0 4)
(6.0 2 i 4 7 1)
(2 7 d i 4 0.0)
(i 1 4 0.0 5)
(7 d 9.0 5 0.0 i 1)
(2 i 7 9.0 4 0.0 5)
(9.0 1 7 6.0 i 2 5 0.0)
(5 0.0 i 6.0 4 2 9.0 d)
(0.0 1 6.0 7 2 d 5 4)
(0.0 6.0 7 5 1 9.0)
(7 d 4 i 6.0 0.0)
(0.0 5 6.0 d 4 9.0 1)
(0.0 d 4 9.0 6.0)
(d 4 0.0 6.0 7 i 1 5)
(4 9.0 d 1 0.0 6.0 7)
(5 d 4 9.0 6.0 2 i)
(i 7 0.0 5 2 1)
(5 0.0 d 2 7 1)
(d i 4 2 9.0 5 6.0)
(2 0.0 1 6.0 5 d)
(6.0 7 5 2 0.0 i 1 d)
(4 d i 6.0 1 9.0 2)
(7 4 1 5 i 2 6.0)
(d i 6.0 0.0 2 7)
(0.0 9.0 5 7 2 4)
(4 6.0 d 0.0 9.0 1 7 2)
(0.0 2 6.0 1 5 4 d i)
(0.0 i 2 5 d 9.0 1)
(2 d 0.0 6.0 5 i 9.0)
(1 2 0.0 9.0 7 i d)
(9.0 1 5 i 0.0)
(7 0.0 9.0 i 4)
(9.0 6.0 1 4 7 0.0 2 5)
(0.0 6.0 1 4 i 7)
(6.0 9.0 7 4 i 2 d)
(i 4 6.0 d 9.0 7 1)
(i 9.0 1 2 4)
(6.0 0.0 2 1 4 9.0)
(6.0 d i 1 2 4)
(9.0 2 4 6.0 1 7 d)
(6.0 5 d 9.0 0.0)
(i 0.0 6.0 7 5 9.0)
(0.0 4 7 d 5 6.0 2)
(9.0 7 1 6.0 2 0.0 i)
(4 d 7 2 5)
(1 i 0.0 2 9.0)
(1 d 4 7 2 6.0 0.0)
(4 d 7 2 5 6.0 i)
(d 4 7 2 1 5)
(2 7 4 6.0 d 5)
(i 7 0.0 5 1 4 d)
(6.0 0.0 4 9.0 i)
(6.0 4 5 1 i 9.0 d)
(1 6.0 5 0.0 d 9.0)
(1 i 7 2 4 0.0 5)
(2 5 7 0.0 1 4)
(9.0 6.0 d i 2 0.0 1)
(6.0 9.0 d 7 1 2 0.0 4)
(4 d 5 7 6.0 0.0 9.0 i 1)
(4 1 d 7 2 5 0.0)
(5 1 9.0 4 2 d)
(7 1 4 0.0 2 5 9.0)
(7 1 d 2 9.0)
(d 4 7 i 5)
(2 0.0 7 1 5 6.0 9.0)
(5 4 2 6.0 d 1)
(9.0 1 5 7 4 0.0)
(i 5 1 d 2 9.0)
(1 d 5 4 6.0 2 0.0)
(7 4 9.0 0.0 5 6.0 1)
(1 7 9.0 0.0 d)
(5 6.0 4 i 0.0 7 d)
(0.0 1 i d 9.0 6.0)
(d 0.0 9.0 2 5 4)
(9.0 6.0 d i 1 0.0 5 4)
(7 4 2 6.0 0.0 9.0 i 5)
(d i 4 5 2 6.0)
(5 d 7 9.0 2 4 1 6.0)
(9.0 7 4 1 d 0.0 i)
(i 5 2 7 9.0 0.0 4)
(6.0 4 0.0 5 d 2)
(0.0 2 1 i d 4 7)
(7 1 5 4 6.0 d 0.0 2)
(9.0 6.0 1 2 i 5 7)
(0.0 i 2 7 4 1 6.0)
(9.0 6.0 4 7 2)
(6.0 i 4 d 9.0 2 7)
(9.0 2 i 5 6.0 d 1)
(6.0 7 2 9.0 1)
(4 5 7 0.0 d)
(i 5 4 9.0 2 0.0)
(0.0 9.0 i 1 6.0)
(d 1 9.0 0.0 i 6.0)
(0.0 i 4 6.0 2 1)
(9.0 5 2 0.0 1 4 i 6.0)
(6.0 1 7 2 0.0 9.0 i d)
(9.0 1 5 2 i 7 4)
(d 7 9.0 1 0.0 5 i 2)
(4 1 d 9.0 2 7)
(2 0.0 4 d 5 1 7)
(5 d 4 0.0 1 i)
(0.0 9.0 7 i 4 6.0 2 5)
(1 7 0.0 d 4 i 6.0 2)
(4 6.0 0.0 9.0 i 5 2)
(0.0 1 7 2 d 9.0)
(i 0.0 d 7 6.0 1 4)
(1 7 9.0 0.0 2 5)
(i 1 d 0.0 9.0 5)
(i 2 0.0 4 5 d)
(0.0 6.0 7 4 d 1 5)
(9.0 6.0 0.0 d 7 5 4)
(i 2 1 7 0.0 d 6.0 9.0)
(9.0 0.0 1 2 d 7)
(d 5 2 9.0 7 6.0 1)
(2 0.0 6.0 9.0 4 1 5)
(i 2 d 4 5 6.0 0.0)
(2 5 d i 4)
(i 2 5 1 0.0 4 7)
(5 7 d 2 9.0 i)
(1 i 7 2 9.0 d)
(4 9.0 i 6.0 d 5)
(6.0 0.0 2 5 d 9.0 i 1)
(5 d 2 1 i 0.0 6.0)
(i 2 5 1 6.0 4 0.0)
(1 7 9.0 6.0 5)
(6.0 i 1 d 2 9.0)
(i 1 6.0 d 4 9.0)
(6.0 d 5 0.0 7 2)
(0.0 9.0 i 2 6.0 d 7)
(5 i 9.0 2 4 d 0.0 7)
(0.0 9.0 2 4 i 6.0 d)
(2 1 d 6.0 i 0.0 5 9.0)
(5 2 7 i 6.0 9.0 0.0)
(7 0.0 6.0 9.0 1 4)
(5 9.0 0.0 1 4 6.0 7)
(9.0 4 5 0.0 i 2)
(5 i 6.0 0.0 1 2)
(5 2 9.0 7 0.0 i 1)
(0.0 i 7 d 6.0 4 2 9.0)
(2 9.0 1 d i 0.0)
(4 9.0 0.0 1 d 7 2)
(i 7 2 0.0 6.0 4)
(2 5 6.0 9.0 4 i 7 1)
(1 9.0 i 4 d 0.0)
(d i 5 2 9.0 1 4)
(4 2 7 i d 0.0)
(9.0 1 6.0 0.0 2)
(7 4 5 6.0 d 1 i)
(6.0 i 1 d 4 9.0)
(7 d 2 1 9.0 5 6.0)
(9.0 7 i 4 1 6.0 5)
(7 1 4 0.0 d)
(d i 4 2 9.0 5)
(9.0 7 1 6.0 i 0.0 4)
(2 4 9.0 0.0 5 d)
(5 1 d 6.0 2 4)
(4 5 6.0 1 9.0)
(i 1 2 9.0 6.0 d)
(i 5 4 d 1 9.0 0.0)
(4 1 7 5 6.0 2)
(7 1 d 5 i 6.0 4 9.0)
(4 7 6.0 0.0 9.0 d)
(4 7 9.0 2 i 0.0)
(1 i 5 0.0 4 9.0 6.0 2)
(7 4 6.0 9.0 d 1 i)
(0.0 2 6.0 5 d i)
(6.0 4 d 7 i 1 0.0)
(6.0 5 i 9.0 4 d 2)
(i 6.0 4 2 1)
(4 1 d 7 9.0 6.0 2)
(0.0 6.0 7 d 5 9.0 i)
(0.0 d i 2 1 4)
(2 0.0 1 9.0 4 5 6.0 d)
(1 0.0 2 5 6.0)
(d 1 2 i 9.0 6.0 0.0)
(5 6.0 9.0 i 1 0.0 2 7)
(i 0.0 5 6.0 4 7 d)
(i 7 2 d 1 6.0)
(9.0 0.0 4 2 5 6.0)
(5 6.0 d 7 1 2)
(d 2 5 0.0 7 i 6.0)
(0.0 d 2 i 1 9.0 7)
(1 i 6.0 4 7 2 0.0 9.0)
(2 5 9.0 7 1 4)
(7 6.0 0.0 4 5 i 9.0)
(5 d 9.0 7 i 2)
(i 9.0 0.0 4 6.0 5 2)
(1 9.0 7 d 0.0 4)
(i 1 5 4 2 7)
(7 5 d i 0.0 6.0)
(6.0 2 d 5 i)
(d 6.0 4 i 7)
(6.0 5 2 9.0 0.0 d)
(7 0.0 4 2 1 i 6.0 9.0 d)
(i 6.0 d 9.0 0.0 1 7)
(2 0.0 1 6.0 d 4 i)
(d 9.0 2 1 4 6.0)
(4 d 0.0 2 7)
(6.0 7 i d 1 4)
(1 5 i 7 4 0.0)
(6.0 i 2 0.0 5 7)
(5 1 7 0.0 2 i d 4)
(0.0 5 6.0 1 4 9.0)
(i 7 4 2 0.0 5)
(d i 5 7 2 6.0 0.0)
(i 0.0 4 5 1)
(4 1 5 i 9.0)
(1 7 i 4 6.0)
(7 i 2 d 1 0.0 9.0)
(1 i 7 4 9.0 6.0 0.0 2)
(d 6.0 7 9.0 2 1 i)
(4 i 7 9.0 6.0 1 2 0.0)
(1 4 0.0 i d)
(1 d 2 0.0 9.0 7 i)
(0.0 9.0 6.0 4 1)
(d 7 4 1 i 0.0 6.0)
(0.0 4 7 i d 5)
(4 i 6.0 d 0.0 2 9.0)
(0.0 i 1 6.0 2 4 7)
(0.0 9.0 2 i 5)
(0.0 i 5 4 9.0 6.0 1)
(4 5 7 1 2 d)
(0.0 2 6.0 5 i 7 d)
(9.0 6.0 2 0.0 7 d 5)
(1 5 2 i 0.0 d)
(d i 0.0 5 4 1 2 7 6.0)
(7 6.0 9.0 i 4)
(2 7 0.0 d 1)
(7 1 d 9.0 i 2 0.0)
(0.0 6.0 9.0 5 4 d 1 2)
(5 9.0 4 2 6.0 7 d 0.0 1)
(1 7 2 6.0 4 5 d)
(4 7 1 2 i d 9.0 0.0)
(4 0.0 1 9.0 i)
(i 0.0 4 7 d 9.0)
(d 6.0 2 1 i 5 0.0 7)
(5 1 d 7 4 6.0)
(5 2 7 0.0 i 1 d)
(0.0 5 6.0 i 7 9.0 4)
(1 2 i 0.0 5)
(0.0 i 5 d 4 2)
(5 i 4 0.0 2 7)
(1 d 2 i 6.0 0.0)
(6.0 9.0 4 d 0.0 1 2 5)
(5 9.0 6.0 0.0 4)
(7 6.0 5 4 0.0 d 2)
(0.0 i 4 1 6.0)
(2 4 1 9.0 0.0 7 d)
(i 4 2 1 d 6.0)
(9.0 2 d 0.0 1 5 4)
(0.0 5 6.0 2 7 4)
(7 6.0 4 9.0 5 i d 0.0)
(9.0 5 2 1 6.0)
(i d 6.0 9.0 5 7)
(2 7 1 d 5 6.0)
(9.0 6.0 i 7 2 5 d)
(7 i 4 d 5)
(4 i 1 7 d 0.0 2)
(4 1 7 0.0 6.0 d 2)
(6.0 4 i 9.0 1 7 d)
(d 2 i 0.0 9.0 7 1)
(2 d i 9.0 0.0)
(2 6.0 4 1 7 0.0 5)
(6.0 9.0 d 1 7 4)
(7 0.0 i 6.0 9.0 1)
(1 4 5 2 7 i d)
(7 0.0 d 9.0 2 5)
(9.0 d 5 1 0.0 6.0 i)
(9.0 d 6.0 4 0.0 1 2)
(7 1 0.0 i 9.0 d 4)
(9.0 2 6.0 4 1 i 5)
(4 i 2 7 5 1 6.0)
(d i 2 5)
(i 5 9.0 1 4 7 2)
(d 4 7 9.0 6.0 2 1)
(9.0 6.0 0.0 1 5 i 7)
(0.0 i d 6.0 2 5 4)
(6.0 7 5 1 0.0 9.0 2 d)
(6.0 i 1 0.0 d 4)
(i 2 1 7 5)
(0.0 d 7 5 9.0)
(4 1 6.0 5 7 2)
(4 6.0 9.0 7 1 0.0 d i)
(5 0.0 9.0 4 1 2 i 7)
(6.0 1 9.0 4 d i 0.0 7)
(5 1 i 7 6.0 d)
(5 i d 4 6.0 9.0 7 1 2)
(1 7 5 6.0 i 2 d)
(2 5 6.0 9.0 1 7 i)
(7 i 5 2 0.0 4 1)
(d 7 1 6.0 4 5)
(d 4 6.0 2 0.0 7 5)
(4 7 6.0 5 0.0 d i)
(d 7 0.0 9.0 4)
(7 1 5 i 2 6.0 9.0)
(4 0.0 1 6.0 d 7)
(4 6.0 5 2 1 9.0 d)
(2 4 1 9.0 i 0.0 6.0 d)
(4 6.0 9.0 0.0 2 d 5)
(i 1 4 7 6.0 5)
(4 1 i 0.0 2 d)
(i 9.0 0.0 4 1 7 d)
(0.0 6.0 i 1 4 9.0 d)
(d 2 1 5 0.0 9.0 7)
(5 7 0.0 9.0 d 4 1)
(7 d 6.0 i 2 4)
(4 0.0 1 2 6.0 5)
(5 4 9.0 d 2 0.0)
(7 i 1 4 2 5 9.0)
(9.0 4 1 7 d i 2)
(i 6.0 5 1 4 2 d 0.0)
(6.0 4 i 2 d 7 5 1)
(1 7 5 2 0.0 6.0 i 4)
(0.0 9.0 1 5 4 d 2)
(0.0 4 6.0 1 7 9.0)
(4 6.0 0.0 i 9.0 2 d 1)
(4 i 1 5 0.0 d 7)
(1 d 5 2 9.0 6.0)
(9.0 7 0.0 2 d 4)
(d 1 5 9.0 2 4 0.0)
(d i 5 7 1 0.0)
(9.0 7 1 5 0.0 2 6.0)
(5 7 2 6.0 d 9.0 1)
(4 7 d 2 9.0 6.0)
(4 d 9.0 7 0.0 5 i)
(i 5 1 2 0.0 9.0 d)
(4 d 2 5 7)
(9.0 4 2 d 1 0.0 6.0)
(9.0 d 5 0.0 1 i)
(9.0 2 5 i 7 1 4)
(6.0 4 i 1 0.0 d 9.0 5)
(0.0 i d 5 2 6.0)
(9.0 4 5 1 d 6.0)
(1 2 5 i 4 7 d)
(7 9.0 6.0 i 2)
(5 6.0 i 2 d)
(1 5 9.0 4 7 d i 6.0)
(5 7 d 2 4 0.0)
(i 4 d 6.0 1 0.0)
(i 1 4 6.0 5 d 2 0.0 7)
(9.0 5 7 2 4 6.0)
(1 4 2 d 5 7 6.0)
(9.0 7 5 2)
(1 4 9.0 5 0.0 d)
(6.0 d 4 1 7)
(4 7 i d 9.0 1)
(6.0 1 i 9.0 4 7 5)
(d 2 0.0 7 6.0 1)
(1 0.0 7 i 5 6.0 d)
(2 i 0.0 9.0 d 1 4 6.0)
(0.0 5 i 6.0 7)
(7 4 5 d i 0.0 2)
(d 1 i 0.0 2 6.0)
(0.0 d 9.0 5 2)
(d 5 2 7 1 0.0)
(d 0.0 7 4 5 2 9.0)
(5 2 i d 9.0 4 0.0)
(2 4 i 6.0 1 9.0)
(2 d 9.0 5 4 6.0)
(6.0 2 4 9.0 d 7 i)
(i 5 7 4 d 6.0 0.0 1)
(6.0 d 7 0.0 1 9.0)
(d 4 7 0.0 5 i 9.0)
(1 5 0.0 2 d 7 6.0)
(9.0 6.0 7 d 2 0.0 5)
(7 1 6.0 d 9.0 i 4)
(d i 2 0.0 5 1)
(6.0 4 5 2 d 1 0.0)
(1 9.0 2 5 i)
(2 i 1 5 9.0 d)
(9.0 4 2 1 d 5)
(d 7 4 9.0 1 0.0)
(5 7 9.0 i 2 6.0)
(1 0.0 5 2 d)
(1 7 2 i 6.0)
(0.0 5 6.0 7 d 1)
(i 2 6.0 1 9.0 5 d)
(d 4 i 7 1 0.0 6.0)
(0.0 d i 5 6.0)
(6.0 2 d 5 1 4)
(9.0 d 7 6.0 1 4)
(7 4 9.0 6.0 1 0.0 i d)
(9.0 4 i 1 d 2 7 6.0)
(7 6.0 1 9.0 d 4 2 5)
(4 d 0.0 6.0 7 9.0 1 i)
(7 4 6.0 5 2 d 0.0)
(1 9.0 4 0.0 i 6.0 7)
(1 0.0 4 5 6.0 d)
(9.0 7 d 6.0 0.0 5)
(9.0 1 5 4 d 6.0 0.0)
(i 5 9.0 6.0 4 d 7)
(0.0 6.0 5 d 1)
(0.0 7 6.0 d 1 9.0 2)
(9.0 i 4 d 1 7)
(1 i 5 9.0 6.0 0.0)
(d i 0.0 9.0 1 2)
(5 2 4 d 9.0 6.0 i 1)
(6.0 4 5 9.0 0.0 7 2)
(i 0.0 2 6.0 5 d)
(0.0 2 d 5 4 i 7)
(4 d 0.0 7 1 2)
(7 4 9.0 i 1 d)
(9.0 5 2 0.0 i 4 6.0 7)
(5 6.0 2 7 d 0.0)
(4 0.0 1 5 7)
(7 4 d 1 i 0.0 9.0)
(4 0.0 9.0 7 d)
(5 6.0 4 i 0.0 9.0)
(2 i 0.0 1 7 5)
(i d 2 5 1 0.0 7)
(d 7 i 5 9.0 2)
(1 5 4 d 0.0 2)
(4 5 6.0 d 1 0.0 9.0 7)
(6.0 9.0 2 1 5 i d 0.0)
(6.0 2 5 4)
(5 7 2 4 1 9.0 d)
(1 i d 4 0.0 2)
(2 7 5 4 0.0 6.0 i)
(5 9.0 d 2 4 0.0 1)
(4 5 0.0 6.0 2)
(5 0.0 i 7 d 4 9.0 6.0)
(7 6.0 4 2 d 9.0)
(d i 7 0.0 4 9.0 5)
(i 9.0 0.0 5 4 6.0 7)
(6.0 1 0.0 d 7 2 4)
(5 9.0 d 0.0 i 1)
(2 0.0 4 9.0 d 5)
(9.0 7 6.0 i 2)
(1 i 2 9.0 5 d)
(7 d 5 0.0 6.0 9.0)
(5 1 i 4 0.0 7 6.0 d)
(d i 9.0 7 0.0 2 6.0 5)
(1 4 9.0 5 2)
(9.0 d 4 2 6.0 1 5)
(1 5 d 7 4 i 6.0 2)
(9.0 6.0 4 2 1 i)
(7 9.0 6.0 d 4 2 1)
(7 6.0 0.0 9.0 i 5)
(0.0 5 i 7 2 9.0)
(5 d 2 1 6.0 0.0 7 i)
(7 9.0 1 6.0 2 i 5)
(5 6.0 7 i 1 9.0 d)
(1 4 9.0 6.0 2 i 5 0.0)
(d 2 7 9.0 1 i)
(5 6.0 1 4 9.0 7)
(4 i 6.0 7 9.0 2 1)
(2 1 0.0 9.0 i d 7 5)
(d 6.0 1 7 9.0 4)
(4 0.0 6.0 7 2 d 1 5 9.0)
(7 2 6.0 d 9.0)
(6.0 2 1 0.0 7 4)
(5 6.0 7 d 0.0 9.0 1)
(7 2 5 4 1 0.0 i)
(7 4 d 0.0 2 1 6.0 i)
(0.0 6.0 5 9.0 1 2)
(2 0.0 d 9.0 4 i 6.0)
(0.0 2 5 4 d i)
(4 i 7 0.0 1 d)
(i 5 7 0.0 2 1 6.0)
(5 7 i 1 6.0 d 2)
(4 9.0 6.0 2 0.0 d)
(2 i 6.0 d 4 7 1)
(5 7 0.0 6.0 i d 2)
(9.0 7 0.0 1 4 6.0)
(0.0 1 4 5 6.0 i 7 d 9.0)
(1 d 2 5 4 0.0)
(0.0 6.0 1 9.0 7 5 2 4)
(2 d 4 i 1 7 9.0)
(d i 6.0 1 5 0.0)
(4 0.0 6.0 2 7)
(d i 0.0 4 9.0 5)
(5 0.0 6.0 4 i 2 d 9.0)
(1 i 9.0 4 6.0 2)
(0.0 i d 7 9.0 4)
(0.0 9.0 1 d 4 7 5 i)
(d 4 i 7 1 0.0 5 2 9.0)
(2 d 7 i 0.0 4 1 9.0)
(1 9.0 i 6.0 0.0 7 5)
(9.0 2 7 1 4 6.0 d)
(2 1 6.0 4 7 i 9.0 0.0)
(2 4 5 9.0 6.0 1)
(1 6.0 9.0 7 2 5 i)
(4 9.0 6.0 7 5 0.0 d)
(i 5 6.0 4 0.0 7 1)
(7 4 0.0 5 2 9.0)
(i 1 4 2 d 7)
(d 6.0 2 7 0.0 9.0)
(6.0 d 9.0 1 5)
(i 5 7 6.0 9.0 4)
(7 5 d 6.0 1 4)
(9.0 5 d 1 4 0.0)
(2 i 4 d 5 1)
(4 9.0 d 7 0.0 1 5)
(6.0 2 d 5 0.0)
(7 i 6.0 d 5)
(0.0 i 9.0 d 2 1 6.0)
(6.0 1 d 0.0 9.0 4 7)
(9.0 0.0 6.0 7 i 1 d)
(4 d 6.0 i 0.0 7)
(i d 2 0.0 1 4)
(2 4 5 1 i 0.0 d)
(7 d 4 9.0 1 2 6.0 i)
(d 1 7 0.0 5 9.0)
(i 0.0 7 4 5 6.0 9.0)
(5 2 d 0.0 i 4 6.0)
(1 0.0 d 9.0 4 7 6.0)
(6.0 2 7 5 1 d)
(9.0 4 i 6.0 1 5)
(9.0 0.0 6.0 i 5 4 2)
(6.0 5 7 d 1 i 2 9.0)
(6.0 4 9.0 2 5 d 7)
(7 9.0 i 5 2 0.0)
(4 7 9.0 6.0 d 2 0.0)
(2 5 7 4 0.0 1 d 9.0)
(0.0 1 9.0 4 6.0 7)
(0.0 4 9.0 6.0 d 1 2)
(i d 6.0 1 5 4 7)
(7 9.0 d 4 0.0 i)
(4 5 d 2 9.0 6.0 1)
(7 9.0 4 2 1 d)
(5 7 2 4 1 6.0)
(1 7 4 i 9.0 0.0 2)
(2 5 9.0 6.0 d i 1)
(7 1 6.0 5 9.0 4)
(i 6.0 d 7 0.0 9.0 4)
(0.0 5 4 1 9.0 2 d)
(7 6.0 4 9.0 0.0 i)
(5 0.0 2 4 7 d 1 6.0)
(0.0 4 9.0 5 1)
(9.0 7 0.0 1 2 d)
(5 2 9.0 1 d i 6.0 4)
(d 2 6.0 9.0 1 i 4 0.0)
(6.0 2 4 d i 7)
(9.0 5 7 2 d 4 i)
(9.0 5 6.0 2 4 0.0)
(4 1 6.0 9.0 d 2)
(2 d 1 6.0 5 7 4)
(i 5 1 0.0 7 d)
(5 i 4 1 9.0)
(5 7 i 2 0.0 9.0 6.0)
(9.0 i 1 7 4 0.0)
(6.0 d 0.0 9.0 7 5 4 1)
(0.0 5 6.0 1 i 4)
(7 6.0 1 d 4 9.0)
(6.0 9.0 5 0.0 1 d i)
(i 0.0 6.0 d 1 4)
(i 0.0 1 7 6.0 5)
(0.0 4 i d 5 2 9.0 6.0)
(9.0 7 6.0 0.0 1 d 4 i)
(5 6.0 i 9.0 4 0.0)
(5 i d 0.0 7 4 2)
(4 9.0 0.0 5 2 7)
(9.0 5 4 i 0.0 2 7)
(4 9.0 7 0.0 i 1 d)
(6.0 d 2 0.0 1 7 9.0)
(7 4 1 5 d 9.0 0.0 6.0)
(0.0 6.0 4 9.0 2 d)
(d 6.0 0.0 5 7)
(i 7 4 2 1 6.0 0.0)
(2 6.0 5 4 7 9.0)
(i 0.0 9.0 7 4 6.0 1)
(0.0 i 4 7 d 5)
(1 6.0 7 4 i 5)
(5 6.0 i d 1 0.0 9.0)
(4 i 0.0 6.0 7 2 5)
(7 i 5 1 6.0 4 2 9.0)
(d 5 9.0 2 1 7)
(d 4 i 5 0.0)
(i 5 6.0 4 9.0 1)
(6.0 7 i d 5 9.0 1)
(1 0.0 i 5 d)
(9.0 0.0 d 4 5)
(4 6.0 5 d 0.0 7 2)
(7 2 d 5 i 1)
(9.0 4 i 0.0 5 6.0 d 7)
(6.0 4 7 5 d i 1)
(5 d i 6.0 1 0.0 4 2)
(d 6.0 4 i 1 2)
(d 4 1 5 i 7 6.0 2)
(4 9.0 i 6.0 7 d)
(7 i 2 d 4)
(9.0 1 2 6.0 d 7)
(2 6.0 5 d 9.0)
(4 7 6.0 2 0.0 5)
(i 2 d 5 7 0.0 1)
(5 2 9.0 1 0.0 d 6.0)
(6.0 1 4 d 9.0 i)
(1 4 i 9.0 2 d)
(i 6.0 1 0.0 9.0)
(d 7 2 5 9.0 1 4)
(i 9.0 7 1 d 2)
(d 5 0.0 6.0 4 i 1 7)
(0.0 7 9.0 d 2 6.0 4)
(0.0 5 4 d 1 7 9.0 2)
(i 5 7 1 d)
(5 0.0 6.0 7 i 2 4)
(5 7 1 6.0 d 9.0 0.0 4)
(0.0 i d 6.0 5 1 9.0)
(6.0 0.0 9.0 5 i 2 1)
(2 i 9.0 6.0 4 5 7)
(1 0.0 i d 2)
(0.0 i 2 7 6.0 1)
(i 2 9.0 4 1 5 6.0 d)
(9.0 0.0 4 5 d)
(4 6.0 9.0 d 7)
(4 7 9.0 0.0 d 2 5)
(5 d 1 0.0 6.0 4 2 9.0)
(d i 2 9.0 5 6.0 0.0)
(7 d 1 2 5 9.0 6.0)
(4 2 1 7 0.0 5)
(2 5 7 0.0 6.0 d)
(2 6.0 4 5 7 i)
(5 1 9.0 7 6.0 4)
(6.0 d 4 2 0.0 5)
(d 5 1 7 6.0 0.0 2)
(i d 9.0 0.0 2 5 7)
(5 4 1 i 2 9.0 0.0 7)
(d 9.0 4 1 7 5 0.0)
(7 2 5 i d 0.0)
(6.0 4 1 i 2 d 0.0 5)
(6.0 5 4 1 i 0.0 d)
(7 9.0 1 6.0 4 d)
(1 4 9.0 6.0 i)
(i 6.0 4 1 0.0 5)
(5 9.0 4 i 1 0.0 d)
(i 4 2 0.0 6.0 9.0 1)
(0.0 i 6.0 7 5 d 1 4)
(4 1 2 i 7 d 9.0)
(i 4 6.0 d 7 5)
(4 d 1 0.0 i 5 2 7)
(0.0 6.0 d 9.0 i 4)
(7 0.0 9.0 4 5 6.0)
(5 d 4 0.0 1 7 i 6.0)
(6.0 9.0 i 2 1 7 4)
(i 1 6.0 0.0 9.0)
(4 5 d 0.0 6.0 7 9.0 2)
(i 9.0 0.0 d 6.0 4 2)
(1 9.0 4 6.0 i d)
(6.0 i 2 5 0.0 9.0 4)
(7 d 6.0 1 9.0 5 4 0.0)
(0.0 7 5 2 9.0 d)
(2 9.0 4 7 6.0 d 0.0 1)
(6.0 2 1 5 0.0 9.0 i)
(2 d 7 9.0 5 6.0)
(4 i 7 d 6.0 9.0 0.0)
(7 i d 2 6.0 0.0 4)
(i 6.0 5 4 2 9.0 0.0 d)
(i 6.0 9.0 2 4 1)
(5 4 2 7 9.0 i 0.0 6.0)
(4 0.0 i 5 6.0 d 1 7)
(9.0 d 2 0.0 4 1)
(1 5 d 7)
(d i 1 4 7 6.0 9.0)
(9.0 5 d 7 2 4 1)
(5 d 0.0 9.0 6.0 2)
(9.0 6.0 2 0.0 7 1)
(d 9.0 6.0 1 7 0.0)
(7 1 0.0 i 6.0 5 2 d)
(d 4 9.0 1 i 6.0 0.0)
(7 2 5 6.0 0.0 d i)
(5 4 1 d 9.0 6.0 2)
(0.0 d 1 5 4 2 6.0)
(0.0 i 9.0 7 2 d 4)
(9.0 0.0 5 2 1 i)
(2 1 i 0.0 6.0 9.0 4 d)
(d 5 1 0.0 9.0 6.0)
(2 d 5 6.0 7 4)
(d 6.0 5 7 4)
(6.0 d 1 0.0 7)
(1 9.0 7 d 0.0 i 5)
(i 0.0 6.0 1 9.0 d)
(6.0 d 4 2 9.0 0.0)
(2 7 0.0 1 5 9.0 d)
(7 1 4 i d 2)
(i 9.0 5 0.0 7 1 2)
(i d 0.0 2 1 9.0 6.0)
(0.0 2 d 6.0 5 4)
(0.0 7 i 2 9.0 4 6.0 d)
(d i 1 5)
(5 6.0 1 d 0.0 i)
(4 i d 7 9.0 2)
(1 i 0.0 5 4)
(2 7 4 5 1 9.0)
(i 6.0 0.0 9.0 7 1 2 4)
(d 0.0 4 7 6.0 5 9.0)
(7 1 6.0 5 4 d)
(d 6.0 2 7 4 i)
(2 d 1 7)
(9.0 5 2 0.0 7 i 4)
(2 1 6.0 0.0 5 4 d 9.0)
(1 7 4 9.0 6.0 5 0.0 d)
(2 4 d 0.0 6.0 1 i)
(2 4 0.0 5 6.0 d 7)
(1 4 2 i 5 0.0 7)
(7 1 4 5 6.0 d 0.0)
(5 4 i 1 7 9.0 2)
(6.0 1 5 i 9.0 4 d)
(5 0.0 7 9.0 4 2 i)
(0.0 4 d 9.0 1)
(4 5 7 0.0 d 6.0)
(0.0 i 9.0 6.0 7 d 1)
(5 9.0 6.0 d 0.0 2 7)
(5 0.0 2 1 i)
(6.0 2 i 4 9.0 7 5 0.0)
(4 2 6.0 7 d 5)
(i d 0.0 6.0 1 2 5 9.0)
(d 7 2 1 0.0 9.0 4)
(2 6.0 i 4 5 7 9.0 1 d)
(d 1 4 i 2 5 0.0)
(9.0 6.0 2 5 1)
(9.0 i 2 6.0 0.0 1)
(i d 1 6.0 2 7)
(9.0 4 0.0 i 6.0)
(1 d 4 2)
(9.0 2 6.0 d 0.0 5 i 1)
(1 6.0 d 5 4)
(4 5 0.0 9.0 i 7 1)
(2 i d 4 9.0 6.0 0.0 5)
(i 1 0.0 6.0 4)
(d 6.0 4 1 9.0 5)
(6.0 9.0 7 4 1 5 2)
(1 9.0 d 4 i 0.0 5 7)
(2 9.0 7 1 i)
(1 5 i d 4 6.0 7)
(d 2 7 5 i 1 0.0)
(d 7 1 9.0 5 6.0 0.0 i)
(9.0 5 0.0 2 7 d i)
(0.0 4 6.0 1 2 7)
(2 7 i 1 6.0 4 5)
(5 2 0.0 7 6.0 9.0)
(5 4 d i 1 6.0 7)
(d 7 2 0.0 9.0)
(d 7 i 9.0 4 1)
(9.0 0.0 4 d 1 7 i 2)
(4 9.0 1 2 7 i)
(i d 4 5 6.0 1 2)
(7 4 0.0 6.0 1 9.0)
(4 d 7 0.0 6.0 9.0 i 5)
(5 7 4 i 1 2 d)
(5 6.0 1 9.0 d 0.0)
(4 7 2 5 6.0 d 0.0)
(i 7 1 0.0 d 4)
(d 0.0 4 2 5 9.0 1 i 6.0)
(5 6.0 d 9.0 2 4 7 0.0 1)
(0.0 9.0 6.0 2 d i 7 4)
(6.0 9.0 2 5 0.0 i)
(5 7 1 9.0 6.0 4 d 0.0)
(7 d 2 i 9.0 0.0)
(i 0.0 7 4 9.0 6.0 5)
(9.0 6.0 2 4 5 0.0 i 7)
(1 0.0 4 d 6.0 5)
(6.0 d 1 7 i 5 2 9.0 4)
(0.0 1 7 4 6.0 i d)
(9.0 4 6.0 i 1 2 0.0)
(i 5 4 1 9.0)
(1 9.0 7 2 d 4)
(d 5 7 4 2 0.0)
(i 2 d 7 5 6.0 1)
(2 i 1 0.0 6.0 5 d)
(0.0 2 4 5 1 6.0 7 d 9.0)
(5 6.0 0.0 7 1 d i 2)
(2 1 7 4 0.0)
(i d 0.0 5 6.0 9.0)
(0.0 5 1 9.0 i 2 7)
(2 1 9.0 4 5 d 7 6.0)
(5 i 1 9.0 6.0 4 2)
(6.0 2 d 0.0 7 4 5 1 i)
(4 i 6.0 0.0 7 d 9.0)
(9.0 7 0.0 i 1 2 d 6.0)
(i 5 6.0 9.0 0.0 2 d)
(9.0 5 0.0 4 7 i)
(i 5 4 6.0 7 2)
(9.0 6.0 d 1 0.0 i 4)
(1 0.0 4 i 2 d 5)
(7 0.0 d 6.0 i)
(2 7 5 0.0 6.0 1)
(5 4 0.0 6.0 2 i d 1)
(9.0 7 6.0 i d 4)
(9.0 7 4 2 0.0 1 6.0)
(9.0 5 0.0 1 d 7)
(7 1 6.0 5 d 9.0 2)
(i 4 7 5 d 0.0)
(i 4 7 2 1)
(7 4 i d 5 6.0 2)
(2 6.0 i 1 9.0)
(0.0 1 i 6.0 4)
(5 7 i d 9.0 0.0 4)
(0.0 2 1 6.0 7 5 d)
(4 2 i 0.0 6.0 d)
(5 9.0 2 6.0 4 7 d)
(1 2 d 7 4 5)
(5 2 7 0.0 9.0 4)
(7 4 1 i 2 6.0 9.0 5)
(4 0.0 1 i 9.0 6.0 d 7)
(d 1 2 4 9.0 7 0.0)
(2 6.0 i 0.0 d 4)
(i 7 5 0.0 4 9.0)
(i 4 6.0 2 d)
(0.0 2 7 6.0 5 i)
(5 7 1 0.0 i 6.0 2)
(7 d 0.0 4 5 i 6.0 2 9.0)
(2 5 1 d 0.0 i 6.0)
(i 0.0 7 6.0 4 5 d)
(0.0 7 d i 4 6.0 9.0)
(9.0 i 1 0.0 6.0 5 4 2)
(0.0 d 4 7 i 9.0 5)
(7 0.0 6.0 9.0 1 d 2 4)
(9.0 4 d i 2 5 1 6.0)
(7 2 d 6.0 0.0 i 9.0 5)
(0.0 6.0 d 5 7 9.0 i)
(i 9.0 5 6.0 1 d 0.0)
(1 9.0 6.0 0.0 7)
(7 4 0.0 5 1 6.0)
(4 6.0 7 i 5 9.0)
(6.0 d 5 4 i 2)
(1 2 7 5 6.0)
(1 d 6.0 2 4 0.0 5 7)
(0.0 6.0 5 9.0 i d)
(i 7 2 0.0 6.0 1)
(0.0 9.0 5 2 1 6.0)
(9.0 0.0 2 1 7 4)
(1 4 2 5 7)
(4 i 6.0 9.0 0.0 5)
(7 1 0.0 2 6.0 5 9.0 4)
(6.0 1 i 5 2 9.0)
(1 d 5 i 7 9.0)
(4 0.0 1 9.0 2 6.0 d i)
(d 0.0 9.0 5 1 4)
(d 1 i 7 2 9.0 4)
(0.0 4 9.0 7 1 i 2)
(1 i 5 d 0.0 6.0)
(5 0.0 2 i 4 1 7)
(7 6.0 0.0 5 9.0 d)
(7 6.0 2 9.0 1 0.0 i)
(6.0 0.0 7 4 i)
(5 d 2 0.0 7 1)
(7 9.0 i 2 6.0)
(2 6.0 1 d 0.0 7)
(6.0 i d 4 0.0 9.0)
(6.0 0.0 9.0 1 4 7 i)
(7 0.0 d 9.0 4 2)
(5 4 6.0 d 7 9.0 1)
(2 6.0 9.0 4 d 7)
(1 7 4 0.0 9.0 d i)
(7 d 4 1 9.0 6.0)
(6.0 5 7 d 2 0.0 1 4)
(d i 2 9.0 1 7 0.0)
(5 1 7 d 4 i)
(1 4 0.0 i d 2)
(i d 0.0 5 9.0 7 4)
(4 1 2 5 d)
(2 9.0 7 1 0.0 d i)
(d 4 7 5 1 i 6.0)
(5 7 4 6.0 i)
(1 7 i 4 9.0 d 2)
(5 7 2 d 0.0 1)
(2 6.0 9.0 4 i 5 0.0)
(d 5 2 9.0 6.0 4)
(0.0 6.0 9.0 d 5 i)
(5 4 0.0 7 1 2 9.0)
(1 i 0.0 4 5 9.0 2)
(i 9.0 6.0 0.0 4)
(0.0 7 9.0 6.0 i 1 5)
(6.0 9.0 2 4 1 i 5)
(i d 9.0 6.0 7 5 1)
(d 1 4 0.0 6.0 9.0 5 i)
(9.0 2 0.0 i 1 5)
(2 0.0 i 7 5)
(d i 7 4 6.0 5)
(d 0.0 6.0 9.0 i 5 1)
(5 9.0 6.0 i 7 2 4)
(9.0 2 6.0 5)
(0.0 9.0 i d 4 5 7)
(i 7 4 2 9.0 6.0 5)
(0.0 2 1 4 d 9.0 7)
(6.0 4 9.0 i 5 2 1 7 d)
(i 0.0 9.0 4 7 d 2)
(2 5 4 i 1)
(5 4 9.0 6.0 7 d i)
(5 1 7 2 0.0 i)
(0.0 7 1 d 9.0 4 i)
(e 5 6 8.0 2 3.0)
(5 0 3.0 7 8.0 9.0)
(6 8.0 7 1.0 3.0 e)
(0)
(5 8.0 7 0)
(2 e 6 9.0)
(8.0 1.0 7 0)
(3.0 2 e 0 9.0)
(6 3.0)
()
()
(1.0 9.0 0 5 6 2)
(1.0 5 e 9.0 8.0 7 2)
(e 1.0 0)
(8.0 9.0 7 1.0 0 e 3.0)
(3.0 7 0 9.0)
(5 7 2 1.0)
(3.0 6 5 2 8.0 0)
(6 2 0 3.0 e 8.0 9.0)
(3.0 8.0 7 0 1.0)
(5 6)
(0 3.0 7 2 e)
(6 7 e 1.0)
(7 3.0 9.0 2 6 8.0)
(5 7 8.0 1.0 6 2)
(2)
(3.0 8.0 5 6 9.0 2 0)
(1.0 6 e)
(8.0 7 6 5 3.0)
(8.0 0 3.0)
(7 8.0 e 6 0 3.0 1.0)
(7)
(2 1.0 3.0 0)
(5 9.0 1.0 6 2)
(3.0 5 8.0 1.0 0 e 7)
(2 0 e 1.0 3.0)
(1.0 6 3.0)
(0 1.0 8.0 3.0 e)
(1.0 e 0 5 7 9.0 6)
(3.0 6 5)
()
()
(e 8.0)
(1.0 e 7 0)
(e 2 7 3.0)
(2 7)
(9.0)
(7)
(8.0 1.0 9.0 7 2)
()
(0 e 2 8.0 3.0)
(e 2 3.0 6)
(5 1.0 9.0 8.0 e)
(2 0 9.0)
(0 3.0 2 1.0 5 9.0)
(2 9.0 1.0 6 3.0 e)
(6 e 9.0 5 3.0 7)
(7 5)
(8.0 1.0 6 3.0)
(6)
(6 8.0 5)
()
(9.0)
(5)
(7 9.0 2)
(0 6)
()
(7 6 5 8.0 3.0 0 1.0)
(6 0 5 2 1.0 8.0)
()
(e)
(0 9.0 1.0 2)
(e 7)
(5 8.0 3.0 1.0 7 9.0)
(7 9.0)
(8.0)
()
(6 3.0 e 5 1.0 8.0 0)
(0 1.0 5 3.0)
(2)
(8.0)
(1.0 5 6 7 8.0)
(2 3.0 7 8.0 6)
()
()
(9.0 6)
(7 e)
(7 8.0 9.0)
(5)
(3.0)
(7 6 3.0)
(7 1.0 8.0 0)
(5 e 8.0 7 0 3.0)
(e 0 9.0 2 3.0 6 7)
(9.0 3.0 7)
(1.0 8.0 9.0)
()
(3.0 2 7 6 e 1.0)
(1.0 3.0 6)
(e 9.0 3.0 8.0 0)
(0 3.0 8.0 7 e)
(e 2 3.0 7 8.0)
(6 5 7 3.0 e 9.0)
(7 1.0 6 e 2)
(8.0 0 7 1.0 5 2 6 9.0)
(e 8.0 9.0 6)
(1.0 0 7 8.0 3.0)
(8.0 3.0 0 7 5 2 6 9.0 e)
(9.0)
(8.0)
(e 5 7)
(6 7 1.0 5 0 2)
(e 3.0 9.0)
(8.0 2 3.0 6 e 7)
(e 7)
(1.0)
(6 1.0 8.0 0 9.0 7 2)
(8.0 e 0)
(3.0 0)
(8.0 9.0 1.0 2)
(e 3.0 5 1.0 2 8.0)
(5 6 9.0 2)
(6 3.0)
(9.0 1.0 2 7 8.0)
(7)
()
(e 9.0 3.0 7 6 8.0)
(8.0 7 3.0)
(1.0)
(e 9.0 3.0 0 6 1.0 5)
(5 e 7)
(0 3.0 8.0 e 6)
(6 1.0)
(2 8.0 e 9.0 6)
(8.0 9.0 2 e 0)
(5 2 3.0 6 7)
(7 1.0 3.0 2)
(6 8.0 1.0 3.0 5)
(1.0 6 8.0 9.0 2)
(7 5 e 8.0 9.0)
(9.0 0)
()
(3.0 5 1.0 9.0)
(2 e 0 7)
(6 9.0 1.0 0)
(9.0 0 3.0 e 7 8.0)
()
(8.0 e 0 3.0 2 7)
(1.0 2 9.0 0 8.0)
()
(2 3.0 1.0)
(7 0 3.0 1.0 9.0)
(7)
(9.0 7 1.0 e 0)
(5)
(1.0 3.0 0 8.0 7)
(8.0 1.0 0)
(6 0)
(8.0 2 6 5 3.0)
()
(8.0 6 0 9.0)
(7 1.0 8.0 5 2 6)
(2 6 0 7)
()
(3.0)
(e 0 7)
(6 3.0 9.0 0 e)
(1.0 6 7 5 8.0 9.0)
(6 3.0 2 e 7 1.0 8.0 0)
(3.0 8.0 0 5 e)
(0 2 3.0)
(3.0 0)
(5 1.0 8.0 7 e 3.0)
(6 e 0 2 7 1.0)
(e 6 8.0 7 2)
(3.0 7 2 0 1.0)
()
()
(1.0)
(9.0 5 6 7 8.0 1.0)
(3.0 8.0 9.0 0)
(5 6 1.0 e 2 7 3.0 8.0)
(7 8.0 2 6 3.0 9.0)
(1.0 9.0 e 6 5 3.0)
(1.0 8.0 3.0)
(0 6 9.0 1.0)
(1.0 8.0 6 3.0 5)
(6 9.0 7)
(1.0 6 8.0 0 3.0 7 9.0)
(7 9.0)
(e 2 1.0)
(0 9.0 7 8.0)
(5 6 e)
(e 5 8.0 3.0)
(8.0 1.0 2 5 e)
(1.0 7 9.0 6 2 e)
(6 e 9.0 5 8.0)
(0 1.0 5 3.0 e)
(0 6)
(5 9.0)
()
(9.0 7)
()
(7 5 8.0 1.0 e 3.0)
(8.0 3.0 7 6 5 e 2 9.0)
(9.0 0 1.0 8.0 e)
(8.0 9.0)
()
(1.0 8.0 e 6)
(2 1.0 7)
(6 5)
(1.0 9.0 3.0 7)
()
(7 9.0 2 e)
(5 8.0 6 3.0 1.0 7)
(7 8.0 6 2 0 e)
(1.0 9.0 3.0 5)
(3.0 7 0 2 5)
(0 8.0 2 3.0)
(6)
(3.0 8.0 7)
(9.0)
(2 3.0 0 9.0 e 1.0 8.0 6)
(5 2)
(0 2 7 5)
(3.0 2)
(0 8.0 9.0 2)
(0 1.0 6 8.0 9.0 5 e)
()
(7 2 e 3.0 9.0)
(0 2 e)
(9.0 e 3.0 6 2 0)
(e 1.0 3.0 5 6 0 7)
(2 e 7 9.0 8.0 1.0)
(9.0 8.0)
(7 0 1.0 2 3.0 9.0)
(3.0 5 9.0 1.0 6)
()
(5 6 8.0 3.0 0)
(8.0 e 1.0)
(7)
(0)
(1.0)
(7 8.0)
()
(6 0 1.0 3.0 e 5)
(1.0 3.0 e 6 5 2 9.0)
()
(9.0 8.0 5 0 3.0)
(9.0 5 6 8.0 0)
(2 8.0)
()
(5 6 9.0 e 7 3.0 8.0)
(6 3.0)
()
(5 6 8.0 3.0 2 9.0 e)
(1.0 5)
(9.0 5)
(e 7 0 1.0 9.0 8.0)
(3.0 7)
(1.0 0)
(e 3.0 5 8.0 1.0)
(1.0 8.0 9.0)
(e 3.0 8.0)
()
(9.0 1.0 5 e 7)
(9.0 7 2 e 8.0 6 1.0)
(7)
()
(9.0 5 2 1.0 8.0)
(5)
(8.0 2)
(5)
(1.0 3.0)
(1.0 6)
(5)
(1.0 6 5 7 2)
(2 0)
(5 3.0 8.0 0 1.0)
()
(e 7 8.0 0)
(3.0 9.0 1.0 5 e 2)
(3.0 2 6 e 8.0)
(3.0)
(1.0 e 2 5 3.0)
()
(8.0 2 9.0 e 5)
()
(7 9.0 1.0 8.0 3.0)
(1.0 2 9.0)
(e 6 2 5 7)
(8.0 6 9.0)
(8.0 6)
(3.0 8.0 9.0 6 1.0 e 7)
(9.0 8.0 e 7)
(2)
(e 1.0 7 9.0)
(1.0 9.0 8.0 2 3.0 e 6)
(7 9.0 5 8.0 2 3.0)
(2 7 5 0 8.0 e)
(8.0 6 e 0 1.0 2)
(e 8.0 1.0 2)
(2 0 7 8.0 9.0 6)
(5 9.0 3.0 e 6)
(5 6)
(3.0 9.0 1.0)
(8.0 6 2)
(6 8.0 7)
(9.0)
(8.0 0)
(e 2 7 8.0 6 9.0)
(8.0 7 6)
()
(1.0 6 2 0)
(9.0 2 8.0 1.0 0 3.0)
(0 1.0 6)
(5 9.0 3.0 1.0 2 e 7)
(5 1.0 8.0 2 9.0 e 6)
(5 7 2 1.0 e 0)
(0 1.0 e 6 7 9.0 8.0)
(7 5)
(5)
(7 1.0 6)
(1.0 6 3.0)
(9.0 3.0 2 6)
()
(2)
(9.0 3.0)
(2 8.0 e 9.0 0 5)
(9.0 0)
(0 e)
(3.0 8.0 9.0)
(6 7 e)
(e)
(5 3.0 7 e 9.0)
(3.0)
(9.0 8.0)
(8.0 1.0 0 e 6 7)
(9.0 7 8.0 1.0)
(e 5 8.0 0 6 7)
(6 0 e 8.0 2)
(8.0 3.0 e)
(3.0)
(9.0 5 0 3.0)
(8.0)
(1.0 5 3.0 8.0)
(0 8.0 1.0)
(1.0 0 7 8.0)
(5 0 3.0 9.0)
(7 3.0 e)
(0 3.0 5 7 9.0)
(0 9.0)
()
(7)
(0 6 1.0 9.0 7)
(1.0 0 2 5 9.0)
(9.0)
(5 3.0 0 8.0 2)
(0 1.0)
(8.0)
(2 7 8.0)
(e 9.0 5 8.0 3.0 1.0 2)
(0 e 3.0 7 6)
(5 6 9.0 8.0)
(8.0)
(6 5 0 2 8.0)
(e 2 5 6)
(9.0 8.0 e 6)
(8.0 6 0 2)
(9.0 2)
(3.0 7 8.0 2)
(7 9.0 e)
(9.0 e 3.0 8.0 7)
(6 2 0 e 7 3.0 1.0)
()
(6 e 1.0 3.0 2)
(e 7 5 0)
(6 5)
(7 1.0 2 0 3.0)
(6 7 8.0 9.0)
(e 5)
(6 1.0 5)
(8.0 2 e 9.0 3.0)
(9.0 8.0 3.0 0 6 e)
(7 2 8.0 9.0 0 1.0)
(5 6 2 7 9.0 0 e)
(e 7)
(2 8.0)
(0)
(0 5 6 3.0 7 e)
(2 9.0 8.0 e 3.0 7)
(7 2 e 0)
(6 5 7 1.0 2)
()
(7 5 e)
(9.0 e 5)
(e 1.0 6 9.0 2)
(3.0 7 9.0 6 e 8.0)
(e 1.0 3.0)
(7)
(0 1.0 2 7)
(7)
()
(0 7 2 e 3.0 9.0)
(9.0 7 1.0 5 0 e 8.0)
(0 1.0 e 8.0 2)
(e 7 3.0 6 1.0 2)
(2 5 3.0 1.0 e 7 6)
(3.0)
(6 7 2 0 5 8.0 9.0)
(1.0 5 9.0 8.0 6 e 3.0 2)
(1.0 2 0 5 e)
(8.0 9.0 1.0 e 7)
(1.0 9.0 5 e 6 3.0)
(8.0 6 0 7 9.0 e)
()
(9.0 2 3.0 6 7 0 1.0)
(6 5)
(5 7 6 1.0 e 0)
(6 0 3.0 2 1.0 e)
(0 3.0 e)
(7 3.0 e)
(8.0 5)
(9.0 1.0 5 6 0 e)
(9.0 5 3.0 6 1.0 7)
(7 8.0 0 e 5)
(2 6 7)
(9.0 3.0 8.0 6 0 1.0)
(3.0 5 7 9.0 6 2)
(2 e 8.0 5 7 0)
(3.0)
(9.0 1.0)
()
(2 6 0)
(e)
(8.0 5 0 e)
(2 0 5 9.0 6 8.0 e)
(5 2 7)
()
(e 3.0 7 8.0 9.0 6)
(9.0 2 e 1.0)
(6 3.0 0 5)
(5 9.0 e 2 7)
(7 2)
(3.0 6 5 9.0 8.0)
(0 3.0)
(2 3.0 9.0 5)
(6 3.0 1.0 0)
(8.0 5 6 2 3.0 1.0)
(e 7 3.0 1.0 9.0)
(7 6 2 3.0 5 8.0)
(7 1.0 5 3.0 6 0 9.0)
(8.0 5 2 0 3.0 7)
(6 e 0 3.0 8.0 1.0 7)
(3.0 0 2 e 6)
(1.0 0 2 3.0)
(5 2 e 0 3.0)
(e 6 7 5 1.0)
(e 9.0 8.0)
(9.0 e 2 0 5 3.0 1.0)
(1.0)
(3.0 8.0 9.0 7 6)
(8.0 0 e)
(7 2 0 8.0 9.0)
(5 8.0 9.0 3.0 1.0)
(2 5 9.0 3.0)
(7 9.0 8.0 e 6 2 1.0 0)
(3.0 6 2)
(6 1.0)
(1.0 8.0)
(9.0 5 8.0 3.0 e 7)
(1.0)
(3.0 2 0 1.0 e)
(3.0 6 2)
(1.0 3.0 6 8.0 2 7)
(1.0 7 6 5 e 8.0)
(2 6 1.0 3.0 0)
(7 3.0 6)
(3.0 0 1.0 7 5 9.0)
(6 8.0 7 3.0 0 1.0)
(8.0)
(1.0 7 2 0 e 5)
(7 0 8.0 6 3.0 e)
()
(5 2 1.0 6 8.0)
(6)
(8.0 2 1.0 9.0 3.0 7)
(9.0 5 3.0 7 2)
()
(e 3.0)
(5)
(3.0 2 5 6)
(8.0 9.0)
(8.0 e 1.0 7 6)
(e 6 7)
(2 6 1.0 e 8.0 3.0 5)
(1.0 3.0)
(5 9.0 6 7 8.0)
(2 8.0 1.0 3.0 7 6 0)
(5 6 3.0)
(3.0 6 5)
(7 e 0 3.0 2 6)
(2 8.0 3.0 e 7 9.0 1.0)
(2 9.0)
(3.0 9.0 5 0 e 8.0 6 2)
(0 1.0 3.0 9.0 8.0 2 7)
()
()
(e 6)
(0 8.0 9.0)
(9.0 7)
(3.0 2 e 5)
(7 e 5 2 8.0)
()
(0 3.0 2)
(3.0)
(6 7 0 5 8.0 3.0)
()
(6)
(1.0 5 9.0)
(3.0 2 5 0 e)
(2 e 6 5 0 7)
(5 e 7 0)
(1.0 e 8.0 0)
(9.0)
(8.0 0 e)
(1.0)
(6 2 0 7 3.0)
(9.0 2)
(6 3.0 0 1.0)
(7 3.0 5 8.0)
(3.0 2 8.0 6 9.0 5)
(7 8.0)
(2 3.0 8.0 7 9.0 0)
(e 6 9.0 3.0)
()
(6 5 3.0 8.0 0 7)
(8.0 0 7 3.0 9.0)
(7 5 3.0 2 9.0 8.0 6)
(3.0 2 e)
(7 6 8.0 9.0 1.0 0)
(7 5 9.0 6 0)
(9.0 0 5 e 2 8.0)
(1.0 7 6 8.0 e)
(e 2 7 5 1.0 6 3.0)
(6 8.0 3.0 9.0 e 5)
(2 0 7 8.0 e 9.0)
(6 7 e)
(1.0)
(e 5)
(9.0 0 5 2 7 e)
(9.0 6 2)
(9.0 0 8.0 5 7 1.0)
(8.0 5 9.0 2 3.0 1.0)
(8.0)
(6 2 0 e 5 1.0)
(1.0 6 0 5 2)
(2 0)
(5)
(2 8.0 3.0 7 0 e)
(7 e 9.0)
(e)
(e 0 2 9.0 3.0 1.0)
(5 0)
(1.0 6 8.0 0 3.0 9.0)
(0 7 3.0 2 6 8.0 1.0)
()
(5 8.0 7 6)
(6 7 0 9.0 e)
(3.0 8.0 0 5 2 9.0)
()
(7 e 6 0)
(8.0)
(2 3.0 e 9.0)
(2 7 1.0 3.0)
(5 7 3.0 0 e 2)
(8.0 6 2 5)
(5)
(1.0 5 e 6 7)
(0 7 6 5)
(7 0 8.0)
(0 7 8.0 6 1.0)
(7 9.0 2 e 0)
(8.0 7 0 6 1.0 3.0 e 5)
(6 5 2 3.0)
()
(3.0 e 1.0 6 5)
(8.0 1.0 3.0 5 e 6)
(8.0 9.0 7 5 1.0 e 2 6 0)
(0 7)
(1.0 6 0 e 2 8.0 3.0)
()
(2 0 3.0 7)
(3.0 5 0 1.0 9.0 6 2 8.0)
(6 3.0 7 1.0)
()
(3.0 9.0 6 5 7 1.0)
(5)
(2 8.0 9.0 e)
(8.0 6 e 0 5 9.0)
(3.0 2 0 9.0 6 e 1.0)
(7 6 1.0 5 2 9.0)
(9.0 e 1.0 6 7)
(3.0 9.0 e 2 7 6 5)
(9.0 7 6 3.0 1.0 8.0)
(1.0 9.0 8.0 6)
(2 e 7 1.0)
(1.0 2 5 0)
(2 6 8.0)
(3.0)
()
(9.0 e 3.0 7)
(3.0 5 e 2 9.0 7 8.0)
()
()
(7 6)
(9.0 e)
(9.0 e 7 5 1.0)
(7 1.0 6)
(9.0 8.0 7 3.0 6 2 5)
(6 3.0)
(5 2 1.0 6)
(2)
(e 1.0)
(1.0 8.0 5 0 9.0)
(9.0 1.0 3.0 e 2 5)
()
(0 e 5 1.0 9.0)
(5 3.0 0 6 2 8.0 7)
(6 5 9.0 1.0 8.0)
(6 5 8.0 e 9.0 7)
(1.0)
(0)
(1.0 5 7)
(1.0 5 7)
(1.0 6 9.0 2 0)
()
(2)
(5 0 8.0 e 3.0 2 7)
(e)
(e 1.0 7 6 0)
(2 3.0 8.0 e)
(0 5 7 2)
(0 7 9.0 5 3.0)
(6 0 9.0 7 2)
(9.0 8.0 1.0)
(9.0 e 8.0 0 5 1.0)
(1.0 5 e 2)
(0 7 1.0 8.0 6)
(5 9.0 3.0 1.0)
(3.0 e 6 1.0 8.0 5 7)
(9.0 3.0 6 8.0 5)
(e 9.0 1.0 2 8.0 5 3.0)
(6)
(9.0 8.0)
(1.0 2 6 9.0)
()
(8.0 5 1.0 2 7)
(2)
(3.0 e 0 9.0 5)
(0 9.0 7 3.0 8.0 e)
(e 1.0 3.0)
(6 9.0 1.0 3.0 2)
(5 7 0 9.0 6)
(5 0 9.0 6)
(1.0 8.0 3.0 0 5 9.0)
(6 2)
(3.0 6)
(6)
(0)
(5)
(3.0)
(8.0 e 0)
()
(6 1.0 e 5)
()
(9.0 7 5 0 2)
(7)
(e 6)
(e 9.0)
(1.0 8.0 7 9.0)
()
()
(1.0 2 8.0 3.0)
(0 6 8.0 3.0)
(5)
()
(0 3.0 9.0 8.0)
(1.0 3.0 8.0 7 9.0 0 2)
(7 9.0 6 2 1.0)
(e 1.0 7 3.0)
(8.0 e)
(8.0)
(e 3.0 1.0 5 0 2)
(1.0 3.0 5 2)
(5 2 0 1.0)
(5 3.0 1.0 2 8.0 e 7 9.0)
(7)
(8.0 0 2)
()
(0 5 3.0 2 7 e)
(7 5 2 6 e 0)
(8.0 2 1.0 3.0 e)
(5 6 8.0 3.0 7)
(0 2)
(0 3.0 2 1.0 6 5)
(5 6 0)
(1.0 0 7 5 6)
(1.0 9.0 0 8.0 7)
(0 7 9.0 3.0 1.0 e 6)
(0 8.0 e)
(8.0 e 7)
(8.0 3.0 7 0 5 2)
(7 8.0 0 5 1.0)
(3.0 e 5 2 7)
()
(7 2 8.0)
(3.0 e 6 1.0 8.0 9.0 7 5)
(5 2 e 8.0)
(3.0)
(0 8.0 5 1.0 3.0 2)
(9.0)
(5 0 7 6 e 3.0 1.0 2)
(0 9.0 e 8.0)
(3.0 7)
(1.0 9.0 e 3.0 5 8.0)
(6 e 5 0 2 7)
(e)
(6 0 7)
(5 1.0 e 7 2 6)
(0)
(6 9.0 0 1.0 2 8.0 e)
(3.0 7 2 e 9.0 8.0)
(3.0 0 9.0)
(5 0 6 8.0 2)
(7 1.0 9.0 5 8.0)
(0 8.0 2)
(8.0 5 1.0)
(5 9.0 1.0 7)
(9.0 e 8.0)
(9.0 6 e)
(3.0 1.0 5 6)
(1.0 5 e 7)
(7 e 9.0 1.0 2 5)
(1.0 e)
(1.0 2 6 9.0 8.0 5)
(0 9.0)
(5 2 0 1.0 8.0 3.0)
(2 6)
(e 0 3.0 7 2)
(9.0 2 8.0 3.0 1.0 0 7 6)
(0 5 8.0 1.0)
(3.0)
(1.0 2 3.0 8.0)
(8.0 0 9.0 6 1.0 3.0)
(6 7 8.0)
(9.0 8.0 5)
(3.0 7)
(5 9.0)
(3.0)
(e 7 0 6)
(1.0 9.0 e 8.0)
()
(5 2 0 7 1.0)
(2 0 3.0 1.0)
(5 8.0)
(e 7 9.0 3.0 5 6)
(7 8.0 0)
(6 3.0 1.0 0 5 9.0)
(e 9.0)
()
(5 e)
(8.0 5 3.0 7 9.0 0 2)
(e 9.0)
(2 0 6 1.0 3.0 e)
(7 e 9.0 2)
()
()
(1.0 7 9.0 6 3.0 8.0)
(6 9.0 7 3.0)
(7 8.0 3.0 2 9.0)
(5 e 8.0)
(5 2 7 9.0)
(e)
(6 5 0)
(5 2 1.0 8.0 e)
(8.0 3.0 0 5)
(3.0)
(7)
(0 8.0)
()
(9.0 e 1.0)
(7 8.0 9.0 2)
(0 5)
()
(5 3.0)
(0 1.0 2)
(6 1.0 2 8.0 9.0)
(2 0 e 3.0)
(7 e 5 3.0 2)
(2 1.0 5)
(9.0 1.0 0 3.0 2)
(7 6 3.0 0 8.0 5)
(2 9.0 7 8.0 6 0 1.0)
(7)
(7 6 2 1.0 8.0 5 0)
(3.0 1.0 e)
(6 8.0 7 9.0)
(8.0 6 7 9.0 2 0)
(8.0 1.0 9.0)
(7 e 9.0 2)
(0)
(7 2 5 3.0 8.0 0)
(6 e 1.0 0 2)
(2 e 1.0 3.0 6 7)
(e 8.0 7 5)
(e 2 1.0 7 3.0 5 6)
(2 0 7 1.0 9.0)
(3.0 e 7 6)
(e 5 9.0)
(7 e 6 9.0 0 5)
(3.0 2 6 e)
(e 7 1.0 0 3.0 5)
(1.0 6 0)
(7 3.0 2 0 1.0)
(8.0 5 6 1.0 0)
(9.0 8.0 6 5)
(9.0 1.0)
()
(7 2 3.0 0 8.0 5 1.0)
(1.0 6 e 0)
(e 5)
(e 6 9.0 1.0 8.0)
(1.0 3.0 2 e 6)
(3.0 e 0)
(e 0 8.0)
(2 e 6 3.0 0 8.0 7)
(2 6 8.0 e 3.0 7)
(6 5 1.0 7 3.0 0)
(7 2 9.0 1.0 0 5)
(0 6 3.0 8.0)
(5 3.0)
(3.0 e 6 1.0)
()
(5)
()
(8.0 2 6)
(5 6 7 3.0 e 9.0 8.0 1.0)
(6 1.0)
(3.0 6 e 1.0 9.0 0)
(9.0)
(7 9.0)
(6 9.0 1.0 0 5)
(e 5 7 1.0 6)
(6 7 0)
(2 6 9.0)
()
(1.0 e 2 0 7 8.0 5)
(0 7 8.0 e 9.0 3.0 2)
(2)
(2 6 8.0 0 7 e 1.0 5)
(1.0 3.0 0 9.0 6)
(6 7 0 3.0)
(7 0 9.0 1.0 5)
(0 2 9.0 5 3.0 e)
(e 9.0 1.0 6 8.0 2 3.0)
(5)
(2 0 9.0 8.0 3.0 6)
(0 1.0 6 3.0 e 5)
()
(2 1.0 6 3.0 8.0)
(3.0 5 0 2 8.0 e 6 9.0)
(1.0 2 e 3.0 6 7)
(0 9.0 7 5 6 8.0 2)
(0 e 1.0 8.0)
(3.0 1.0 e 5 6)
(3.0 2 5 9.0)
(1.0 e 0 5 8.0 6)
(5 7 e 2 6 9.0 1.0)
(3.0)
()
(e 5 3.0 6)
(1.0 3.0 5)
(5 2 3.0 9.0 e 0)
(3.0)
(e 9.0 1.0 7 5 8.0)
(6 8.0 7 3.0 e 2)
(2 9.0 3.0 0 e 7)
(7 6 9.0 1.0 3.0)
(6 7 e)
(6 7)
(5 0 9.0 7 e 2)
(0 6 3.0 8.0 2 9.0 7)
(2 9.0)
(0 e)
(e 1.0 2 7 8.0 9.0 0)
(7 5 0 2 3.0 9.0)
(9.0 0 8.0 7)
(3.0 5)
()
(6 3.0 5 0 8.0)
()
(7 3.0)
(8.0 e 1.0 3.0 9.0)
(6 0)
(0 7 9.0 e 3.0)
(6 3.0 2 1.0 9.0 5 7)
(9.0 2 1.0 7 8.0)
(3.0 5 7)
()
()
(0)
(5 9.0 6)
()
(3.0 0)
()
()
(7 9.0 5 8.0)
(e 6 1.0)
(5 6 1.0)
(5 3.0)
(6)
(5)
()
(1.0)
(9.0 5 e 3.0 8.0 1.0)
(e 5)
(8.0 1.0 7)
(0 e)
(3.0 2)
(1.0 8.0)
(8.0 e)
(5 2 e 1.0 9.0)
(1.0 7 3.0)
(6 0 7 5)
(1.0)
()
(9.0 5)
(5 6 7 2 1.0)
(7 e 3.0 8.0 2 6 9.0)
(9.0 e 5 8.0 7 3.0)
(1.0 9.0 2 3.0 8.0 5)
(6 2 1.0)
(8.0 5 3.0 1.0)
(5 7)
(5 7 6 3.0 0 2)
(e 0 1.0 2 5 9.0)
(5 7)
(e)
(7 3.0 1.0)
(e 6)
(0 8.0 6 1.0 e)
(0 2 e 7 3.0 6 9.0)
(2 7 9.0 3.0)
(5 e 7 9.0 1.0 6 8.0)
(8.0 2 e)
()
(7 9.0 3.0 2 8.0 5)
(e 3.0 9.0)
(1.0)
(3.0 0 7 6 2)
(0 e)
(3.0 9.0)
(9.0 2 8.0 1.0)
(1.0 6 2)
(8.0 5)
(9.0)
(7 1.0 8.0 0 3.0)
(6 7 5 1.0 3.0 0)
(2 9.0 3.0 6 0 7)
(9.0 6 1.0 2 3.0)
(7 e 5 8.0 3.0 1.0 2)
(8.0 3.0 5 6)
(7)
(0 9.0 2 1.0 7 3.0 8.0)
(5 9.0)
(8.0 6 e 3.0)
(8.0 5 9.0 7 2 e)
(e 1.0)
(e 2 7 3.0 1.0 6 9.0)
(0 1.0)
(8.0 2 5 7)
(9.0 0)
(5 e 7 6 9.0)
(7 1.0)
()
(e 6 5 2 9.0 7)
(9.0 6 5 7 8.0 e 3.0)
()
(8.0 2 6 0 3.0)
(0 2 1.0)
(e 7 9.0 6 3.0 0)
(5 2 8.0 3.0 e)
()
(e 2 7 9.0 5)
()
(2)
(2 1.0)
(8.0 e 1.0 2 5 9.0)
(5)
(h (h 9 0 8 4) (4 9 2.0 0) (6.0 3.0 0 4 9) (8 3.0 4 2.0) 1)
(3.0)
((5 9 2.0 h) 4 (9 8 5 0) (8 1 4 h 0) 0)
((0 6.0 8) (4 3.0) (5 3.0 h))
((5 h 2.0 1 3.0) 2.0 (1 2.0 0 6.0 3.0 h) (4 3.0 2.0 8 9 5 6.0) (2.0 5 9 h 1 4) 6.0 5 8 (4 8 0 1 3.0 6.0 9 h))
(h)
((9 4 6.0 1) 3.0 h (1 5 2.0 0 h 3.0) 9 8 (5 2.0 8 h 6.0 4))
(2.0 (9 3.0 8 h) 6.0 (6.0 5 9 1))
(4)
((3.0 4 5) 2.0 6.0)
((3.0 8 6.0 1) (1 0 6.0 8 3.0 4 9) 8 3.0 (6.0 5 9 0 1 4 2.0) 5 (5 0 9 2.0 1 3.0 h) (0 4 9 8 3.0 6.0) (h 6.0 2.0 8 1 3.0))
((h 0 1 5 6.0 2.0 9) (6.0 9 2.0 8 0) 3.0 6.0 4 (6.0 9 4 2.0 h 1 0))
(6.0 (9 6.0 4 h 1 0 2.0) 4 (6.0 3.0 h 0) 0 (6.0 3.0 4 8 9 1) (5 8 h 4))
(0 4 (8 3.0 5 h 9 1) (8 3.0 2.0 4 1 9) (8 1 0 h 9 4) (2.0 8 0 4 h 9) (1 6.0 2.0 0 3.0 4 h) (8 6.0 5 4 2.0 3.0 1 h) (h 8 0 3.0 4 6.0 2.0 9))
((h 8 4 0 3.0 5 6.0) (5 1 4 2.0) (8 0 2.0 h 5) 1 h 2.0)
((4 3.0 2.0 h 5) (1 5 0 6.0 h 3.0) (6.0 4 8 9 2.0) 0 (4 h 5 6.0 1) (8 1 6.0 9 5))
(6.0 3.0 (8 3.0 9 4 2.0) 5 (0 5 2.0 1 h 9) (6.0 8 9 3.0 1) (1 8 0 5 3.0 9))
(9 4 1 (0 9 1 2.0 8 5) (4 5 9 1 0 6.0) 3.0 (2.0 6.0 3.0 0 h 1))
((9))
(1 (9 1 6.0 8 2.0 5) (4 2.0 9) 6.0 h (1 h 3.0 8 9))
((9 5 3.0 0 h 1 6.0) h (2.0 3.0 6.0 8 1) 5 8 9 (6.0 3.0 1 8 0 h 9) (2.0 h 0 5 8) 2.0)
((2.0 4 3.0) (9 2.0 6.0 8 0) (5 3.0 6.0 8 0 1) h 8 6.0)
((3.0 6.0 8 2.0) 6.0 5)
((4 h 8 6.0 0) (8 2.0 5 4) 0 (2.0 h 1 3.0 9 0) 9)
(9 (9 4 3.0 h 8 5 6.0 0) 8 1 2.0 (2.0 0 5 9 8 6.0 1) (8 4 6.0 3.0 2.0 0 1))
((4 5 6.0 2.0 0 3.0 8) 3.0 (4 h 9 5 1 8) 1 (9 1 4 8 h 3.0) 8 (5 3.0 6.0 0 1) (3.0 2.0 h 5 8 0 6.0 4) (0 6.0 5 4 8) 6.0)
(2.0 (3.0 h 4 1 8) h 1 4)
((h 6.0) 5)
()
((0 8 9) (3.0 0 h) (3.0 4))
(5 (8 h 1) (h 9 0))
((9 5 3.0 h 1 6.0) 8 2.0 (h 5 0 6.0 3.0 2.0) 0 5 (8 6.0 0 4 5 h) (3.0 5 1 2.0 0 6.0 h 8))
((1 3.0) (3.0 9 1) (4 5 6.0))
(4 (h 3.0 5 0) (5 0 6.0 9 2.0) h 6.0 9)
((1))
(h (5 8 9 0) (1 3.0 h) 5 6.0)
(6.0)
((2.0 5 1 h 0 9) 2.0 (1 9 3.0 4) (4 3.0 5 2.0 9 1) (9 0 6.0 8) (5 4 h 2.0 9 6.0) (4 h 6.0 0 9))
(0 (6.0 1 9 5) (3.0 6.0 1 9 8) (9 1) 8)
((4 1 2.0 h 8) (6.0 9 8 2.0 3.0 h 1) 3.0 4 6.0 (6.0 8 3.0 2.0 1) 5 (0 2.0 h 8 1 5) 8)
()
((1 9 3.0 5 8 h 6.0 4) (0 5 9 1 4 2.0) (5 8 3.0 h 1 2.0) (0 8 3.0 2.0 h 5 6.0) (2.0 4 6.0 5 3.0 9 h) 3.0 4 0 (3.0 8 0 6.0) 2.0)
((4 9 1 3.0 5 h 0) (1 6.0 9 3.0 0 4) 5 8 6.0 (3.0 h 6.0 2.0 4 8) (8 5 h 0 6.0 2.0 3.0) (8 6.0 h 5 0) 4)
(h 1 6.0 (5 6.0 4 2.0) (h 5 6.0 0 4 9 1) 4 2.0 3.0 (h 0 9 6.0 1 5 3.0))
()
((3.0 9 1 h 4 5) (0 9 5 2.0 1 6.0) (5 h 4 8 2.0 9) (1 0 8 3.0 5 4 2.0) (8 0 6.0 3.0 1 5) (2.0 4 1 9 8 h 3.0) (0 h 5 1 9 6.0) 9 0)
(h 9 3.0 (0 5 3.0 6.0 4 9) (6.0 1 0 9 4 5) 4 (2.0 h 8 4 1 0) 0)
()
(0 (3.0 8 2.0 4 9 5) (0 6.0 5 8 2.0) 8 9 6.0 (8 5 1 2.0 4 h 0) 4)
((2.0 5 9 6.0 0) 5 (h 5 8 1) (8 6.0 4 5 0) 3.0)
(1 4 5 0 2.0 9)
(3.0 4)
((h 0 4 5 9) (3.0 9 5 h 4 2.0) 9 8 (8 0 9 3.0 1 6.0) (h 1 4 2.0 9 0 8) (8 1 6.0 4 3.0))
((2.0 4) (8 4))
((0))
((1))
((9 2.0 0 6.0 h) 5 3.0 1 (1 5 3.0 9) (h 4 2.0 0 8) (0 9 8 2.0 3.0))
(8 (2.0 6.0 4 9 0 3.0) 0 (1 0 4 9 h 8) 1 3.0 6.0)
(9 (6.0 5 9 h) 6.0 8)
()
(6.0 (9 5 6.0 8 4 1) (6.0 4 8 2.0) (6.0 5 4 9 h 1) (2.0 5 8 9 1 6.0 4) 2.0 (0 2.0 3.0 h 4 1 5) (6.0 3.0 1 8 5 0 4) (5 4 3.0 2.0 9 1))
((4))
(9)
()
()
((0 3.0) 9)
((5 3.0 4 h 9) 3.0 8 (8 3.0 h 5 9 2.0 0 4) (5 h 3.0 0 1 6.0 9) 6.0 (1 6.0 h 5) 2.0 1 (5 6.0 8 0 9 4 2.0 1))
((4 3.0 8 1 9 2.0 0) 8 (1 6.0 0 3.0 4 2.0) (0 1 3.0 9) (h 4 3.0 1 9) 0 9 (0 4 1 h 9 8 2.0 5))
()
(6.0 9 (8 6.0 5 0 2.0) 1 4)
()
(3.0)
((3.0 0 1 2.0 8 9 h) 1 (4 h 8 2.0 1 5) 5 (8 9 2.0 6.0 0 5) 2.0 (6.0 4 9 2.0) (8 h 9 4 0))
(9 5 (0 5 3.0 h) 3.0)
(6.0 (9 8 3.0) 4 (4 3.0 6.0))
(5 0 8)
(6.0 (h 2.0 9) 9 (6.0 1 0 2.0 5))
(1)
(5 6.0 (2.0))
(5 (h 4))
(9 5 (6.0 4 9 5))
(3.0 (1 h))
((h 4 2.0 0 9 8 1) 1 (9 h 6.0 2.0) (h 4 1 9 0 6.0 3.0) 6.0 (5 0 6.0 8 1) h (0 6.0 h 9 2.0 8 3.0))
(2.0 6.0 (0 8 9))
(8 (8 9 2.0 1 5 3.0) h 2.0 (1 8 6.0 4 0 3.0 5) (9 0 8 3.0 2.0) 4)
((8 9 2.0 6.0 0 3.0 4) (h 2.0 5 4 1 8 0 9) (3.0 0 5 1 4) 8 1 (4 5 6.0 1 8 0) (h 6.0 2.0 0 4 9))
((1 3.0 9 4) (2.0 8 4) 2.0 3.0)
(8 1 (9 4 8 6.0 3.0) 0 (h 3.0 9 1))
(8 (h 2.0 4 9 0 8) 3.0 (4 3.0 2.0 0) 2.0 (4 6.0 9 1 3.0))
((1 9 6.0 0 8 2.0 h) 1 (4 3.0 2.0 8 9) (5 2.0 6.0 8 h) 9 (4 6.0 2.0 0 9) (5 4 3.0 0 9 8 1 h) h (0 8 1 3.0 h 9))
((1 5 h) (3.0 6.0 4) (3.0 2.0 1))
(6.0 (h 3.0 1 0 9) (0 3.0 1 8 5 h) h 2.0 9 (2.0 0 8 4 6.0) 1)
((4 2.0 9 5 6.0 0 8) 2.0 6.0 0)
((6.0 8 5 0 4 2.0 3.0) (6.0 4 9 2.0 8) 5 (3.0 8 h 0 1 9) (2.0 5 3.0 4 8 h 1) (1 5 2.0 8 6.0 h) (5 h 1 8 0 2.0) (9 8 2.0 6.0 1 5 0))
((6.0 0) (6.0 1))
(9 (1 5 3.0 h 8) (1 3.0 6.0) (3.0 9 5 1 6.0) 2.0)
((1 5 2.0) (6.0 8 h) 1)
(5 6.0 (6.0 2.0 4 1 0 9) 3.0 (4 3.0 6.0 2.0 1 h 0 5) (1 9 2.0 6.0 8) 8 (1 4 3.0 0 9 6.0 5))
((5 9 8 0 4 h) 6.0 (9 8 4 5 6.0 h) 1 2.0 (1 5 9 3.0 6.0 4 8) h)
((5 9 0 4) (3.0 2.0 9 5 1 0 h) 6.0 5 9 (6.0 2.0 3.0 0 4 5) (0 2.0 3.0 h 6.0 9) (h 8 5 4 2.0 0))
(2.0 (5 3.0))
((5 h 1 8 9 0) (3.0 0 4 6.0 1 5 8) 6.0 3.0 (h 9 6.0 5 4 3.0))
((3.0))
((9 1 0) (1 6.0 0 3.0) 9 5)
((8 9) (2.0 0) 2.0)
(h (6.0 h 3.0 1 0 5 2.0) 2.0 6.0 5 3.0 (3.0 1 9 4 0 h 5 6.0) 1)
(9 3.0 (6.0 0 3.0 2.0 8) (0 9 h 2.0 4) h 2.0 5 (h 8 3.0 1 0 4))
(4)
()
(h 2.0 (2.0 6.0 4 3.0 0 h) 8 3.0 1 (5 3.0 1 4 8 0))
(8 5 h 4 1 (3.0 4 1 9 0) (6.0 9 5 8 1))
()
(9 6.0 4 5)
((8 0 2.0) (2.0 5 0) 4)
(4 8 3.0 (4 0 5 1) (4 1 2.0))
(4 h 9 3.0 (3.0 5 1 6.0 8 h) (4 1 6.0 9 5) 0 (6.0 h 8 0 2.0 1 9 5) (2.0 9 3.0 6.0 0 h 5) 2.0)
(4 (0 3.0 1 6.0 2.0 9) (9 1 4 2.0 h 0 3.0) 8 2.0 (h 4 5 1 6.0 2.0) 5)
(9 (h 0))
(4 6.0 5 (6.0 2.0 8 9 4 0) 0 (3.0 4 9 5 h 6.0) 2.0 9)
((6.0 5) 8)
((1 4 5 9 8) (2.0 h 0 3.0 4 8) 3.0 1 8 (h 4 5 9 8))
(4)
((0 1 5 h 6.0 8 2.0) (h 8 0 9 5 4 3.0 2.0) (3.0 0 h 9 4 2.0) 2.0 9 0 6.0 (3.0 h 0 6.0))
(4 1 (5 h 3.0 9) (8 1 h 3.0 5 9) (5 6.0 3.0 h 1) (1 5 6.0 2.0 8 0) 0 (1 8 0 4 2.0))
((h 9) 2.0 h)
()
((0 8 2.0 3.0 5 h 4 9) (5 2.0 0 h) (5 3.0 6.0 h) (0 6.0 9 1 8 4) (5 1 3.0 6.0 8 2.0) (0 8 4 2.0 h) (6.0 9 1 h 8 3.0 5) 6.0 9)
((3.0 h) (9))
((6.0 5 9 4 1) (8 h 2.0 0 3.0) (3.0 1 5 6.0 8 4) (h 4 8 2.0 0) 8 (8 2.0 4 h 0 5))
((6.0 9 h 2.0) 1 (3.0 1 5 h) 6.0)
((9 5) 1)
(9)
((0 5 6.0 1 4 9) 9 (9 4 8 6.0 h 2.0) 5 4 (6.0 5 2.0 1 3.0) (3.0 h 4 2.0 0 1 8) (0 2.0 1 9 5 6.0))
((4 0 3.0 2.0 h) (9 0 5 3.0 1 h) (0 8 4 2.0 1 9) 9 6.0 2.0 (9 5 4 1))
(h (3.0 9 1 4 0 2.0 6.0) (4 h 5 6.0 9) (1 0 3.0 8) (5 0 h 4 2.0) 3.0 8)
()
((0 9 1) h 9)
((9))
(h 0 5)
(2.0 h (1 2.0 4 5) 8 (0 9 1 h 5))
(0 (6.0 8 0) 8 6.0)
(1 5 4 (0 1 6.0 4) (9 3.0 1 h 0))
(3.0 4 2.0 (1 3.0 6.0 h) (h 0 3.0 6.0))
((9) (8 h))
((3.0 0 h 8 1 6.0) (8 h 2.0 5 3.0) (1 0 h 4) 9 (6.0 0 h))
()
(6.0 (0 9 5) 9 3.0)
()
(4 (8 h 9 0 5) 5 (3.0 h 1 4 0 9 6.0 8) (4 1 8 9 h 6.0) (8 9 3.0 2.0 1) (2.0 8 4 1 0 9 5 3.0) (6.0 5 h 8 0 2.0 4))
()
((6.0 1 9 0 4 5 3.0) (1 h 8 2.0 4 6.0) (2.0 9 1 4 8 3.0) (0 3.0 h 2.0 6.0 5 9) (3.0 5 6.0 8 h 2.0) (4 2.0 1 6.0 0) (h 4 3.0 0 1) (h 9 8 1 5))
(9 1 (2.0 1 0 8 3.0 h) h (3.0 5 2.0 4 9 1) 8 (3.0 9 8 4 1 6.0) (8 5 h 3.0 4 9))
(6.0 (9 h))
(0 1 (2.0 6.0 1 8 9) 3.0 (3.0 h 6.0 8 9 4) (6.0 5 4 3.0 8 2.0) 9)
((1 0 5 h 9 6.0 8) 2.0 3.0 (4 3.0 5 9 h 1) (6.0 8 0 9 h 1) (h 9 3.0 5 0 2.0) 4 (0 2.0 8 1) 9)
(6.0 (8 1 4 6.0 h) (5 h 2.0 6.0 9 1) 0 (3.0 0 1 9 8) (5 2.0 8 0 6.0))
(2.0 8 (8 3.0 9 1 h) 3.0 (5 1 0 2.0 3.0) 1 5 (2.0 9 0 3.0 8 1))
(8)
((2.0 9 3.0) 2.0 (5 0 1))
((5 6.0 8 1 2.0 4) 8 (4 5 6.0 0 h 1) (1 3.0 6.0 9 5) (5 2.0 1 0 3.0) h 1)
((5 6.0 0) (1 h 4) (8 9 4))
(5 (0 h 2.0 8 5) (8 1 9 0 h 5 6.0) 3.0 (3.0 1 h 9 4) (9 8 h 6.0 4 3.0 5) 2.0)
((5 h 4 6.0 8) (8 2.0 4 6.0 5) 9 2.0 h)
(0 (4 9 8 h 3.0 0 1 2.0 6.0) (0 3.0 1 5 h 2.0) (4 8 3.0 6.0 1 9) 1 (6.0 8 9 1 2.0 h) 4 2.0 3.0)
((2.0 h 8 6.0 9 5 1) (1 8 0 6.0 9 h) 2.0 (1 3.0 8 4 h 0 9) h 1 8 (1 4 6.0 3.0 2.0 9))
(3.0 (6.0 3.0 9) 6.0)
(0 5)
(6.0 (2.0 8 3.0) (9 3.0 1 6.0) 9 (9 h 3.0))
(6.0 (0 9 5) 1 (6.0 8 h 2.0))
((h 5 2.0 1 0 6.0) (5 8 6.0 0) (9 8 0 h) 2.0 (5 2.0 3.0 0 9 1) (4 5 1 2.0 0 8) (1 6.0 h 8))
(1 (9 2.0 6.0 3.0 8) 6.0 2.0 9 (8 1 5) (h 1 9 6.0 8))
(8 (0 3.0 4 8 9) 9 (9 1 6.0) (1 9 8 5 4))
(3.0 0 6.0 (4 9 0 6.0) h (1 5 3.0 2.0 6.0) 8 (0 1 h 8 4 9 5))
()
((8 9 3.0 0 6.0 h 5 1) (8 0 4 h 9 6.0 1 5) (0 1 2.0 9 5 8 h) (0 9 1 5 8) 2.0 5 6.0 3.0 1)
((9 0 1 2.0 3.0 8) 5 (5 0 4 h 6.0) (1 8 2.0 4 6.0) (4 2.0 8 h 1 5) (3.0 6.0 2.0 0 h 4))
((4 5 9 1 h 0) 5 8 (6.0 3.0 1 5 9) 0 (6.0 h 0 9 1 3.0 8 4) (6.0 0 3.0 h 8 9) 2.0)
((9 h 5) 1)
(6.0 1 (1 0 2.0 4) (h 5 3.0 8))
(2.0 0 8 (5 4 8 0 h 6.0) h 5)
(5)
(8 (9 h 1 4 5) 9 (6.0 2.0 5 9 3.0 1) 3.0 2.0)
(1 2.0 8 (3.0 5 6.0 1 9) (8 6.0 9 5) (1 9 5 0))
((3.0 4 9 5 0) 5 (5 2.0 3.0 9) (9 4 1 h) 2.0)
((0 8 h) 2.0 (2.0 4))
(3.0 (5 1 6.0 4 8) (0 3.0 h 9 1 5) (5 h 3.0 6.0 1 0 4) (2.0 5 6.0 1 4 h) (6.0 4 1 h 8 9 0) (6.0 9 h 1 0) 8 (6.0 0 2.0 5 1) h)
(2.0 (9 8) 8)
(1)
((0 2.0 8 h 4 1) 0 (3.0 5 6.0 1 8 h 0) (9 h 8 0 5 6.0) (3.0 9 h 1 6.0 5) (9 6.0 4 1 h))
((1 5 0 4 3.0 6.0) 4 (h 5 4 8 0) 6.0 1 8 2.0)
(h (h 8 5 4 3.0) (0 5 h 3.0) 5 (8 5 1))
((4))
((9 4 3.0 0 2.0) h 6.0 (1 6.0 4 9 2.0) 1 (9 6.0 0 1 2.0 8) (3.0 2.0 5 9 6.0 4) 5)
(5 3.0 (6.0 8 4 9) 4 (6.0 4 5 9 8) (8 0 2.0 9))
((h) 2.0)
(1 (0 6.0 9 1 2.0 8 5) 3.0 (4 0 h 1 2.0) (6.0 9 0 2.0 1 8) 5 (1 3.0 2.0 4 5 9) 9)
(1 (6.0 h 1) 2.0 (4 5 0 6.0 h 8 9) (9 1 3.0 6.0 h 2.0))
((4 9 3.0 2.0) 5 2.0 1 (3.0 5 6.0 0 4 2.0) (5 4 9 h) h)
((3.0 h) 0)
()
((3.0 5 1) (h 0 3.0) (3.0 4 0) (2.0 8 1 6.0 0) (3.0 5 6.0 2.0 8))
((6.0 9) (h 5))
(2.0 (8 5 4 2.0 9 6.0 1 0) (2.0 1 6.0 9 4 h) 3.0 (2.0 8 6.0 9 0) 0 (5 0 8 3.0 1 6.0 9 4) 1 9)
(9)
()
((h 1) (8 9))
(0)
(1)
((5 8 9 4 6.0 2.0) (9 0 1 6.0 h 8 2.0 3.0) (0 5 6.0 1 3.0 h 4) 1 (9 8 5 3.0 6.0) (2.0 6.0 8 3.0 1 0) 8 2.0 (0 1 3.0 9 h) (5 2.0 0 h 9 1 6.0 4))
(h 2.0 (2.0 6.0 4 3.0 0) (2.0 h 0 6.0) (4 9 1 8 0) (5 4 3.0 1))
(6.0 (5 8 3.0) 5 h)
((0 5 h 6.0 1 4 3.0 8) (5 2.0 1 h 0 8) (h 1 8 4 6.0) 4 (0 6.0 4 h 5 9) (2.0 8 6.0 5 0 1 4 9 3.0) (8 4 3.0 2.0 0 6.0 h) 0 (5 3.0 9 0 4 2.0 h) (3.0 6.0 9 1))
((1 3.0 5 6.0 9 4) (3.0 9 1 8 4) 3.0 5 6.0 (8 3.0 4 9 5 h) 0)
(4 (9 3.0 8 1 6.0 h) 9 (2.0 4 3.0 9 6.0 5 h) (8 9 6.0 3.0) 0)
(8 6.0 (0 6.0 3.0 5 1) 3.0 0 (6.0 4 0 3.0 8) (8 4 0 1 2.0 h))
(h (4 5 h 0) 4 (4 3.0 9 8) (2.0 4 h) (h 1 6.0 8))
(5 2.0 (2.0 5))
(3.0 5 (2.0 4 8 9 3.0 1) 6.0 (1 9 h 4 5))
((5 2.0 0 9 6.0) 5 9 (2.0 9 3.0 h 1 8) 6.0 1)
(h (h 9 4 3.0 2.0 6.0) (8 2.0 0 5 4) 4 (8 h 1 3.0 4) 8 (6.0 5 0 8 3.0 4) (1 3.0 4 h 8 0) 5 9)
((6.0 0 2.0 8) 6.0 8 (1 6.0 3.0 0 8) (3.0 6.0 0 8 9) (9 6.0 4 8))
((2.0 6.0 h 5) 2.0 4 5 (0 6.0 8 3.0 h 1 9) (9 1 6.0 2.0 h 5) 6.0)
((4 9 0) (4 0 2.0 1) 1 0 (8 1 2.0 0))
((0 8 4 3.0 6.0) (3.0 2.0 9 5 6.0 0 4) 5 6.0 (3.0 1 5 0) 8 (6.0 0 9 3.0 2.0 h 5))
(2.0 5 (6.0 0 2.0 1 3.0) (9 6.0 5 2.0 3.0) (8 4 9 h 5) (3.0 0 8 1 6.0 4 9) (4 9 h 3.0 8 1) (1 8 9 h 5 3.0))
((4 6.0 h 8 5 2.0 1 9) (8 9 5 4 2.0 6.0) 6.0 (5 4 9 2.0 1 0) (5 4 h 2.0 6.0 3.0 0) 5 (9 0 5 2.0 h 6.0) h 3.0)
((9 2.0 0 5 8) h (1 4 2.0 0 h) (0 4 8 9 2.0 3.0) (0 9 h 4 1) (6.0 3.0 1 h 9))
((3.0))
((1 2.0) h)
((4 9 h 3.0 8) h 0 (0 6.0 8 4) (8 4 6.0))
((4 1 0 2.0) 9 (0 5 h 3.0 9 1) (8 5 3.0 9 0) (4 1 h 0 8 2.0 3.0) (3.0 5 9 0 4 2.0) (h 8 1 0 2.0) (h 2.0 4 3.0 6.0 9))
()
()
((9 2.0 h 5 1 6.0 0) (8 h 3.0 6.0 9 1 5) 1 (3.0 8 6.0 5) (9 h 6.0 3.0 1 2.0 0) (9 3.0 8 1 5 h 4 2.0) 6.0 (0 h 9 2.0 3.0 5 6.0 8) 0 (0 1 6.0))
((9 2.0) (8 9))
((8))
((3.0 2.0 0) 1 9)
((4 1) 0)
((0 5 4 2.0) (3.0 1 2.0) (2.0 0 8) 4)
(4 1)
(3.0)
(h)
(3.0 (h 1 4 6.0 5 2.0) (0 3.0 5 8) 9 (6.0 4 3.0 0 8 h) (1 0 h 9 4))
((6.0 0 1) 0 h)
(4 5 (5 h 1))
(9 5 (3.0 8 6.0 1 4 2.0 5) 0 8 1 h)
(3.0 (2.0 8 1 0) (5 2.0 3.0 8) (1 4 2.0 h) 4)
()
((h 6.0 0 3.0 1) (0 9 h 5 1 8) 9 (6.0 9 0 5 3.0 h) (9 3.0 5 4 2.0) 8 (0 6.0 1 2.0 3.0))
((1 5 h 8 9 2.0) (9 4 2.0 3.0 5) 8 (6.0 0 2.0 9 3.0) (3.0 1 2.0 4 5 9 0) (h 4 2.0 3.0 9 6.0 5) (6.0 9 4 1 8 2.0) (8 9 h 1 3.0 2.0 5))
((h 3.0) 0 (0 3.0 5 6.0) (6.0 4 2.0 h))
()
(0 5 (2.0 1 h 4 0) 1 3.0)
((1 5 0 6.0) (h 9 3.0 0) (9 h 8 5) (6.0 0 8 4) (2.0 1 6.0 4))
(8 4 (8 0 4 9 1) (9 0 h 1 6.0) 1 (h 2.0 4 1 3.0 5 8))
((3.0 h 1 0 8 4) (4 6.0 h 2.0 0 5) 1 0 6.0 (3.0 h 0 9 4) (3.0 1 9 4 2.0 6.0))
((2.0 9 5 0 6.0 3.0) (2.0 6.0 h 8 0 5) 8 1 h (4 3.0 h 2.0 0) (5 9 3.0 2.0 6.0 0 1) (1 5 9 6.0))
(4 (3.0 4 1 6.0) (1 h 5 0 9 6.0) (0 6.0 8 3.0) (h 5 0 3.0 1) 0 (2.0 4 0 1 9 8 h) (2.0 6.0 8 0 9))
(8 5 (5 0 9 3.0 4) (0 1 6.0 8 3.0) 2.0)
(8 2.0 (9 5 8 0 h) (9 2.0 1 6.0 8 4) (9 0 8 5 h 2.0 1) (4 2.0 3.0 0 9) 3.0 0)
((h 5 8) 2.0 (4 5 3.0) 4)
((9 4) (3.0 6.0 h) (8 1 4))
(9 2.0)
((3.0 2.0) (0 3.0))
(2.0 (6.0 1 8 2.0 5) (9 3.0 4 5) h (0 h))
((8 5 9 2.0) (0 6.0 3.0 8) 5 (h 3.0 9))
((2.0 4 9 8) 6.0 (h 8 0 1 9) (6.0 2.0 3.0 9 8) (3.0 6.0 h 2.0))
((9 8 h 0 3.0) (2.0 9 4 8 5) (h 4 3.0 6.0) h 4)
(5 (6.0 8 h 5 2.0) (6.0 h 9 0 1) (2.0 5 h 1))
((9 6.0 4 1 8 h) 1 8 3.0 9 (h 1 3.0 0 8 4 5 2.0 6.0) 6.0 (h 8 1 4))
(9 (1 6.0 4 3.0 9) (0 5 h) 4 (4 1 5 8 2.0))
(9 6.0 (5 1 3.0 6.0 2.0 9) 0 (3.0 0 2.0 6.0 9 1 8 h) 2.0 8 3.0 (5 9 2.0 h 3.0))
((3.0))
((2.0 4 0 5 6.0 3.0 8 h) 9 (8 4 6.0 h 1 9 5 3.0) (4 2.0 5 0 3.0 h 9) (5 4 2.0 0 h 6.0) 8 3.0)
((0 1 5 3.0 9 2.0) (8 h 6.0 2.0 0 3.0 4) h 0 (0 3.0 9 8 5 2.0 1) 6.0 1 (0 1 9 8 6.0 3.0 5))
(6.0 5 (2.0 4 0) (6.0 1 3.0 0 5) (8 2.0 4 1))
()
((1 4 8 h) (3.0 9 2.0 1) (6.0 3.0 0 8 9 h) 2.0 (6.0 1 5 0 8) (1 3.0 4 6.0))
(3.0 (6.0 9 5 2.0 0) 9 4 (4 1 8 9))
((3.0 6.0 8 0 9) (1 3.0 5 9 0) (h 2.0 3.0 9 5 1 6.0) 9 3.0 (0 2.0 3.0 1 h) (3.0 1 h 6.0 5 4) (1 6.0 9 2.0 0 4) 4)
(6.0 (6.0 9 2.0 4 8 1 3.0 0) (1 5 8 h 0 3.0 9) 9 h 2.0 (4 2.0 1 h 0 8) (2.0 6.0 h 5 9 0) 8)
((4 2.0 6.0 9 0 1 5) (3.0 5 2.0 6.0 9 h) (9 0 2.0 8 1 5 6.0) (6.0 2.0 1 3.0 5 4) 0 (6.0 4 1 2.0 h 3.0 0) (3.0 9 5 1 2.0 4 8 h) (1 3.0 4 5 h 0 8) (1 3.0 5 4 6.0 0))
((4 3.0) (h 1))
(9 (8 0 6.0 9 2.0) (1 4 8 0 5 h 6.0) (6.0 1 h 5 4) 1 (2.0 0 1 h) (0 8 3.0 6.0 4 2.0 1 h) (5 2.0 4 9 8 0) (h 9 5 2.0 3.0 4) (5 3.0 4 1 9 8))
()
(8 0 6.0 (9 5 6.0 2.0 0 4 3.0) (9 2.0 1 0 4) h 1 4)
(3.0 (2.0 0 9 5 8) (0 1 2.0 8 h) 4 (1 8 6.0 3.0 0))
((9 0 5 2.0) 3.0 4 (2.0 0 3.0 1 5))
((3.0 6.0 2.0 1 0) (4 0 3.0 5 8) 3.0 (2.0 5 0 h 8) (9 0 8 h))
()
(6.0 5 (3.0 9) 4)
(0 2.0 8 5 (9 4 3.0 h))
((5))
(6.0 (8 2.0) (h 4))
((8 4 6.0) 2.0 3.0 (1 h 3.0 9 0) (3.0 0 5 h))
(h 3.0 (3.0 8))
((1 2.0 9 5 h) (h 6.0 2.0 9 0) 6.0 (1 2.0 6.0 8 0) (6.0 h 4 3.0 1 2.0) 9 8 (4 3.0 2.0 5 9))
((9 6.0) 6.0 (0 h 3.0))
(8 (6.0 3.0 h 4) 3.0 (3.0 2.0 h 6.0))
()
((0 8 4) h 9)
((2.0 8 h 5) 4 3.0 1 (6.0 4 h 3.0))
((5 2.0 4) 9 (5 1 6.0 8 0) (5 0 4 2.0) (5 h 8 6.0))
((h 9 2.0) (2.0 9) (5 1 h))
(1 (0 5 6.0 2.0 1) h 8 3.0 (2.0 0 9 h 8))
(3.0 (2.0 8 9 5 3.0) 4 (1 8 6.0 h 9) (3.0 4 0 h) 9 (9 6.0 4 1 2.0) (8 4 0 6.0 h 3.0))
((5 0 1 6.0 3.0 2.0) (6.0 2.0 8 4 9 0) (8 h 1 3.0 6.0) (9 1 h 8) 1 (4 6.0 2.0 8) (9 3.0 4 2.0 8))
(6.0 (9 1))
((9 1 4 8 0 h 3.0 5) 0 (3.0 0 5 4 h) (1 8 2.0 9 4 h 6.0) 8 h (4 3.0 0 5 1))
((5))
((4))
()
((3.0 5 9 0 1 2.0 4) (2.0 6.0 3.0 h 8 0) (h 2.0 6.0 1 5 3.0) (4 6.0 3.0 2.0 9) (8 h 5 6.0 1 0) 1 0)
(1 (2.0 8 6.0 0 9) (8 9 h 5 3.0) (4 0 h 3.0) 2.0)
((8 1 3.0 5 6.0 h) 5 8 (5 6.0 h 2.0 3.0 9) (1 8 0 4 2.0 3.0) h (6.0 h 3.0 4 2.0 9 8))
((h 5 6.0 8 3.0 4 0) 2.0 9 (4 0 6.0 3.0 5) (0 4 9 1) (6.0 4 h 5 1 2.0))
(3.0 1 5 4 (5 8 6.0 9 0))
((6.0 9 4 h 3.0 8) 4 (5 4 2.0 6.0 h 1) (6.0 9 3.0 1 0 h) 3.0 8 5)
(9 (3.0 4 1 2.0 6.0 5 h) (h 9 5 4 2.0 0) 0 6.0 (6.0 3.0 5 1) 1)
((2.0 4) (h 6.0))
((8 0) (5))
()
(8 0 (3.0 6.0 0) 3.0)
()
((5 3.0 h 4) (2.0 8 4 5 1) 5 6.0 (3.0 4 0 8) (1 h 2.0 4 9 5))
(3.0)
()
(1 h (8 6.0 4 1 0 h) (8 5 6.0 9 2.0) (4 6.0 9 0 2.0 5 3.0) (6.0 4 5 1 3.0 2.0) 6.0)
((0 h) 2.0)
(9)
((8 5 3.0) (0 1) (h 6.0))
(0 3.0 (h 2.0 5 9) (2.0 1 8 6.0) (5 6.0 0))
(h 5 6.0 1)
()
((9 2.0 h 8 5 6.0 4) (8 1 6.0 5 h) (5 3.0 9 8 6.0 h 1) (h 6.0 3.0 5 0 1 4) 0 h (6.0 4 2.0 3.0 0) (9 3.0 4 h 1 0) 1)
()
(2.0 6.0 5 0 1 (9 1 4 6.0 5))
(4 1 (0 4 2.0 8) (9 1 4 h) h (1 2.0 5 6.0 8 0))
((3.0))
((2.0 1 6.0) 6.0 0)
(2.0 5 (9 8 2.0 5 3.0) 6.0 (9 2.0 3.0))
(4 (h 3.0 0 2.0 4) (3.0 0 8 6.0) 5 (6.0 1 0 8 3.0 h) 2.0)
(5 (9))
(5 h (2.0 6.0 0 1 5 3.0) 8)
((1 h 0 2.0 3.0 4 5) 2.0 1 (5 2.0 6.0 9 3.0 8 1) (8 6.0 0 1 2.0 3.0) 0 (6.0 9 h 1 0) 6.0 9)
((8 4 1 6.0 0) (4 h 0 6.0 5) (2.0 3.0 4 6.0) (6.0 4 h 1 8) h 3.0)
((9 2.0 h 6.0 3.0 5) (9 6.0 5 h 8 1) 9 (2.0 3.0 8 4 9 6.0) 6.0 8 (3.0 9 4 8 6.0) (6.0 2.0 h 8 3.0 4 9 0) (0 5 4 8 6.0) 2.0)
((3.0 5 6.0 2.0 4 9) 5 2.0 4 h 6.0 3.0 (8 4 2.0 9 1) (9 1 0 2.0 h 8))
()
((1 2.0 6.0) (h 5 6.0 9 8) 8 1 (1 5 9 8))
(8 h (6.0 3.0 h 8 1 5) (5 h 4 8 2.0) 2.0 (3.0 6.0 h 8 9 0) (4 3.0 6.0 2.0 5) (9 3.0 1 0 5 4))
((3.0 5) 8 (8 9))
(1 (h 8 6.0 1 4 3.0) (8 0 6.0 h 9) (5 1 h 9 8 3.0) (9 6.0 h 2.0 0 8 4) (5 8 4 6.0 9) (2.0 4 h 3.0 1 8))
(9 h 3.0 0 (0 6.0 3.0 1 2.0))
(8 (5 6.0 1) 3.0)
((0 8 5 9 6.0 3.0) 5 0 3.0 h (1 4 0 9 6.0 2.0) 2.0)
((h 3.0 4) h (1 4 0 h 2.0) (9 h 3.0 4) (8 5 6.0 4))
((4 2.0 1 3.0) (4 9) (1 3.0 h 9) 1)
((5 0 4 6.0 1 9) (2.0 5 6.0 0 8) 9 (8 0 1 4 2.0) (8 2.0 3.0 1 0 6.0) (0 9 3.0 h 6.0) (5 0 9 4 1) 3.0)
(9 (5 4 0 h) 2.0 8 (5 9 1 3.0 4 h) (4 6.0 1 9 h))
(6.0 (3.0 0 h 2.0) (6.0 2.0 0 8 9) 0 (9 0 1 4 6.0 3.0 8) (4 9 1 8 5))
(h 6.0 (6.0 2.0 h 3.0 4) 5)
(2.0 5 (1 9 5 4) (1 h 9 3.0 2.0) (5 8 6.0 0 9 h) (9 2.0 6.0 5 8) (9 4 2.0 8 0 3.0) (8 4 5))
(1)
((5 1 6.0 9 h) 9 (5 8 4 2.0 6.0 0) (h 9 6.0 0) (2.0 3.0 0 4 9) 8)
(8 (8 6.0 9 5 3.0 1 4) 4 (4 6.0 2.0 9 3.0 1 8 0) 3.0 (2.0 3.0 4 1 8 h) 9 (2.0 9 0 1 3.0 5 h) (1 3.0 h 5 4 0 6.0))
(8 (1 4 9 5 6.0 2.0) (3.0 4 1 5 6.0) (0 4 8 5) 4 9)
((h 5 9) (h 9 1))
((2.0 3.0 1 4 9 0 6.0 5) 1 (0 9 1 2.0 6.0 5 3.0) 5 h (1 3.0 9 2.0 6.0 4) 0 (3.0 h 2.0 8 0))
((4 0) 1)
()
((6.0 9 2.0 1 8 0 3.0 5) h 9 (0 8 h 9 4 5) (5 0 6.0 2.0 4 8 3.0 1) (9 6.0 4 3.0 8 h 2.0) 3.0 4)
(5 8 6.0 9 (4 2.0 h 6.0 5 9 0) 4 (8 1 5 3.0 2.0 6.0 0) (4 1 9 2.0 6.0 8))
((9 8 5 1) 2.0 0 5 (2.0 5 0 1))
(0 h)
(9 (9 1 0 8 2.0 5) 3.0 6.0 0 1)
(1 (9 0) (0 6.0 5))
()
()
(0 6.0 (h 1 9 2.0 8) (2.0 0 4 6.0 5 1) h (8 3.0 0 h 4 1) 5 8 (4 0 5 6.0 1 2.0 h))
()
((9 h 0 5) (3.0 0 4) 4 1)
((0 9 6.0) (2.0 8 4) (1 8 2.0 9) (3.0 0 2.0))
((0))
(3.0)
((4 8 5 3.0 0) (5 4 3.0 1) (4 8 1 h 2.0) (0 1 2.0 5 9) 9 (8 9 1 0 3.0))
((h 1 3.0) (1 h 9 4) 4 6.0)
((0 6.0 8 4) (3.0 2.0 h 0) (8 9 5 4) 4 2.0)
(1 0)
((3.0))
(6.0 (5 0 9 3.0 6.0 h) (1 8 h 9 2.0) (1 h 4 0 8 6.0) 2.0 (2.0 4 3.0 h 8 1) 4 (h 0 3.0 1 2.0 6.0 9) (h 9 8 3.0 4 6.0))
()
(4 h 2.0 (9 5 h 6.0 4 0) 3.0 (2.0 4 1 3.0) 5 (3.0 2.0 6.0 9 5) (8 2.0 3.0 5 0 9) (4 5 9 0 3.0 1))
((9 3.0 5 6.0 4) 0 1 (1 3.0 0 5 6.0 2.0) 9 (3.0 9 2.0 4 5))
(2.0 (1 8 9) 5 (3.0 h 6.0))
((2.0 5 8 1 4) 3.0 4 6.0 (4 1 5 8 3.0) 8 1)
((5 9 3.0 1 0) (6.0 5 2.0 8) (2.0 4 6.0 8 h) 2.0 0 (1 4 0 9 2.0 5))
((h 2.0 9 3.0 4) 1 (0 2.0 6.0 9 3.0) 5 2.0 (6.0 h 3.0 9))
()
((3.0 4) 2.0)
((0 5 4 6.0 h 2.0 8) 6.0 (9 0 1 2.0 5 4) (h 5 4 6.0) (2.0 5 3.0 9 1 8 0 4) 1 2.0 8 9 4)
((3.0 8 0) 8 (6.0 h))
(6.0 (8 h 5 6.0) (3.0 6.0 1 0) 2.0 (3.0 0 5 2.0 8) (3.0 1 8))
()
((9 4 0 2.0 1 5 6.0) (2.0 4 6.0 5 1) (4 6.0 h 3.0 9 8 2.0) (1 2.0 9 h 3.0 4 6.0) (1 h 3.0 5 6.0 2.0) (2.0 8 9 6.0 1 4) (4 h 8 6.0 9 0 5 3.0) (3.0 1 5 8 6.0 4) (4 8 6.0 9 5))
((0 2.0 1 h 4) (3.0 4 0 9 8 5) (3.0 4 8 5 0) h (1 6.0 h 3.0 9) (0 5 2.0 8 6.0 3.0))
(h)
(6.0 3.0 (6.0 0 4 5 9 h 8 1 3.0) (4 0 2.0 5 9 1) (9 8 2.0 3.0 1 4) 8 (8 3.0 0 5 4 1 2.0 9) (3.0 6.0 2.0 8 0 5 1))
(9 (3.0 h 9))
(1 (3.0 0 5 9 6.0 h) 4 (h 0 5 9 4 2.0 6.0) (9 8 5 h 3.0) 3.0 0 9 5)
((1 4 2.0 8 6.0) 5 8 2.0 (1 9 8 5 2.0))
((5 4 6.0) (2.0 6.0 0) (5 0 4))
(2.0 h (1 5 0 h) 3.0 5 6.0)
(2.0 (3.0 6.0))
(h (5 h) 3.0)
(0 h 5 (3.0 8 0 6.0 5 2.0) (1 6.0 5 9 h 2.0) (h 9 8 0 1 6.0) (3.0 6.0 1 5 9 8 2.0) (8 9 0 h 5 6.0) (h 8 9 6.0 0 1 5))
((9 h) (3.0 8 1) 4)
(1 8 6.0 9 (0 1 9 h 4 3.0 2.0) (0 8 h 5 3.0 1) 4)
(5 3.0 (9 8 2.0))
((8 2.0 0) (4 2.0) h)
((2.0))
((8))
()
(4 (8 5 h) (2.0 5 4))
((4 3.0 0 6.0 2.0 1 h) 4 (4 6.0 h 1 8 5 3.0) h (3.0 6.0 4 5 9 0) 3.0 (6.0 1 2.0 4 8) 5 (6.0 3.0 h 2.0 1 5 0) (3.0 5 4 1 6.0 8 9 0))
(6.0 5 (0 5 8 9 1) h)
((4 0 1 3.0 9) (6.0 8 5 h 4 0 9) 4 9 1 (0 5 9 8 1 3.0) (3.0 h 0 1 8 6.0) (3.0 9 4 5 6.0 8 h) (5 9 4 2.0 0 8))
((h) 1)
((6.0 4 h 2.0 9 0) (9 6.0 5 h) (0 8 2.0 4 h) (8 2.0 9 3.0 0) (0 4 1 2.0 6.0) 6.0)
(6.0 (6.0 0 5) (0 1 8))
(9 (3.0 4))
(0 h 4 (8 0 3.0 6.0))
((0 2.0 4 h 3.0) 6.0 (1 9 0 8 3.0) (9 3.0 5 0) (2.0 0 h 1 3.0 9 4) 2.0 9)
((0 3.0 2.0) (2.0 5 8 3.0) 5 h (8 3.0 5 9))
()
()
((0 2.0 9 6.0 5) 8 h 6.0 3.0 (5 2.0 6.0 3.0 8))
(9)
((2.0 h 9 1 4) 5 (0 4 9 h 3.0) 3.0 4 2.0 (h 8 6.0 4 5 3.0) (8 2.0 4 0 5 3.0))
(h)
((1 3.0 8 h 6.0 9 0) 8 5 4 (3.0 9 2.0 0 5 1 6.0) (1 5 4 3.0 2.0 6.0 h) (3.0 h 6.0 1 4 0 8) 0 (3.0 9 2.0 6.0 h))
()
(9 (3.0 h 0 2.0 6.0 1 5) (8 4 h 0 5 3.0) (4 5 1 6.0 h 9 2.0 3.0 0 8) (6.0 9 0 4 8 3.0) 3.0 (1 3.0 4 0 5 6.0 8 h) 6.0 h)
(3.0 (5 4 2.0 0 1) (6.0 8 4 9 0) (5 6.0 h 8) (4 3.0 2.0 9 1))
((6.0 0 5 8 4 2.0 9) 1 (5 3.0 9 1 2.0) 3.0 4 (5 2.0 8 1 4) 5 2.0)
((8 2.0 5) (9 4) (2.0 9))
((6.0 5 h 2.0 4) 6.0 (5 8 2.0 9 3.0 4) (8 0 2.0 9 3.0) 5 h)
((9 6.0 5 4 2.0 h) (9 2.0 8 h 3.0) (2.0 1 3.0 4) 6.0 9 8)
((0 9) (1 5))
(1 6.0 4 9 (h 2.0 6.0 1) (5 0 1 4 9))
(5 8 (6.0 4 1 3.0 h 9) (5 8 2.0 4 h 6.0) 0 1 (0 5 h 6.0 4) 2.0)
((6.0 0 3.0 h 4 8 5) (5 4 9 6.0 0 2.0 1 h) 5 (1 h 3.0 9 6.0 4 8) (1 4 5 9 8 h 2.0) (3.0 4 2.0 1 0 8 9) (9 1 3.0 4 5 2.0 0) (h 5 6.0 3.0 9 2.0 1 8) 3.0)
((5 0 9 3.0 8 1) (0 6.0 8 h 3.0 4) 3.0 (2.0 6.0 1) (1 0 6.0 9 4 3.0) 8 0)
()
((6.0 2.0 5 3.0 8 4) 3.0 (8 6.0 3.0 2.0 5 1) (4 5 1 0 h 6.0) 8 1 h)
(9 8 6.0 3.0 (0 h 2.0 1 8 4) (6.0 2.0 5 3.0 4) 5)
((6.0 8 3.0 4 5 h) (0 6.0 8 3.0 2.0) (9 2.0 8 5 0) (1 6.0 2.0 5 h) 2.0 (0 2.0 8 9 4) (8 9 0 4 1))
()
(h 9 (9 h 4 3.0 1) (0 8 6.0 4) 4)
(0 2.0 1)
(8 (9 6.0 h 1 8 4 0 3.0) (4 5 9 1 3.0) (9 2.0 8 0 4 5) 1 6.0 (3.0 8 5 6.0 2.0 h 1) 0 2.0)
(3.0 (6.0 5 0 h) 2.0 0)
(9 (1 8 h 4) h (0 2.0 5 3.0 1 8) 8 0 6.0)
(5)
()
(6.0 2.0 1 3.0 h (2.0 1 6.0 3.0 h) (2.0 5 9 4 1 6.0))
(2.0 0 (8 3.0 4 9 5 2.0) 4 (5 h 2.0 1 3.0 6.0) (0 4 5 1 3.0 9) 8 (0 5 2.0 8 1 3.0) (2.0 4 h 6.0 1 5))
(6.0 9 (0 h 2.0 1 3.0) (3.0 9 2.0 0 6.0 1) (1 3.0 6.0 0 2.0 5) 5 (4 h 2.0 3.0 0 8))
((1 8 0 5 h 9 4) (5 4 1 3.0 h 6.0) (8 9 6.0 h 3.0) (6.0 8 h 4 1 2.0 0) 0 4 (5 h 9 1 0 3.0 4) 6.0 (2.0 h 1 5 9 8))
(5)
((4 0 3.0 6.0) 5 2.0 (3.0 1 9 4))
(0 6.0 (h 4 0) 2.0)
(6.0 (8 3.0 h))
(6.0 1 (5 8 0 4 1 h) 8 5 2.0 (9 h 8 5 6.0 0) h)
((3.0 5 8 4) 6.0 9 (0 9 5 1 2.0) (0 9 3.0 1 6.0) (3.0 6.0 0 8))
((h 5 8 6.0 9 1 3.0) 0 (4 3.0 0 1 5 2.0) 1 (h 1 4 0 8) (8 2.0 0 4 5) (8 3.0 h 1) (h 5 0 8 2.0) 3.0)
((h 9 0) (6.0 9 1) 8)
(h 8 (4 h 8 0 1 9) (8 3.0 0 9) (4 1 2.0 6.0 5) 3.0 (8 h 2.0 0 1 3.0 5) 9 (2.0 1 6.0 9 8 0 5 3.0) (4 2.0 8 9 6.0 0 5))
((3.0) (9 h))
(2.0 3.0 0 6.0 (9 8 0 4 2.0) (3.0 5 6.0 2.0 8 0 1) (3.0 5 4 9 6.0 h))
(6.0 (6.0 0 2.0 h 4) (5 2.0 6.0 0 1) (6.0 0 4 3.0 8) 5 (4 2.0 0 1) (h 3.0 5 9 2.0 8) (4 9 1 2.0 6.0 0 5))
(8 (4 5))
(4 2.0 (2.0 1 8 h) 6.0 (5 9 6.0 4))
(1 (0) (3.0 0 2.0))
((5))
((2.0 0 3.0 8 6.0 1) 1 (4 h 2.0 3.0 1) 9 0 (5 8 9 h 2.0 6.0) (5 8 0 9 h 4 3.0) 4)
(h (0 3.0))
()
((8 1 4 0 h) (4 1 3.0 5) h 3.0 8)
()
((6.0 8 9 3.0) (0 4 8 9) (5 3.0 9) (8 5 3.0 0) 8)
((4 h) 1)
(h 2.0 (1 8 4 0 5) (9 1 2.0 3.0 6.0) 0 9)
((8 6.0 h 3.0 2.0 9) 4 9 8 (5 h 2.0 6.0 0))
((5 h 6.0 1 0) 6.0 5 (5 3.0 h 8 1) (8 2.0 0 1 6.0 4) 0 (6.0 8 0 h 4 1))
((3.0))
((2.0 6.0) (5))
((0 1) (6.0 1))
((8))
(5 (2.0 3.0))
(4 (5 h) 2.0)
((5 4 3.0 h 9 6.0 8) (3.0 0 4 8 2.0 6.0) 3.0 2.0 9 8)
(h (5 1 0 9) 5 (2.0 6.0 0) (6.0 2.0 5))
()
((3.0 4 0 8) 5 (h 3.0 5 1) (h 1 2.0 0) h 0 (0 8 3.0 2.0 6.0 5))
(4 9 (h 5 4 6.0 9 3.0 8) (5 9 3.0 0 4 2.0 8) (9 8 6.0 0 5 h) (6.0 h 1 2.0 5 3.0) 1)
((1 4 6.0) 3.0 (h 6.0 3.0))
((5 0 9 2.0 4) 3.0 6.0 h (9 4 h 6.0 1 8 3.0) 2.0 (2.0 h 5 8 9 3.0 1) (5 3.0 8 9 1) 5 (4 h 6.0 1 5))
(0)
((h 3.0 9 6.0 0 1) (0 4 2.0 1 5) 5 (1 0 h 4 5 3.0) 9 (3.0 5 9 2.0 h 6.0) (h 1 8 5 0))
((0 4 5 1) (9 3.0 0 4 h 2.0 6.0) 3.0 (9 3.0 2.0 0 6.0) (2.0 9 8 h 4) 8 0 4)
()
()
((4 1 2.0) (9 5 4) (3.0 9 4) 4)
(1 2.0 (5 9 3.0))
()
((1 0 h) (2.0 3.0 0) (0 2.0 h) 5)
(6.0 3.0 (4 h 0 1) (5 2.0 3.0) (8 9 1 6.0 4) (h 9 4 2.0 0))
((1 2.0 h 8 0 3.0) (3.0 9 4 8 0 1) (2.0 0 h 6.0 8 4) (0 1 2.0 8 3.0 5 4) 1 (1 3.0 0 h 4 8) 8 (9 8 3.0 2.0 4 0 h) 5)
()
()
(3.0 9)
(1 (2.0 5 1 h 4 0) (2.0 9 8 1 4) h 5 8)
((0 3.0 8 4 h) (2.0 0 6.0 3.0 9 5) (5 h 1 2.0 4) (5 0 1 3.0 8) (3.0 2.0 h 0 4 6.0) 5 (4 8 9 h 3.0 6.0))
()
((9 6.0 4 1 h 8) 4 (3.0 8 0 4 6.0 5) (1 6.0 5 3.0 h) (2.0 h 1 4 6.0 3.0 9) 1 2.0 (2.0 8 1 5 0))
(6.0 (6.0 5 4 2.0 0) (h 3.0 8 2.0 1 5) 1 (1 6.0 0 2.0 3.0 8) 0 (6.0 0 h 8 3.0 4))
((0 8 5 4) 3.0 8 2.0 (2.0 9 6.0 5 8 4 0) (0 1 4 9 5 h 8) 9 6.0)
(h 0 (8 9 h 3.0 1 6.0) (3.0 9 0 1 5 4) (4 0 8 2.0 5 3.0 1) 3.0 (9 0 5 2.0 3.0 h) (h 4 3.0 2.0 9 1))
(3.0 (3.0 h 1 8 4 2.0) 9 (6.0 h 9 0 3.0) (1 0 4 2.0 3.0))
(8 (h 3.0 4) 3.0 (h 2.0 4 8))
(6.0 (8 3.0 6.0 h 9 4 5) (2.0 5 1 h 4 6.0) (2.0 1 0 h 4 9 8 3.0) 3.0 9 2.0 (h 0 8 4 3.0 1))
((h 4 9 2.0 5 6.0) (2.0 6.0 5 h 1 3.0 0) 0 1 5 4 (9 2.0 4 3.0 0) (2.0 4 1 5 h 0 3.0) h)
(3.0 (1 9 6.0 4 3.0) (h 3.0 4 2.0 1 5) (5 8 1 0 9) h 4 (1 5 6.0 8 2.0 3.0) (6.0 0 2.0 9 1 3.0) (0 8 5 h 9 3.0 2.0))
((2.0 8 6.0 5 0 h 1) 5 (1 0 5 6.0 4) 1 (2.0 8 0 1) 0)
(4 (6.0 h 1 3.0 4) (8 4 6.0 2.0 0 1 3.0 9) (5 2.0 6.0 4 8) (h 2.0 6.0 8 0 3.0 1) 0 3.0 (4 h 9 6.0 2.0 3.0 5) 1)
((1 0 4 3.0 8 6.0 h 2.0) (8 1 h 4 0 2.0) (9 0 3.0 1 5 4) (5 9 8 4 0 1) (4 5 1 h 8 2.0 6.0 0) (5 h 4 6.0 2.0 3.0 0) 0 8 (8 5 9 2.0 h 4 1 0) 6.0)
(4 5 2.0 3.0)
(4 (4 1 0) (0 h 9))
((2.0 8 5 1 9) 0 (h 5 2.0 8 6.0 1) 6.0 (h 8 6.0 5 9) (5 h 9 1 3.0 0) h (h 8 2.0 1 0))
(6.0 (0 4 9 2.0 6.0 1 8) (3.0 h 0 2.0 1 9) (6.0 1 h 8 5 9 2.0) (8 9 0 2.0 5 6.0) 9 4)
((2.0 9 8) 8 (2.0 0 9))
()
(6.0 h (1 4 2.0 5 8 0) (5 6.0 4 h) (5 0 3.0 4) (3.0 2.0 9 4 0))
((h 5 4 8 3.0 9) 0 9 (9 2.0 3.0 6.0 1 0) (5 2.0 6.0 h 3.0) 2.0)
((9 8 h 4) (4 3.0 2.0 5) (6.0 1 3.0 h) (5 6.0 9 4) (5 2.0 4 h 0))
(1 5 (h 0 9 3.0 1) (8 5 2.0 0) (4 6.0 8 1 0) (8 0 5 h 6.0 3.0 1) (h 1 4 3.0 6.0))
((9 4 0 h 5) (1 8 2.0 6.0 5) h (4 6.0 0 2.0 h 9) (5 1 9 0 8 2.0 4) 6.0 (4 3.0 h 2.0 0) 4 5)
((4 2.0 8 0) (1 6.0 8 2.0 5 4) (h 9 2.0 0 5) h (1 8 3.0 0 4 9) (3.0 2.0 0 h 4) 1 (2.0 6.0 4 9 8 1 h))
((4 h 3.0 6.0 0) (8 1 h 5 3.0 2.0) 3.0 h 4 (5 2.0 0 8 1 6.0) (h 5 6.0 0 9))
((3.0 9 6.0 h) 9 (1 3.0 0) (6.0 0 1 8))
((1 6.0 0) (3.0 1 2.0) 6.0 (h 2.0 6.0))
((9 1 4 8 5) 3.0 (3.0 2.0 6.0 1 h 9) (4 2.0 8 9 1 6.0) (1 6.0 4 5 0) (3.0 6.0 h 0 2.0) (2.0 8 5 9))
((5 2.0 0 h) (4 9 2.0) 9 (8 9 0 5))
((4 2.0 5 1 3.0 6.0 h) (5 9 6.0 8 h) (6.0 4 h 2.0 8 0 1) 6.0 (5 6.0 0 1 9 h) 3.0 h 8 5)
((8 9 3.0 0 4 5) 2.0 (8 2.0 9 5 4 6.0) 9 (2.0 8 3.0 4 6.0 1) (4 8 6.0 5 3.0 1 2.0) 5 (8 h 9 1 0 5 4))
((h 2.0 4 0 1) 1 (3.0 2.0 6.0 9 4) (0 h 5 1 9) (8 4 1 6.0 0 h 5) 5 (8 0 4 1 2.0 9))
(0 (3.0 6.0) h)
(3.0)
((6.0 9) 3.0 (9 h 4))
((8 3.0 4) 6.0 9)
()
(1 5 (3.0 4 8 5) h 4 6.0)
(4 2.0 0 (2.0 4 0) (8 4 h 1 2.0) 8)
(0 2.0)
((8 3.0 0 6.0 h 5 9 2.0) 4 (0 3.0 6.0 5 1 2.0 9) (0 9 6.0 3.0 1 4) (3.0 1 4 8 5 9 2.0) 3.0 (6.0 0 8 3.0 4 2.0 5) (1 0 9 2.0))
((5 3.0 8 2.0) 4 (0 9 8 6.0) (1 4 0 5 6.0) (5 h 6.0 1 8))
((5 1) (2.0 1))
(3.0 1 8 (4 9 2.0 5) (2.0 0 1 h))
((2.0))
((8 h 6.0 3.0 2.0) 8 5 (8 6.0 1 3.0 h 2.0 0) (6.0 2.0 1 3.0 9) 9)
(0 4 9 2.0 (8 2.0 1 5))
(2.0 (9 4 8 h 3.0 6.0 1 2.0) (9 6.0 3.0 h 0 8) (2.0 h 5 1 8 4 0) h (8 1 h 5 6.0 3.0 4 0) 5)
(0 4 h (1 9 2.0 3.0 5) 9)
(8 5 6.0 h)
((3.0 h) (2.0))
((9 3.0 0) 0 6.0 (1 8 0 2.0 4) 4)
(5 0 (0 h 6.0 3.0))
(h 6.0 2.0 4 5)
((2.0 1 0 h) (2.0 4 9 1 6.0) (5 2.0 0 4) 2.0 (9 3.0 4 1 6.0 8) 1)
(1 (3.0 5 0 8) (h 6.0 1) 5)
(0 6.0 5 (1 6.0 2.0 0 8) 4 3.0)
(3.0 4 (5 2.0 1 9) 8 1)
(9 (5 3.0 8 1 0) 5 2.0 (9 3.0 1 6.0) (2.0 1 5 6.0 3.0 8))
(0 2.0 (1 8 2.0 6.0 h) (8 2.0 0 6.0 4) (h 0 6.0 8) (2.0 0 5))
((9 6.0 h) (1 0) (4 h))
()
((8 9 1) 4 (5 6.0 h) (3.0 0 1))
((1 4 h 0 9 3.0) 6.0 0 (0 8 5 1 2.0) (1 h 4 9 8 2.0) (5 6.0 2.0 3.0 4 1) 9 4)
((5 6.0 0 9) 2.0 (h 8 2.0 3.0 6.0 5) (2.0 4 8 6.0 5) (3.0 9 0 5 4))
((3.0))
((2.0 3.0) (8 5))
(9 1 0 (4 1 3.0 2.0 h) h)
(6.0)
(9 2.0 0)
(8 (6.0 9 3.0) 6.0 5 3.0)
(6.0 2.0 (1 h 5))
((9 6.0) (0 2.0))
(1 (h 1 3.0 6.0 9) (5 2.0 h 6.0 8 1) (5 1 3.0 6.0 9 4) 2.0 (6.0 9 8 5 2.0) 5 (1 0 6.0 8 9 4 3.0))
((h 4) (2.0 3.0))
(8)
(1 (9 4 3.0) (1 4 5 9) (4 0 h))
((9 1 4) 3.0 (4 1 0 6.0 2.0) 8 1)
()
(5 (8 9 4 1) 0 (9 8 0 6.0 3.0) (1 0 3.0 6.0) 1)
(h (9 1 8 0 2.0) (h 6.0 2.0 8 5) (1 0 6.0 8 h 9 2.0) 0 (3.0 9 6.0 8 1 h) 2.0 (8 1 0 9 h))
(1)
((h 0 6.0 9 4 1) 5 6.0 (4 2.0 0 3.0 9) 0 (4 5 1 3.0 8 h) (8 h 4 1 5 9 0))
((5 3.0 8 6.0 9) (1 5 6.0 9 3.0 4) (1 h 6.0 9 0 3.0 5) 3.0 (9 6.0 0 2.0 1 8) 6.0 (6.0 3.0 4 2.0 9 0 h))
()
(8 (4 3.0 5) 9)
((5 8 h 3.0) 3.0 9 (h 3.0 2.0 9 0))
((2.0 4) (6.0))
(5 (3.0 0 4 h) (6.0 9 3.0 4) (h 1 9 4 3.0) 9)
(9 h 0 3.0 (3.0 9 6.0 5 1) 1 (3.0 0 6.0 4 1))
((h 1 6.0 5 0 8) 1 9 (0 4 h 5 6.0 9) h 3.0 (9 1 3.0 h 6.0 0) (6.0 9 3.0 1 8 2.0) (2.0 9 0 h 1 6.0 4 3.0))
(6.0 (1 4 h 2.0 5 0) (9 3.0 0 4 8 1) 2.0 (3.0 1 6.0 5 0) h 1 3.0)
(4 9 (8 2.0 h 1 0 3.0) 6.0 3.0 (2.0 9 3.0 1 8))
(2.0 0 (6.0 4 1 h) 9)
(3.0 (0 2.0 9 h 1 3.0 6.0) 6.0 h (0 9 h 5 2.0 8) (8 9 5 2.0 1 0 6.0) 2.0 1)
((6.0 5 4 0 8) 8 (9 3.0 8 1 4 6.0) (5 8 2.0 h 6.0) 3.0)
(9 (6.0 3.0 1 5 9 0 2.0) h (6.0 2.0 8 9 1 3.0 4) 1 3.0 0 6.0)
(4 (8 h 5 2.0 4 0) (0 4 1 2.0 5 3.0 9 h) (6.0 2.0 0 h 9 3.0 4) (2.0 9 0 4 3.0 1) (1 3.0 h 0 4) h (6.0 0 1 4 2.0 5 h))
()
(3.0 (3.0 6.0) (0 h 6.0))
((5 9 6.0 3.0 h 0 8) (1 2.0 4 h 6.0 9 3.0) h 3.0 1 8 (6.0 0 9 4 5 h))
((0))
(2.0 (9 h 4) (3.0 1 0 h))
((8 9 2.0 6.0 3.0 5) (1 h 2.0 8 4) (4 5 9 1 6.0) 6.0 (8 4 h 6.0 9 5) 2.0)
()
(3.0 9 5 (6.0 8 5 h 0 9 3.0) 2.0 (3.0 6.0 5 0 2.0 8 1 h) 4)
((2.0 8 6.0 3.0) (3.0 9 0 h 6.0) 5 3.0 h)
((4 3.0 9 6.0) (9 1 8 4 2.0) h (5 6.0 9 h) (4 3.0 8 9))
(8)
((8 2.0 h 3.0 5) (6.0 8 0) (5 2.0 9 1 4) 0)
((6.0 2.0 h 1 5 8) (3.0 0 9 h 8 6.0) 3.0 (8 4 3.0 2.0 9 1 6.0) 2.0 (h 3.0 8 9 6.0) 6.0 0)
(h (h 4 5 1) 0 9 (h 6.0 3.0 1) 6.0)
(h (4 h 8 9 2.0) 6.0 (8 1 2.0 9 6.0 h) 3.0 (6.0 h 9 5 4))
((1 5 6.0) (5 h 1) 1)
(6.0 (1 8 0 2.0 3.0 4) (3.0 0 h 5 9) 0 (5 0 9 2.0) (6.0 0 3.0 1 5 h) (9 3.0 1 0 4 h))
((1 h 6.0 2.0) (0 1 4 8) (h 5 3.0 6.0 8) (5 6.0 9) (9 h 6.0 2.0))
(8 0 (1 9 5 6.0 8 2.0) 1 (4 0 1 8 h 3.0) 5 (8 0 1 3.0 4 2.0) 6.0 (2.0 4 0 3.0 5 h 6.0))
(1 (6.0 4 9 2.0 h 3.0) (4 3.0 8 9 2.0 h) 0 9 3.0)
((4 9 1 3.0 0) 8 3.0 (1 6.0 h 8) (6.0 5 h 2.0 8))
()
(8 (0 5 4 2.0) (0 9 1))
((8 5 0 9) (5 1 9 2.0) 6.0 (h 4 6.0 8 3.0) 9 8)
(3.0 1 (1 h 5) (4 3.0 2.0 9) (8 5 9 6.0))
(8)
((2.0 9 0 1 8) (h 6.0 4 2.0 9 5) 6.0 (6.0 h 9 8 3.0) (9 5 4 1 6.0 h) (5 9 1 3.0 6.0 h 2.0) (h 1 6.0 8 3.0 4) (2.0 5 0 4 h 1) (h 2.0 0 6.0 5 9) 8)
(1)
(4 (2.0 3.0 9 4 0 6.0) 8 (0 6.0 2.0 1 5) (1 2.0 6.0 h 8 9) 3.0)
(2.0 (4 6.0))
(0 (3.0 1 8) (1 4))
()
(h)
((5))
((2.0 h) 3.0)
((h 5 3.0 6.0 9) (h 3.0 1 4) (h 6.0 8 9) 8 3.0)
(5 (2.0 9) 1 (h 5 9 3.0))
(1 (2.0 9 4 1 h) 3.0 2.0 h (0 2.0 6.0 4 h 5 8) 6.0)
(6.0 2.0 (8 1 6.0 0) (5 6.0 3.0) (9 3.0 8))
(3.0 h (4 5 2.0 1 8 9) 6.0 (5 h 2.0 6.0 9) 8)
()
((8 0 h 6.0) (9 5 1 0) (3.0 5 h) (3.0 2.0 5 1 4 9) 2.0)
()
((2.0))
(0 6.0)
((5 0 8 3.0 1) (1 8 4 6.0 h 0) (6.0 5 2.0 1 h) 8 0 (h 2.0 9 0 6.0 5) (1 6.0 5 2.0 9 h))
((6.0 h 3.0) 1 (9 h 4))
(9 2.0 6.0 0 1)
(0)
((0))
(2.0 4 (5 2.0 h 4) (8 9 4) 6.0)
(1 5 2.0 0 (3.0 2.0 8 h 1 5) (6.0 1 0 3.0) 8)
()
()
(2.0 (2.0 5 h 3.0) 5)
((2.0 5) 3.0 6.0 (6.0 1 3.0))
((5))
(1 h (5 8 h 2.0 3.0 6.0) 5 3.0 4)
((8 5 h) 1 (2.0 1))
(3.0 (0 6.0 9) 8)
((5 0 6.0 h 2.0) (8 h 0 2.0 3.0 1 5) 2.0 (1 8 6.0 9 3.0 4) 9 8)
((h 4 1 5) 6.0 (0 5 8 3.0 1 6.0 h) (9 0 4 6.0 8 1 2.0) (8 4 2.0 h 6.0) 0)
()
((5 6.0 0 4 3.0) (3.0 2.0 0 8) (1 0 5 h 9) 9 5 8)
()
((h 0 3.0 1 6.0 9) 1 (4 0 9 6.0 h) 5 8 (6.0 5 2.0 3.0 4 8) (1 3.0 0 4))
((h))
((h 0 5 6.0) (6.0 8 5 9 h) (2.0 4 1 9 8) h 1 8)
((5 6.0 3.0) (3.0 9 h) (3.0 1 4) h)
((8 4 2.0 1 0 3.0 5) 2.0 (0 4 6.0 5 8 3.0 9 1) 5 (9 1 4 2.0 3.0 5) (4 3.0 6.0 9 8 h 1) 3.0 (4 6.0 8 2.0 9 5))
((8 3.0 0 5) (h 8 3.0 0 1 6.0) (4 9 0 3.0 h 2.0) 5 h (5 1 h 6.0) 4)
((3.0 6.0 5 9) 8 5 0 (5 6.0 3.0 0) (0 9 1 5 3.0 6.0))
((2.0 h 5 8 0 3.0 9) (h 6.0 1 4 2.0 9 8 0) 2.0 8 (0 9 8 3.0 1 5 4) 1 0 5)
()
()
((0 1 2.0) (0 2.0) 6.0)
(3.0 1 (0 9 8 5 h 6.0 3.0) (5 0 1 2.0 6.0 4) (3.0 4 5 2.0 0 8 h 1) 4 8)
()
(9 2.0 (0 5 4 3.0 h) h (0 3.0 6.0 5 h 1 8) 3.0 0)
((8 3.0 5) 2.0 (h 3.0 5 6.0) (8 9 4))
()
((4 2.0 0 5 9 1) 4 3.0 6.0 h 8 (3.0 h 1 0 2.0) 5)
((h 5 2.0 1 3.0 4 8) 5 (4 2.0 6.0 5 h) h 4 (8 9 2.0 h 1 6.0) (1 4 6.0 0 2.0 h) 2.0)
()
(9 (3.0 5 h 6.0 0 2.0) (h 5 4 8 1) (h 9 2.0 5 6.0 3.0 8) 3.0 (2.0 6.0 h 0 9 8) 1 (6.0 2.0 9 8 1) 6.0)
(9)
(8 1 (2.0 4 h 0 8) h 3.0 4 (6.0 h 4 3.0 0 1 9))
((6.0 1 8) (3.0 8 6.0) (1 3.0 8))
(0 3.0 1 5 (h 4 9 3.0 0 6.0) (9 3.0 6.0 2.0 5 8 0) 2.0 (1 8 6.0 5 0 3.0 2.0 4) (4 5 8 2.0 1 9) (0 9 2.0 1 8 3.0))
((5 8) 4)
(8 1 h)
((h))
(9 (3.0 8 9) (4 h 6.0))
(2.0 (2.0 5 6.0 9 4 8 1) (9 1 8 5 4) (0 2.0 4 9 8 3.0) 6.0 (6.0 h 1 5) (0 3.0 4 1 8))
()
()
(2.0 3.0 (6.0 4 0 5) (5 h 1 4))
((6.0 4 3.0) (9 1) 5)
((9 0 4 8) 6.0 9)
(0 6.0 5)
((8 0 4 9 1) h (5 0 2.0 9 8 6.0) 2.0 1 8 (5 3.0 4 1 0 8) 6.0)
(0 (2.0 4 5 3.0 1) 4 (2.0 8 9 0 5) 6.0 (1 4 5 3.0 h 2.0))
((4 5 0 8 3.0 2.0 6.0) 5 (h 5 8 9 2.0 0) 4 (3.0 6.0 1 2.0 5 9 h) h 1 (2.0 8 1 0 5 9 6.0) (0 2.0 1 h 9 3.0 5 8) (1 6.0 0 8 3.0 2.0))
((3.0 8 1 0) 8 (1 8 6.0 0 4) (5 h 4 0 1 9) 0 (0 5 1 9 6.0) (h 9 1 6.0 3.0) h)
(h)
(2.0 1 8 (6.0 3.0 5 8) 9)
(5 4)
((9 1 h 5) (1 6.0 5 8) (9 3.0 6.0 h) (2.0 1 9 4 h) (0 6.0 5 h 9))
((5 9 4 6.0 3.0 h 2.0) (9 4 0 5 6.0 h) (1 h 8 3.0 0 6.0) 3.0 (4 3.0 9 1 5) 6.0 2.0 (0 4 h 1))
((2.0 5) 3.0)
((5) 6.0)
((4 h) (6.0 0))
((4 3.0 1 2.0 h) (5 3.0 0 4 2.0 1 h) (3.0 1 5 8 9) (5 h 4 8 0 1 9) (0 5 h 2.0 1 3.0) 2.0 (6.0 2.0 4 3.0 1 5) 8 0)
((9 3.0 2.0 6.0 1 0) (4 9 8 3.0 5) (4 5 0 1 6.0 h 8) 6.0 (1 8 0 4 2.0) (3.0 1 5 4 h 0 2.0) 2.0)
((8 1) (5 4))
(3.0 4)
(6.0 (5 1 0 h 2.0 8 3.0) 0 h (2.0 9 3.0 1 4 6.0) (h 4 3.0 1 9 2.0) (5 3.0 6.0 h 0 4 2.0 9) 5)
(1 (4 9 8 2.0 0 h 3.0) (0 9 8 h 3.0) (9 8 h 3.0 6.0) (5 h 1 3.0 2.0 0) (6.0 9 8 h) 4 h)
((h 1 5 0 6.0) (4 8 0 2.0 3.0) (6.0 9 0 4 h) (8 3.0 5 h 1) 3.0 9)
((0 3.0 9 4) (3.0 6.0 5 4 8 9) (h 9 3.0 4 8) 4 9)
((0 4 5 h 2.0 1) 6.0 (8 h 6.0 1) (2.0 9 0 h) h (4 1 5 8 9 3.0 6.0) (2.0 h 0 8 1))
(6.0 (6.0 3.0 4) 8)
((8 2.0 4) 2.0 (h 5 4))
((2.0 1 5 6.0 0 4) 9 (3.0 4 1 2.0 5) 6.0 1 (3.0 6.0 4 h 0 8) (9 4 8 3.0 0 6.0))
(9 6.0 (0 8 2.0 4 6.0) (6.0 4 0 8 1) h (6.0 1 h 2.0 8 0 5 9) 1 (8 h 5 3.0 0 4 6.0 2.0) 4)
(5 (6.0 4 3.0 5 8) (1 8 4 2.0 0 9) 9 1)
(6.0 h 9 5 (3.0 9 4 8) 1 (9 3.0 6.0 4 5 0))
((4 h 3.0 2.0) (1 5 0 h) 9 (2.0 h 8) (h 1 3.0 9 2.0))
(3.0 1 (5 0 8 3.0 1) 0 (2.0 5 0))
((h 6.0 0 8 2.0) 6.0 2.0 5 9)
(9 6.0 (8 3.0 h 6.0) 4)
()
(6.0 1 (h 8 0 4) h (2.0 4 1 3.0))
(h (9 3.0 5 1 6.0 0) (h 8 6.0 2.0 9 3.0 1) (1 2.0 h 8 4 6.0 3.0) 5 (h 0 3.0 9 6.0 8) (5 0 2.0 h 1 9 6.0 8) 8 6.0)
()
(8 (5 9 6.0 2.0 1) 1 4 5 3.0)
((4 3.0) (h 5 0) 5)
(4 (9 6.0 3.0 4 h) 6.0 2.0 9 (1 2.0 4 6.0 8 9) 0 1)
(8 (5 9 h 1 0) (8 9 1 4 5) (0 4 1 2.0 6.0) 6.0)
((1 5 9 6.0 4 3.0) (3.0 2.0 1 8) 6.0 (4 5 9 6.0) 9 2.0 h)
()
(4)
(2.0 3.0 h (8 5 4) (1 5 8 9 2.0))
()
(0 8 (9 0 4 8) (3.0 0 2.0 1) h 6.0)
((h 6.0) 8)
((4 0 6.0 h 3.0 9) (5 4 6.0 2.0 8 9 3.0) (h 8 6.0 0 2.0 4) 9 (9 h 0 4 8 3.0 5 6.0) 0 8 3.0 (9 6.0 h 2.0 3.0 4 0))
(h (5 9 8) (0 h 6.0))
(8 (h 5 8 0 1) 4 (4 3.0 1 8 9) (0 9 6.0 h 1 4) (0 3.0 6.0 1 h 5) 9)
(3.0 0 (3.0 6.0 4 9 1) h (4 5 2.0 1 3.0) (8 h 6.0 1 9) (3.0 h 0 6.0 2.0))
((2.0 0 1 9) 9 h (2.0 1 0 5) 0)
()
((9))
((3.0 1 6.0 2.0 0 h 4) (8 3.0 0 1 4 h 5) (5 0 h 4 3.0) (8 h 6.0 2.0 4 1) (3.0 2.0 8 4 5 1 0) h (0 2.0 4 8 1 3.0) (6.0 2.0 4 8) (4 9 1 0 5))
((6.0 4 9) 3.0)
(3.0 (5 2.0 9 4 0) 0 9 2.0 (4 8 2.0 1 3.0) 5)
(9 3.0 (0 2.0 3.0))
(6.0)
(0 (4 2.0 5 0) 4 (9 1 0 8))
((3.0))
(3.0 8 (3.0 2.0 0 6.0 h 5 1) (6.0 0 4 9) (5 8 3.0 h 4 2.0 6.0) (0 h 3.0 1 2.0 5 6.0 4 9) (4 1 0 6.0 h 8) 5 9 (4 6.0 1 2.0 8 5 9))
((0 2.0 1) (1 0) 1)
((6.0 4 9 3.0) (0 6.0 5 3.0 9) 8 (3.0 h 6.0 4 1) (3.0 4 8 2.0))
((6.0 9 4 h 8 3.0 2.0) 8 6.0 (2.0 8 9 3.0 6.0 h) 9 3.0 (2.0 4 6.0 1 5 h) h)
(6.0 9 (1 6.0 8 4) 3.0)
((h 4 8 9 5) 4 (5 9 0 4 8) (1 3.0 9 2.0 6.0) (2.0 h 3.0 4 6.0 8) (3.0 5 2.0 4 9))
((9 3.0 0) (h 6.0) 1 h)
(3.0 2.0 (9 8 4 2.0 h) (4 6.0 2.0 5))
(2.0 9 (6.0 h 2.0))
(9 5 2.0)
(4)
(h (5 h 9 2.0 1 8) 0 5 (9 8 1 3.0 5 4 h) (8 h 0 2.0 9 1 4) 9 6.0 2.0)
(8 (0 6.0 5 4 8 3.0) (2.0 1 6.0 4 8) 1 (0 2.0 6.0 h 4 9) 4 3.0)
((4 h 9 2.0) (6.0 h 4 0 1) 4 (5 9 4 1 2.0 3.0) (2.0 6.0 1 9) (9 8 6.0 4 1 3.0 5) 3.0)
((9))
((6.0 3.0 5 2.0 9 4) (8 9 2.0 4 0 5) (2.0 0 3.0 h 8 1) (4 2.0 h 9 1 0) (9 4 2.0 0 5 h 8 6.0) (4 2.0 3.0 8 h 5) (4 1 3.0 0 h) 2.0 6.0)
()
(5 4 8 (3.0 0 6.0 4 5) (0 2.0 5 3.0) 1)
((h))
(1)
((5 h 8) 0 9)
(5 (8 h 2.0) (9 4 8))
((2.0 1 3.0 5 h) 8 5 (9 6.0 2.0) 0)
(4)
(h (1 8 h) 2.0)
((8 4 2.0 9 3.0 0) (6.0 8 3.0 h 0 9 4 2.0 1) 5 (h 4 5 3.0 1 0) (9 1 8 2.0 6.0) (0 h 2.0 6.0 9 4) 4 8)
((8 5 6.0 h 1) 0 8 (4 9 0 h 2.0) (2.0 4 h 5 1) (6.0 5 h 3.0 1))
(9 (1 5 3.0) (0 1 5) 5)
(4 3.0 8 (8 2.0 4 1 9))
()
(3.0 (2.0 9 5 4 1 h) (3.0 8 1 h 0) 1 6.0 (6.0 2.0 1 3.0 4) h 2.0)
(2.0 (9 6.0 8 3.0 4 h) 0 (3.0 h 8 1 9 0 5) (1 9 2.0 h 4 3.0 0) (8 0 9 1 3.0 2.0 h) 8)
(1 (9 8 4 h 3.0 6.0) (1 4 h 3.0 6.0 0) 4 (6.0 4 h 9 1 5) (9 h 0 8 1 4) (6.0 0 h 9 5 2.0 3.0) (1 h 6.0 4) (3.0 4 9 1 0 6.0 2.0) (0 1 6.0 5 4 2.0 9))
((3.0 5 2.0) (3.0 9 8) (6.0 4 8) 2.0)
((3.0 5 1 2.0) 6.0 (3.0 1 9 2.0) (4 6.0 0 1 8) 1 4)
((h))
((1 0 5 3.0 6.0) 9 8 3.0 h)
()
((9 2.0 1 0 h 3.0) (0 8 4) (6.0 8 1 3.0 2.0) 0 2.0)
((9 2.0 3.0 6.0 1 h) 3.0 h (6.0 8 2.0 9 h 1) 8 (5 0 3.0 9 8 2.0) (8 1 2.0 6.0 4 3.0 h))
((4 6.0 5 0 8 h) 6.0 1 (0 1 9 6.0 8 2.0) 4 0)
((8 6.0 1 5 2.0) 5 (6.0 2.0 4 1) 8 1 (8 1 3.0 4 9 6.0) 9 6.0)
((5 4 9 2.0 1 h) h (9 3.0 0 8 5) 2.0 6.0 (9 4 h 2.0 0) 9)
(2.0 1 (3.0 0 8 4 6.0) 5 (4 8 1 5 h) (2.0 3.0 6.0 9 8 4) 9)
((9))
()
((1 6.0 3.0 9 8 4 5) (8 0 6.0 3.0 h 1 9 4) 5 2.0 (9 4 0 8 3.0 h 5) (3.0 9 5 0 4 1 2.0 6.0) (4 1 0 8 2.0 h 5 3.0) 1)
((9))
((5 2.0 h 0 1 3.0) (0 8 4 1 3.0) (1 9 4 5 6.0 3.0) (8 h 5 0) 5 3.0 6.0)
(2.0 (4 1 3.0 6.0) (5 2.0 6.0) (9 4 1 h))
(5 3.0 (9 1 5 2.0 8 0 4) (5 3.0 8 h 6.0) (3.0 4 5 0 h 6.0 8) 8 (h 4 1 3.0 2.0) (6.0 2.0 3.0 1 8 0 4) (6.0 9 2.0 3.0 8 0) 9)
()
((h 8 3.0 6.0 9 5) 2.0 (2.0 9 h 3.0 4 0 1) (4 0 1 h 9 2.0) 6.0 (h 6.0 4 5 8 1 3.0 2.0) 8 (6.0 8 2.0 5 0 9) 5 4)
((1 2.0 0 h 6.0 8 4) 4 (0 3.0 4 2.0 h 9 6.0) 0 h 9)
(2.0)
(1 6.0)
((5 6.0) 2.0)
(3.0 h (0 1 h 2.0 4 3.0 6.0) 2.0 6.0 0 8)
((0 5 h) 5 1)
(6.0 (8 3.0 2.0 4 5 0 h) (4 h 0 9 3.0) 8 (2.0 5 8 4 9 h 6.0) 9 (1 8 0 5 4 2.0))
(h 8 6.0 1 0)
(6.0 (3.0 5 8 1 9 4 h) 4 (1 9 6.0 4 8) (3.0 h 6.0 1 9 4) (h 4 3.0 8 0 5 2.0) (5 4 8 0 h) (4 6.0 9 8 1 0 5) (h 0 3.0 1 4 2.0))
()
(2.0 (9 2.0 6.0 0 3.0 5) (9 8 h 1 0 5) (h 5 9 0 6.0 4 2.0) (1 8 9 h 0 4 2.0) 0 (2.0 6.0 4 1 0 9 8) 5 (6.0 0 9 5 4 8 1 h))
((9 0 1 3.0) h (1 4 5 h) (3.0 0 5 h 1 2.0) (5 3.0 8 6.0 4) (8 2.0 5 1) 1 (1 3.0 8 5 0 6.0))
((0))
((6.0 0 8 h 5) 5 (1 0 h 2.0 9) (5 2.0 0 6.0 8 3.0) h 0 (2.0 0 6.0 1 h))
((6.0 3.0 5 2.0 8) 1 3.0 (0 9 8 h 1 5) 0 h (4 1 9 5 2.0))
(h (3.0 5 1 6.0 9) 1 (3.0 4 0 8 9) 0)
(h (8 3.0))
((h 3.0 8) (8 1 9) (0 2.0 9 1 5) (3.0 h 0) 3.0)
(5 (6.0 8 9 2.0 0) (6.0 1 9 5 h) (2.0 3.0 h 5 0) 4 9)
((0 6.0 9 8 2.0) 9 (9 5 h 2.0 0 3.0) 2.0 (4 9 6.0 8 5 0 h) 3.0 (6.0 8 4 9 2.0 5) 4)
(h 9 (4 2.0 3.0) 4)
((h 9 4 6.0 0) 5 (5 6.0 3.0 4 1) (9 4 1 6.0 h) (0 1 4 9 h 3.0 8) (6.0 1 3.0 4 9) (5 9 8 6.0 h))
((6.0 0 9) (6.0 2.0 h) 3.0 (2.0 1 4))
(0)
(2.0 1)
((5 9 6.0 h 1) (1 2.0 4 8 0 3.0 5 9) 4 0 (6.0 8 1 2.0 0) (0 3.0 5 8 6.0) 5)
(5 6.0 2.0 (5 0 3.0 1) (2.0 9 3.0 0 4) (9 0 1 6.0 8 h 2.0))
((h 8 6.0) 0)
((3.0 1 2.0 6.0 4 h) 4 6.0 9 5 (5 8 9 2.0 4 h) h)
()
((0))
((4 0) 2.0)
((4 1 3.0 h 2.0) 4 1 2.0 (8 1 4 h) 0)
()
(8 (8 1 6.0) h)
(5 (2.0 4) 2.0 8)
((h 3.0 5 2.0 4) 1 (8 9 4 h 3.0 2.0) h 5 (0 8 9 6.0 1))
(h (5 4 1) 2.0 9 (0 h 4 8))
(5)
(3.0 8)
(3.0 (h 1 3.0) (h 1 2.0 4 5) (4 h 1 3.0))
(0 4)
()
()
((8 0) (4 5) 3.0)
(6.0 (5 1 2.0 6.0) (6.0 4 3.0 5 1) (6.0 8 3.0) (9 2.0 8 1) 4 3.0)
((2.0 1 0) (6.0 3.0 1) 2.0)
(2.0 9 1 (9 1 0 5 4) (4 h 8 3.0 5) (0 4 1 h 8 9) (0 5 8 3.0 9))
((9 5 6.0 8 4) (9 0 5 4) 2.0 h)
()
(h 3.0 (4 8 2.0 6.0) (5 4 0 9) (3.0 h 8 9))
((5 0 3.0 1 h 4 6.0) (9 3.0 8 5 4 1 0) (6.0 h 8 3.0 4 9) h (2.0 5 4 6.0 9) 2.0 0 6.0)
(8)
(4 (9 2.0 h 5 0) (0 6.0 4 8 1 3.0 h) (h 6.0 4 3.0 1) (h 6.0 0 5 4) 2.0)
((9 h 1 4 8 6.0 2.0) 9 (3.0 h 2.0 5 0 1 9) 0 (h 1 9 5 3.0 2.0 6.0) (0 h 2.0 4 3.0 9) (2.0 8 3.0 6.0 9 1 4) 6.0)
()
((5 6.0) (3.0 0))
()
(6.0 9 (0 4 8 5 h 3.0 1) (0 1 6.0 9 5 h) (3.0 2.0 4 1 9) 4)
((9 1 6.0) 4 (h 6.0 8 1) (h 1 8 0))
((5 4 6.0 2.0 9 h 3.0) 8 2.0 5 (4 2.0 6.0 5 0) (1 3.0 9 8 5) 6.0 (2.0 1 9 5 0 8 3.0))
((2.0 8) 1 0)
(8 (5 0 2.0) 6.0 (h 2.0 5 0))
((3.0 0 h 9) (9 1 3.0 0) (0 5 3.0 9) (9 8 h))
((5) 4)
(5)
((2.0 5 3.0 9 1) (h 5 6.0) h (2.0 1 9 0 8) (8 4 2.0 1))
((6.0))
((4 6.0 3.0 8 2.0 5 h) (2.0 5 0 8 6.0) (2.0 8 3.0 5 0 1) (1 h 8 0 3.0 9) (9 0 8 h 3.0 4) (9 4 h 8 2.0 5) 2.0 0 3.0 (5 4 6.0 8 3.0))
(3.0 (3.0 h 1 0 6.0 5) 0 4 2.0 9 (9 0 2.0 8 4 h) 6.0)
((5 3.0 0 1 4) 3.0 8 (9 0 5 3.0) (6.0 3.0 8 2.0 9))
((3.0))
()
()
(6.0 (8 9 0 5 6.0 1) (1 8 4 0 5) (0 2.0 4 5 1) 4 8)
((4 3.0 9 6.0 5) 4 (h 0 9 4) (1 h 9 3.0) (5 9 3.0 8 4 6.0) (9 5 6.0 3.0 0 4))
(5 h 4 2.0 (8 5 3.0 6.0))
((2.0))
((4 8 5 1) 0 (8 1 h 6.0 0 5) (5 2.0 h) (h 4 1 6.0 3.0 9) (5 4 1 h 2.0))
((1 6.0 3.0 8 5 2.0 9) 9 (0 9 2.0 5 8 1) 8 (9 4 0 h 1 8) (9 8 5 4 1 6.0 3.0))
((4 3.0 0 6.0 8 1) 8 h (5 0 1 2.0 h 3.0 4) 5 (3.0 1 5 6.0 0) 6.0)
()
((2.0 h 3.0 1 4 5 8) (1 2.0 4 h 0 6.0 5) 1 8 4 (8 h 3.0 9 4 1 5) (2.0 3.0 5 1 8 9 h) (4 1 6.0 9 0 h 5) (1 0 5 9 4 8 3.0) (9 6.0 0 8 3.0 2.0 5))
(6.0 (5 2.0 8) (0 9))
(5 3.0 0 6.0 (4 5 0 2.0 8) 2.0)
((1 5 3.0) 6.0 (8 h))
(5 (2.0 h 9 4 3.0 6.0) 3.0 6.0 (h 9 5 6.0) (8 0 6.0 3.0))
(8 (5 4 1 0 6.0 8) h (4 8 9 5) (4 h 2.0 5 3.0 6.0 9) 0)
((6.0 4 2.0 3.0) 0 1 6.0)
((4 6.0 2.0) (0 h 8) (6.0 0))
((h 4 0 3.0) 1 (8 1 2.0 9) 2.0 8)
((8 1 0 2.0 5) (3.0 8 2.0 9 h 6.0) (8 3.0 1 9 0 5) 6.0 h 3.0 4 (0 8 4 h 9 3.0) (5 1 0 2.0 h 4 3.0))
()
((4 1 8 6.0) 0 3.0 (9 0))
(h)
(6.0 (5 4 3.0 h 0 6.0) (5 2.0 0 9 h) 5 (4 5 0 8 2.0 h) (1 0 5 2.0 9 8 6.0) 9 (3.0 2.0 4 9 1) 4)
(h (4 h) 4)
(h 4 6.0)
((0 4 5 h 9 1 2.0) (0 6.0 1 8 3.0 4) 8 (6.0 2.0 4 9 3.0 1 5) 1 (9 0 4 h 3.0) h (5 6.0 4 h 3.0) (2.0 1 9 4 5 0))
((1 9 6.0 2.0 3.0 5 4) 4 3.0 (8 6.0 4 h 9 5) (9 3.0 h 8 5 4) h (9 3.0 6.0 0 4 h 2.0))
()
()
(4 1)
(5 (8 0 4 9) (h 6.0 8 2.0 1) (1 2.0 9 h 8 5) (5 h 2.0 9 0 3.0) 2.0 1)
((4 1 6.0 2.0 8 5 h) (0 5 2.0 4) (8 6.0 h 4 1 9 5 2.0) (1 2.0 9 4 5) (2.0 1 6.0 5 8 3.0) 2.0 (1 0 6.0 5))
((1 9 0 5 3.0) (3.0 0 1 5) (8 1 3.0 4 h 0) h 5 (8 1 h 3.0 5 0))
((4))
(3.0 4 (5 8 3.0 2.0 9) (4 1 6.0 3.0 5) 0 (1 h 4 9) 5)
((4 1 3.0 h) 8 (6.0 5 8 2.0 3.0) (8 h 0 6.0) 2.0 (0 1 3.0 8 h))
(8 2.0 (h 4 8 2.0 5) 5 0 3.0)
(6.0 (5 1 3.0 h 6.0 2.0 0) 0 (8 6.0 h 1 4) 5 (5 h 0 6.0 3.0) (0 6.0 3.0 h 4 2.0))
(0 6.0 (4 6.0 0 3.0 h) 5 (0 4 2.0 1 8) (6.0 2.0 9 4 h 5) (3.0 2.0 9 8 h 5 0) 9)
((9))
()
()
((2.0))
(8 0 (5 0 3.0 4 6.0 h) 6.0 (2.0 5 9 h 0 3.0) (9 h 0 8) (1 5 3.0 h 0))
((2.0 0 1 5 h 9) 9 6.0 (1 2.0 0 6.0 h 4 9) 2.0 1 3.0)
((5 8) 9 (2.0 0 1))
(1 (2.0 6.0 8 4) 8 4 2.0)
()
(h)
(0 5 (2.0 4 h 6.0 9 0) (2.0 1 4 3.0) (6.0 h 0 8 5) (1 0 8 3.0) (5 1 2.0 8))
((h 5 9 8) (1 2.0 5 6.0 0) (6.0 5 0 8) 5 0)
((5 0 4 1 6.0 9) (5 3.0 6.0 0 h 1 9) 0 (2.0 h 0 1 9) (5 0 3.0 h 9 1 4) (2.0 5 3.0 0 8 h) 5 6.0 (1 8 2.0 4 9 0) h)
(9 2.0 (9 6.0 2.0 8) (4 0 9))
(2.0 4)
(0 (3.0 4 2.0 5 h) 6.0 (4 8 h 1 6.0) 3.0 5 (0 5 9 8 1))
(6.0 (1 9 3.0 4) 8 9)
(h (1 0 3.0 8) 8)
((2.0 0 h 4) (0 2.0 3.0 8) 0 (2.0 h 6.0 3.0 4) (5 8 6.0 3.0))
((1))
(2.0 (1 9 0 h 2.0 8 6.0) 1 3.0 (6.0 0 h 5 2.0) (9 h 1 5 0 2.0 8) (2.0 8 6.0 5 h 4 9))
(8 (6.0 5 1 4 h 2.0 8) (2.0 9 3.0 5 1 h) 3.0 (4 2.0 3.0 h 9 5 8) 6.0 (8 6.0 2.0 1 3.0 h 5 4) 2.0 (9 h 6.0 5 3.0 0 4))
((4 1 8 3.0 9) 5 9 8 4 (h 1 2.0 0 6.0 8))
((1 2.0 h 6.0 4) 2.0 (1 0 5 6.0 8) (2.0 8 1 4 3.0 5 h) (3.0 h 6.0 4 5 9 2.0) (5 3.0 2.0 1 6.0 0) 5 1 h)
(9 (6.0 3.0 9 2.0 4 8) 0 (8 4 6.0 3.0 h 1 2.0) (8 1 3.0 5 9 2.0 0 4 h) (2.0 1 3.0 8 h 4 9) 3.0 (0 2.0 9 8 6.0 h 3.0) 5 2.0)
((2.0 3.0 1 0 4 6.0) (6.0 8 0 2.0) 0 (h 6.0 4 1) (0 5 9 3.0) 5 4)
(2.0 5 (4 5 2.0 9) 6.0)
()
(h (1 4 5 9 3.0) 5 3.0)
(6.0 3.0 (4 3.0 h))
(0 (h 4 1 0 2.0) 2.0 8 (0 6.0 h 4 9))
((3.0 0 6.0 8 4) 3.0 (1 h 3.0 9 0 4) (5 4 2.0 3.0 6.0 h) 2.0 (0 1 6.0 3.0 9 8 4) (h 0 3.0 4 6.0 8 5) (2.0 0 1 5 3.0 4 8) (9 1 6.0 4 h 8 2.0))
((5 1 9 6.0 4) (9 0 6.0 8 4 3.0) 3.0 8 2.0 (8 4 0 5 9 1))
((6.0 5 8 9 2.0) (6.0 9 8 h 4 1) 6.0 (0 4 5 2.0 h) (0 4 1 8 6.0 3.0 5 9) (8 1 4 9 3.0 0 6.0) (0 5 2.0 1) (8 6.0 0 9 h 5) 5 4)
((4 0 6.0 5 3.0 8 9) (2.0 h 9 3.0 5 6.0 4) 3.0 1 8 (3.0 5 6.0 8 h 9) 4 9 (0 5 h 6.0 2.0 4))
()
((4 h 1) 5 (9 6.0 1) 6.0)
()
((2.0 9) (9))
(5 (4 8 1 9 5) 9 (h 6.0 4 0 8 9) (0 3.0 8 4 2.0))
((2.0 9 1) 3.0 6.0 (2.0 h 6.0 3.0) 9 0)
((2.0 3.0 4) (0 5 6.0) (6.0 2.0))
((3.0))
((5))
((0 2.0 9 4) 0 2.0 9)
((9 6.0 1 3.0 4) 8 (h 9 6.0) (6.0 8 2.0 4 3.0 1) (2.0 8 5 h 4) (6.0 0 h 4) 5 (5 4 h 1 6.0 9))
((8))
()
((9 8 6.0) (0 2.0 5) (8 0 3.0) (5 1 0 4))
((6.0 9 0 5 4 2.0) h 1 (4 2.0 3.0 8 1) (8 h 5 6.0 3.0 0 1) 9 4 (6.0 5 3.0 1 9))
((0 6.0 4 1) (3.0 1 0 h 4 2.0) (5 8 h 2.0) 8 5 (h 9 4 8 5))
(1 8)
(1.0 6.0)
(2 0.0)
(7.0 0.0)
(1.0 7.0)
(d 4)
(0.0 2)
(5 2)
(d 1.0)
(5 6.0)
(d 1.0)
(2 6.0)
(1.0 0.0)
(8.0 5)
(2 1.0)
(7.0 1.0)
(6.0 2)
(4 1.0)
(0.0 7.0)
(1.0 4)
(7.0 2)
(2 4)
(5 9)
(7.0 4)
(2 5)
(5 d)
(d 6.0)
(4 1.0)
(1.0 2)
(6.0 2)
(9 4)
(0.0 9)
(6.0 1.0)
(9 5)
(8.0 5)
(d 1.0)
(5 1.0)
(1.0 7.0)
(5 8.0)
(4 6.0)
(0.0 7.0)
(9 2)
(2 9)
(d 4)
(1.0 0.0)
(9 5)
(4 9)
(0.0 2)
(5 7.0)
(0.0 7.0)
(4 2)
(5 8.0)
(1.0 7.0)
(d 5)
(d 0.0)
(5 7.0)
(1.0 0.0)
(4 6.0)
(8.0 1.0)
(5 1.0)
(9 4)
(7.0 0.0)
(4 5)
(1.0 5)
(5 7.0)
(d 7.0)
(0.0 2)
(6.0 1.0)
(7.0 0.0)
(0.0 7.0)
(8.0 6.0)
(6.0 0.0)
(2 5)
(0.0 1.0)
(5 d)
(6.0 1.0)
(7.0 d)
(d 7.0)
(2 5)
(6.0 2)
(4 1.0)
(7.0 2)
(0.0 4)
(5 7.0)
(9 5)
(d 9)
(9 5)
(9 8.0)
(9 1.0)
(5 9)
(4 0.0)
(d 6.0)
(8.0 7.0)
(d 9)
(6.0 7.0)
(1.0 4)
(1.0 4)
(5 7.0)
(4 1.0)
(5 4)
(5 7.0)
(2 0.0)
(6.0 5)
(7.0 9)
(2 9)
(1.0 7.0)
(9 2)
(5 8.0)
(d 6.0)
(0.0 2)
(1.0 6.0)
(0.0 7.0)
(0.0 7.0)
(5 8.0)
(4 6.0)
(d 9)
(5 0.0)
(1.0 0.0)
(7.0 d)
(2 4)
(5 0.0)
(4 1.0)
(d 4)
(0.0 1.0)
(4 0.0)
(7.0 8.0)
(0.0 4)
(4 0.0)
(4 2)
(4 9)
(d 9)
(9 6.0)
(9 8.0)
(0.0 4)
(9 7.0)
(2 7.0)
(1.0 6.0)
(7.0 0.0)
(6.0 2)
(2 0.0)
(5 8.0)
(1.0 0.0)
(2 5)
(2 9)
(5 4)
(2 6.0)
(4 5)
(5 2)
(d 7.0)
(4 8.0)
(d 8.0)
(0.0 4)
(0.0 7.0)
(2 6.0)
(8.0 9)
(9 0.0)
(0.0 d)
(2 1.0)
(5 d)
(6.0 4)
(6.0 0.0)
(4 0.0)
(9 2)
(d 6.0)
(5 9)
(8.0 5)
(8.0 5)
(1.0 0.0)
(8.0 0.0)
(7.0 d)
(7.0 d)
(0.0 6.0)
(2 4)
(6.0 9)
(5 8.0)
(1.0 d)
(8.0 5)
(9 4)
(7.0 2)
(7.0 d)
(1.0 5)
(d 8.0)
(7.0 d)
(2 5)
(6.0 5)
(1.0 6.0)
(6.0 d)
(5 8.0)
(8.0 6.0)
(2 d)
(5 0.0)
(4 6.0)
(d 0.0)
(4 0.0)
(4 8.0)
(8.0 0.0)
(1.0 6.0)
(0.0 2)
(2 9)
(2 8.0)
(4 6.0)
(5 8.0)
(2 6.0)
(1.0 7.0)
(8.0 7.0)
(9 1.0)
(2 d)
(d 0.0)
(9 2)
(d 6.0)
(5 0.0)
(4 d)
(5 8.0)
(0.0 1.0)
(5 7.0)
(9 5)
(6.0 0.0)
(2 d)
(4 d)
(5 7.0)
(9 2)
(2 1.0)
(8.0 2)
(8.0 5)
(d 4)
(0.0 2)
(4 2)
(4 0.0)
(0.0 1.0)
(d 0.0)
(d 6.0)
(d 0.0)
(1.0 0.0)
(d 6.0)
(1.0 5)
(4 1.0)
(0.0 4)
(7.0 2)
(4 8.0)
(d 1.0)
(6.0 1.0)
(9 5)
(5 9)
(1.0 0.0)
(5 9)
(5 2)
(4 1.0)
(6.0 4)
(9 7.0)
(0.0 4)
(6.0 5)
(1.0 4)
(9 2)
(1.0 4)
(5 2)
(8.0 1.0)
(1.0 8.0)
(8.0 0.0)
(2 5)
(6.0 9)
(6.0 9)
(2 7.0)
(7.0 6.0)
(9 6.0)
(6.0 2)
(2 7.0)
(d 6.0)
(4 8.0)
(1.0 d)
(2 9)
(8.0 0.0)
(5 7.0)
(5 8.0)
(2 4)
(d 2)
(9 7.0)
(1.0 9)
(1.0 9)
(5 7.0)
(8.0 4)
(0.0 7.0)
(0.0 5)
(4 9)
(8.0 0.0)
(9 0.0)
(8.0 7.0)
(7.0 5)
(0.0 d)
(1.0 9)
(1.0 4)
(5 4)
(2 6.0)
(d 2)
(9 1.0)
(2 7.0)
(1.0 2)
(4 0.0)
(5 8.0)
(1.0 9 8.0)
(6.0 1.0 d)
(9 7.0 4 8.0)
(d 6.0 8.0 9)
(6.0 4 7.0 0.0)
(7.0 8.0 4)
(2 6.0 9 0.0)
(7.0 8.0 4 9)
(0.0 7.0 9 1.0)
(9 7.0 d)
(1.0 8.0 4)
(1.0 d 4)
(9 2 4 6.0)
(6.0 7.0 d 4)
(2 1.0 7.0)
(4 9 7.0)
(6.0 2 1.0 9)
(2 4 7.0)
(7.0 5 9)
(8.0 d 5)
(9 6.0 8.0)
(6.0 4 5)
(8.0 0.0 9 6.0)
(6.0 7.0 9 1.0)
(1.0 5 9 4)
(1.0 5)
(0.0 1.0 5)
(7.0 9 6.0 8.0)
(0.0 4)
(5 9 4 0.0)
(d 0.0 8.0 9)
(5 8.0 9)
(2 8.0 5 1.0)
(0.0 9 8.0)
(d 0.0 4)
(2 4 6.0)
(4 1.0 6.0 9)
(6.0 5 8.0 1.0)
(9 6.0 7.0 4)
(4 1.0 0.0)
(1.0 9 6.0)
(2 7.0 d 6.0)
(1.0 6.0 9)
(1.0 8.0 5)
(8.0 0.0 7.0 4)
(8.0 0.0 2 9)
(9 1.0 7.0 8.0)
(6.0 5 2 0.0)
(0.0 8.0 5 4)
(5 0.0 9 1.0)
(d 9)
(5 2 9)
(6.0 4 8.0)
(8.0 6.0 4)
(0.0 2 7.0 d)
(d 9 8.0)
(2 5)
(7.0 5 6.0)
(4 8.0 9 0.0)
(8.0 5 6.0 0.0)
(8.0 2 6.0)
(1.0 6.0 d)
(8.0 d)
(d 0.0 6.0 4)
(d 7.0 4 6.0)
(7.0 2 5 4)
(8.0 1.0 5 4)
(8.0 5 0.0 9)
(8.0 6.0 4 5)
(2 0.0 1.0 6.0)
(d 6.0 5)
(6.0 4 d)
(1.0 9 6.0 7.0)
(1.0 5 7.0)
(1.0 7.0 8.0 5)
(2 6.0 d)
(4 9 2)
(d 4 7.0 9)
(7.0 d 6.0 8.0)
(5 1.0 4 0.0)
(0.0 1.0 6.0 d)
(4 1.0 9)
(2 d 8.0 6.0)
(1.0 8.0 0.0 9)
(6.0 1.0 5 7.0)
(7.0 9 8.0)
(1.0 8.0 6.0)
(7.0 4 8.0)
(6.0 2 4 5)
(1.0 4 8.0 7.0)
(4 d 6.0)
(5 9 4)
(2 7.0 0.0 1.0)
(8.0 6.0 0.0)
(9 0.0 5)
(2 0.0 9 4)
(8.0 0.0 9 1.0)
(5 0.0 9)
(1.0 7.0 4 0.0)
(8.0 9 2)
(6.0 4 2)
(4 8.0 6.0 0.0)
(2 0.0 9)
(4 0.0 5)
(0.0 2 4)
(d 2 8.0)
(1.0 8.0 2)
(d 4 0.0 8.0)
(7.0 9)
(5 6.0 9 0.0)
(2 8.0 1.0 7.0)
(4 d 9)
(6.0 1.0 4)
(0.0 6.0 7.0)
(6.0 0.0 d)
(1.0 9 6.0 4)
(d 8.0 5 9)
(4 7.0 1.0 8.0)
(d 4 2 7.0)
(5 2 1.0 7.0)
(5 6.0 d 2)
(9 0.0 2 8.0)
(7.0 8.0 6.0 d)
(8.0 9 1.0)
(0.0 d 8.0 9)
(1.0 9 6.0 d)
(8.0 9 0.0)
(9 0.0 7.0)
(8.0 d 5 7.0)
(8.0 7.0 5 9)
(2 7.0 d)
(9 0.0 2)
(5 6.0 4)
(6.0 8.0 4 d)
(7.0 9 d)
(5 4 9 8.0)
(d 0.0 7.0 6.0)
(4 5 2 6.0)
(d 8.0)
(0.0 8.0 5)
(d 5 8.0 9)
(2 d 0.0)
(7.0 5 6.0 2)
(1.0 4 d)
(6.0 2 7.0)
(d 1.0 9)
(6.0 8.0 7.0 4)
(4 2)
(5 2 9 6.0)
(d 0.0 1.0 8.0)
(9 4 0.0 2)
(d 8.0 5)
(5 0.0 4)
(2 9 d)
(1.0 7.0 6.0)
(6.0 4 d 5)
(0.0 7.0 4 5)
(d 0.0 2 7.0)
(1.0 4 7.0 2)
(0.0 1.0 7.0 d)
(9 2)
(d 9 2 5)
(d 9 7.0 1.0)
(8.0 1.0 2 4)
(5 1.0 6.0)
(0.0 2 7.0)
(6.0 5 4)
(d 7.0 0.0)
(4 1.0 7.0)
(9 1.0 2 d)
(9 2 4)
(2 8.0 6.0 7.0)
(7.0 0.0 1.0 9)
(7.0 1.0 9)
(8.0 7.0 9)
(5 2 1.0 4)
(4 7.0 9 2)
(5 8.0 0.0)
(7.0 1.0 6.0 0.0)
(8.0 6.0 7.0 d)
(5 7.0 6.0)
(6.0 9 8.0 5)
(1.0 8.0 0.0)
(1.0 7.0 5)
(4 6.0 7.0 8.0)
(d 0.0 2)
(2 9 7.0 8.0)
(9 8.0 6.0)
(7.0 5 1.0 9)
(5 0.0 1.0 4)
(4 9 8.0 1.0)
(4 1.0 9)
(2 6.0 4)
(6.0 0.0 5)
(9 4 1.0)
(d 6.0 4 0.0)
(d 9 8.0)
(8.0 d 2 1.0)
(2 d 5 4)
(4 1.0 5 7.0)
(d 8.0)
(7.0 5 4 2)
(8.0 d 1.0)
(1.0 0.0 d)
(d 5 1.0)
(4 d 7.0 2)
(9 2 7.0 4)
(8.0 4 d)
(9 d 6.0)
(4 2)
(8.0 7.0 6.0)
(7.0 0.0 9 5)
(6.0 0.0)
(6.0 d 7.0 9)
(0.0 d 5)
(1.0 4 6.0 5)
(8.0 9)
(4 2 6.0)
(4 5 0.0 7.0)
(9 1.0 6.0 8.0)
(4 5 8.0 7.0)
(1.0 6.0 5 2)
(5 7.0)
(8.0 6.0 9 5)
(7.0 2 d)
(6.0 5 1.0 4)
(2 1.0 9 7.0)
(8.0 0.0 6.0)
(5 2 8.0 7.0)
(6.0 2 8.0)
(d 6.0 9 7.0)
(9 7.0 5 4)
(8.0 6.0 9 d)
(d 5 9)
(8.0 7.0 d 1.0)
(9 8.0 2 0.0)
(2 5 9 d)
(2 4 6.0)
(d 0.0 4)
(4 6.0 8.0)
(6.0 8.0 5 d)
(4 5 8.0)
(7.0 6.0 8.0)
(2 d 6.0 5)
(0.0 7.0 1.0)
(4 0.0 8.0)
(1.0 6.0 5)
(1.0 7.0 4 5)
(6.0 1.0)
(1.0 7.0 4 8.0)
(9 8.0 5 d)
(5 0.0 d 1.0)
(2 5 4 9)
(1.0 0.0 8.0 6.0)
(5 6.0 2 4)
(0.0 7.0 1.0)
(4 6.0 0.0)
(9 6.0 1.0)
(2 1.0 4)
(6.0 d)
(d 4 0.0 7.0)
(0.0 5 d 4)
(2 4 1.0 0.0)
(7.0 8.0 1.0)
(4 0.0 7.0 6.0)
(4 8.0 6.0 9)
(9 2 1.0)
(0.0 8.0 9 d)
(4 0.0 9 7.0)
(1.0 5 9)
(7.0 6.0 1.0 5)
(2 9 7.0)
(8.0 0.0 9 d)
(5 9 2 1.0)
(8.0 1.0 4 5)
(2 8.0)
(d 6.0 7.0)
(2 0.0 6.0 5)
(7.0 1.0 9 6.0)
(9 0.0 8.0)
(7.0 8.0 9 d)
(5 6.0 9)
(7.0 4 6.0)
(6.0 4 d 9)
(9 0.0 d)
(d 5 7.0 6.0)
(6.0 4 0.0 d)
(9 4 8.0 1.0)
(0.0 6.0 8.0 9)
(5 6.0 0.0 9)
(8.0 1.0 0.0 5)
(0.0 4 7.0 d)
(0.0 6.0 1.0 2)
(1.0 9 0.0)
(9 4 6.0 0.0)
(2 d 0.0 9)
(d 5 7.0)
(0.0 6.0 2 7.0)
(9 8.0 6.0)
(d 2 1.0 9)
(4 0.0 7.0)
(4 0.0 7.0)
(1.0 4 5)
(d 1.0 7.0)
(7.0 5 8.0)
(9 4 8.0)
(0.0 4 d)
(4 2 d 6.0)
(9 1.0 0.0 6.0)
(0.0 5 d)
(2 4 5 1.0)
(d 9 4 2)
(8.0 6.0 5)
(0.0 6.0 d 2)
(4 0.0 1.0 8.0)
(6.0 7.0 0.0)
(2 4 0.0)
(9 8.0 2 0.0)
(6.0 1.0 9)
(2 6.0 4)
(7.0 6.0 9 d)
(5 8.0)
(4 1.0 d 0.0)
(8.0 1.0)
(8.0 d 7.0)
(5 8.0 1.0)
(7.0 9 d)
(6.0 4 0.0 d)
(d 6.0 8.0 7.0)
(9 1.0 5 2 8.0)
(6.0 9 5 8.0)
(1.0 d 9 5 4)
(9 1.0 8.0 2)
(2 5 4 1.0)
(2 9 4 5)
(9 7.0 8.0)
(4 0.0 5 7.0 8.0)
(4 2 1.0 6.0 d)
(6.0 7.0 8.0 1.0 5)
(9 6.0 0.0 5 8.0)
(5 7.0 1.0 d)
(7.0 d 8.0)
(7.0 6.0 5 0.0)
(2 9 1.0 0.0)
(2 0.0 9 7.0 1.0 6.0)
(4 d 1.0 9 2)
(0.0 6.0 7.0 d 9 2)
(8.0 6.0 4 5 9)
(4 8.0 9 d 6.0)
(9 7.0 4 2 d 8.0)
(6.0 d 4 2 1.0 9)
(5 8.0 d 9 1.0)
(6.0 9 4 1.0)
(0.0 6.0 8.0)
(9 0.0 5 2 7.0)
(5 7.0 6.0 1.0 2)
(6.0 5 2 0.0 1.0)
(2 9 4 6.0 8.0)
(9 4 1.0 2 6.0 8.0)
(1.0 5 d 9 0.0)
(d 5 0.0 2 8.0)
(8.0 2 1.0 5 9)
(9 6.0 8.0 4 0.0 7.0)
(1.0 8.0 0.0 9)
(d 8.0 4 0.0 2)
(6.0 8.0 1.0 d 4 7.0)
(9 7.0 2 5 d 1.0)
(5 6.0 1.0 8.0 d)
(0.0 6.0 1.0 7.0)
(0.0 2 8.0 9 5)
(4 9 1.0)
(4 9 7.0 5)
(1.0 2 7.0 5)
(d 5 2 8.0)
(2 0.0 6.0 1.0 9)
(7.0 1.0 8.0 5)
(2 4 9 6.0)
(2 8.0 d 0.0)
(d 4 1.0 0.0)
(1.0 5 9 2)
(9 7.0 5 2)
(5 6.0 2 9 8.0)
(2 d 0.0 4 1.0)
(8.0 0.0 4 9)
(4 6.0 0.0 2)
(7.0 2 8.0 6.0 5 4)
(5 d 4 7.0)
(8.0 5 2 9 4 0.0)
(6.0 5 d 7.0 9 2)
(9 0.0 7.0 1.0 d 6.0)
(1.0 0.0 9 d 8.0 4)
(5 7.0 6.0 1.0 8.0 9)
(6.0 0.0 7.0 2 5)
(8.0 6.0 7.0 1.0)
(0.0 5 1.0 4)
(d 6.0 8.0 5 4 0.0)
(d 0.0 6.0 9 1.0)
(2 9 7.0 6.0 8.0)
(7.0 5 9 1.0 2)
(6.0 2 4 9 8.0 d)
(5 4 8.0 2 0.0)
(6.0 1.0 d 9)
(8.0 2 6.0 5 7.0)
(5 9 2 1.0)
(7.0 2 1.0 d)
(6.0 8.0 2 9)
(7.0 1.0 6.0 8.0)
(2 7.0 9 1.0 0.0)
(8.0 9 6.0 4 0.0 7.0)
(7.0 0.0 6.0 2)
(5 d 0.0 8.0 7.0)
(8.0 5 d)
(4 5 8.0 2 0.0 7.0)
(1.0 5 8.0 7.0 0.0)
(2 5 0.0 8.0)
(5 9 4 6.0)
(7.0 0.0 8.0 6.0)
(d 6.0 2 4)
(1.0 6.0 5 d 0.0)
(d 5 4 9)
(6.0 4 9 7.0)
(7.0 d 1.0 5)
(d 0.0 1.0 6.0 5)
(6.0 1.0 9 4)
(8.0 6.0 2 1.0 7.0)
(4 1.0 0.0 7.0 d)
(9 7.0 5 0.0)
(7.0 1.0 4 d 0.0)
(4 6.0 d 9 7.0)
(d 6.0 0.0)
(5 7.0 2 d)
(6.0 4 5 8.0 d 2)
(5 2 6.0 7.0 9 0.0)
(d 8.0 1.0 0.0 4)
(6.0 0.0 9 8.0 d)
(2 7.0 9 1.0 8.0)
(1.0 6.0 d 7.0 9)
(2 6.0 8.0 1.0)
(6.0 5 0.0 d 4)
(4 2 8.0 1.0 7.0 d)
(9 7.0 4 5 2)
(0.0 2 d 4 6.0)
(1.0 0.0 4 8.0 d)
(8.0 0.0 d 7.0 4)
(2 5 7.0 6.0)
(5 6.0 9 7.0 2)
(d 5 0.0 9 7.0)
(5 1.0 0.0 2 6.0 9)
(0.0 d 4 6.0)
(1.0 d 0.0 4 6.0)
(5 2 4 d 8.0 0.0)
(0.0 1.0 6.0 5)
(0.0 4 d 8.0)
(9 d 8.0 5 0.0)
(6.0 1.0 8.0 9)
(4 0.0 5 1.0 d 6.0)
(d 9 0.0 4)
(5 7.0 9 2 d)
(d 4 9 2 7.0 1.0)
(4 0.0 2 6.0 9)
(4 0.0 5 d 2)
(7.0 4 5 9 0.0)
(0.0 6.0 7.0 d 5 4)
(d 0.0 5 4)
(9 7.0 8.0 4)
(9 2 d 4 5 0.0)
(d 2 7.0 1.0 6.0)
(1.0 0.0 6.0 4 5)
(2 1.0 6.0 5 7.0)
(5 8.0 2 6.0 4 7.0)
(1.0 0.0 5 7.0 9)
(4 8.0 5 d 1.0 7.0)
(1.0 9 d 6.0)
(7.0 5 0.0 1.0 8.0)
(0.0 6.0 1.0 9 2)
(0.0 5 8.0)
(4 5 2 1.0)
(4 2 5 d 9)
(7.0 4 1.0 0.0 9 d)
(1.0 8.0 5 4 6.0 2)
(9 0.0 d 5 8.0)
(2 4 0.0 8.0)
(7.0 1.0 4 8.0 2)
(d 9 5 6.0)
(6.0 7.0 9 d 2)
(2 1.0 0.0 d)
(0.0 1.0 6.0 2 4)
(4 6.0 7.0 9 d)
(5 2 7.0 6.0 9)
(9 1.0 8.0 d 7.0)
(7.0 6.0 1.0 0.0 5)
(2 9 0.0 d 1.0 4)
(2 4 5 d)
(4 7.0 5 6.0 9)
(1.0 8.0 d 7.0)
(1.0 0.0 8.0 9)
(8.0 4 5 6.0 2)
(5 2 9 d 0.0)
(9 d 5 6.0 1.0 7.0)
(5 8.0 6.0 9 2)
(5 2 6.0 0.0)
(4 0.0 9 6.0 5)
(8.0 4 7.0)
(2 6.0 4 5 8.0)
(5 4 7.0 1.0)
(8.0 0.0 7.0 5 4)
(2 9 6.0 8.0)
(9 d 2 0.0 5 4)
(8.0 4 0.0 6.0 7.0 1.0)
(4 2 0.0)
(d 9 6.0 2 7.0)
(4 8.0 7.0 9 2 1.0)
(2 4 6.0 1.0 d 7.0)
(5 0.0 6.0 8.0 9)
(d 2 5 9)
(4 8.0 5 9 6.0)
(1.0 0.0 2 6.0 8.0)
(0.0 d 2 9)
(5 d 2 6.0)
(5 2 9 d)
(d 0.0 2 8.0 9)
(6.0 8.0 9 d 2)
(0.0 7.0 2 1.0 5)
(d 4 6.0 9 0.0)
(4 8.0 9 0.0 6.0)
(0.0 5 6.0 8.0 1.0)
(d 5 8.0 2 0.0 6.0)
(0.0 d 9 5)
(5 d 7.0 9)
(2 7.0 4 8.0)
(1.0 9 8.0 5 4)
(7.0 6.0 1.0 8.0 4 5)
(d 4 8.0 5 2)
(9 7.0 5 1.0)
(7.0 6.0 1.0 8.0 d 4)
(5 8.0 2)
(8.0 4 d 2 9 5)
(7.0 1.0 2 5)
(0.0 5 d 2 9)
(0.0 1.0 7.0 5)
(0.0 7.0 d 9 1.0)
(1.0 0.0 4 9)
(1.0 2 5 7.0 8.0)
(1.0 5 9 2)
(4 5 7.0 6.0 0.0 2)
(8.0 2 0.0 7.0 d)
(6.0 0.0 9 1.0 8.0)
(7.0 d 1.0 6.0)
(2 d 7.0 0.0 6.0)
(5 1.0 7.0 8.0 6.0)
(9 2 0.0 7.0 6.0)
(9 2 0.0 8.0)
(2 1.0 0.0 6.0)
(1.0 9 8.0 2 7.0)
(d 5 9 6.0 2)
(0.0 7.0 9 8.0 6.0)
(9 1.0 6.0 5 4)
(1.0 6.0 4 7.0)
(d 9 4 5 0.0)
(0.0 7.0 d 2 6.0)
(8.0 5 0.0 9 6.0)
(7.0 0.0 1.0 d 4)
(6.0 1.0 8.0 5 7.0)
(8.0 5 7.0 0.0 9)
(0.0 9 4 6.0 2)
(5 0.0 2 7.0 1.0)
(0.0 9 1.0)
(6.0 7.0 5 2 0.0)
(1.0 4 9 d)
(9 0.0 7.0 2)
(6.0 d 2 8.0)
(5 7.0 0.0 2 1.0 d)
(4 6.0 1.0 d 9)
(2 1.0 8.0 0.0)
(1.0 2 d 5 6.0)
(5 9 0.0 8.0)
(4 d 8.0 1.0 6.0)
(5 4 2 d 7.0)
(8.0 d 4 2 6.0)
(0.0 6.0 2 1.0)
(4 7.0 6.0 9 5 d)
(6.0 8.0 5 1.0)
(2 8.0 5 4 0.0)
(5 0.0 d 7.0)
(5 2 4 1.0 d 0.0)
(8.0 7.0 9 1.0 d)
(7.0 9 0.0 5 8.0)
(d 9 4 2 7.0)
(6.0 0.0 5)
(5 2 1.0 0.0 9)
(1.0 d 8.0 2 7.0)
(d 8.0 7.0 6.0)
(5 7.0 8.0 1.0 0.0 6.0)
(5 9 1.0 0.0 4)
(9 6.0 2 5 7.0 d)
(1.0 5 0.0 7.0 2)
(6.0 4 d 7.0 9)
(7.0 6.0 5 2 9)
(8.0 2 9 1.0 0.0)
(2 7.0 0.0 1.0)
(1.0 2 8.0 7.0 5)
(5 8.0 0.0 6.0)
(7.0 d 0.0 8.0)
(d 2 7.0 9 1.0 0.0)
(d 8.0 2 1.0 4 6.0)
(8.0 2 5 d 6.0 7.0)
(d 6.0 8.0)
(9 1.0 0.0 2 7.0)
(9 5 d 6.0)
(7.0 5 2 0.0)
(9 6.0 4 0.0 5)
(7.0 4 6.0 d 1.0)
(8.0 0.0 4 1.0 d)
(7.0 6.0 d 0.0)
(4 7.0 1.0 2)
(9 0.0 4 7.0 6.0 d)
(0.0 5 d 1.0 8.0 6.0)
(4 8.0 6.0)
(6.0 4 2 1.0)
(7.0 0.0 6.0 8.0 2)
(d 4 1.0 5 7.0)
(0.0 1.0 7.0 2)
(6.0 7.0 5 d 8.0)
(5 2 9 8.0)
(1.0 4 6.0 0.0 d 2)
(9 6.0 5 0.0 d)
(7.0 5 d 9)
(5 d 4 9 8.0)
(5 2 7.0 0.0 8.0)
(5 6.0 7.0 0.0 2)
(1.0 2 7.0 5)
(0.0 4 5 d 1.0 9)
(5 0.0 8.0 2 6.0)
(6.0 9 2 8.0 5)
(7.0 6.0 5 d 4 0.0)
(9 5 2 4)
(0.0 2 d 7.0 1.0)
(5 1.0 0.0 4 2 7.0)
(4 6.0 0.0 8.0)
(7.0 0.0 9 8.0)
(7.0 0.0 5 6.0 2 8.0)
(7.0 d 6.0 4)
(0.0 8.0 1.0 4)
(7.0 0.0 d 1.0 9)
(7.0 6.0 0.0 4)
(1.0 2 5 4)
(2 4 0.0 6.0)
(2 0.0 1.0)
(7.0 5 d 0.0 6.0)
(7.0 6.0 0.0 1.0 4)
(d 6.0 9 7.0 4)
(0.0 7.0 2 6.0 d)
(6.0 8.0 4 1.0 2 5)
(6.0 5 1.0 2 8.0)
(2 6.0 9 7.0 1.0)
(5 d 1.0 2 4)
((((((((() (x)) (() (x) x)) ((() (x)) (() (x) x) x)) (((() (x)) (() (x) x)) ((() (x)) (() (x) x) x) x)) ((((() (x)) (() (x) x)) ((() (x)) (() (x) x) x)) (((() (x)) (() (x) x)) ((() (x)) (() (x) x) x) x) x)) (((((() (x)) (() (x) x)) ((() (x)) (() (x) x) x)) (((() (x)) (() (x) x)) ((() (x)) (() (x) x) x) x)) ((((() (x)) (() (x) x)) ((() (x)) (() (x) x) x)) (((() (x)) (() (x) x)) ((() (x)) (() (x) x) x) x) x) x)) ((((((() (x)) (() (x) x)) ((() (x)) (() (x) x) x)) (((() (x)) (() (x) x)) ((() (x)) (() (x) x) x) x)) ((((() (x)) (() (x) x)) ((() (x)) (() (x) x) x)) (((() (x)) (() (x) x)) ((() (x)) (() (x) x) x) x) x)) (((((() (x)) (() (x) x)) ((() (x)) (() (x) x) x)) (((() (x)) (() (x) x)) ((() (x)) (() (x) x) x) x)) ((((() (x)) (() (x) x)) ((() (x)) (() (x) x) x)) (((() (x)) (() (x) x)) ((() (x)) (() (x) x) x) x) x) x) x)) (((((((() (x)) (() (x) x)) ((() (x)) (() (x) x) x)) (((() (x)) (() (x) x)) ((() (x)) (() (x) x) x) x)) ((((() (x)) (() (x) x)) ((() (x)) (() (x) x) x)) (((() (x)) (() (x) x)) ((() (x)) (() (x) x) x) x) x)) (((((() (x)) (() (x) x)) ((() (x)) (() (x) x) x)) (((() (x)) (() (x) x)) ((() (x)) (() (x) x) x) x)) ((((() (x)) (() (x) x)) ((() (x)) (() (x) x) x)) (((() (x)) (() (x) x)) ((() (x)) (() (x) x) x) x) x) x)) ((((((() (x)) (() (x) x)) ((() (x)) (() (x) x) x)) (((() (x)) (() (x) x)) ((() (x)) (() (x) x) x) x)) ((((() (x)) (() (x) x)) ((() (x)) (() (x) x) x)) (((() (x)) (() (x) x)) ((() (x)) (() (x) x) x) x) x)) (((((() (x)) (() (x) x)) ((() (x)) (() (x) x) x)) (((() (x)) (() (x) x)) ((() (x)) (() (x) x) x) x)) ((((() (x)) (() (x) x)) ((() (x)) (() (x) x) x)) (((() (x)) (() (x) x)) ((() (x)) (() (x) x) x) x) x) x) x) x) ((((((((() (x)) (() (x) x)) ((() (x)) (() (x) x) x)) (((() (x)) (() (x) x)) ((() (x)) (() (x) x) x) x)) ((((() (x)) (() (x) x)) ((() (x)) (() (x) x) x)) (((() (x)) (() (x) x)) ((() (x)) (() (x) x) x) x) x)) (((((() (x)) (() (x) x)) ((() (x)) (() (x) x) x)) (((() (x)) (() (x) x)) ((() (x)) (() (x) x) x) x)) ((((() (x)) (() (x) x)) ((() (x)) (() (x) x) x)) (((() (x)) (() (x) x)) ((() (x)) (() (x) x) x) x) x) x)) ((((((() (x)) (() (x) x)) ((() (x)) (() (x) x) x)) (((() (x)) (() (x) x)) ((() (x)) (() (x) x) x) x)) ((((() (x)) (() (x) x)) ((() (x)) (() (x) x) x)) (((() (x)) (() (x) x)) ((() (x)) (() (x) x) x) x) x)) (((((() (x)) (() (x) x)) ((() (x)) (() (x) x) x)) (((() (x)) (() (x) x)) ((() (x)) (() (x) x) x) x)) ((((() (x)) (() (x) x)) ((() (x)) (() (x) x) x)) (((() (x)) (() (x) x)) ((() (x)) (() (x) x) x) x) x) x) x)) (((((((() (x)) (() (x) x)) ((() (x)) (() (x) x) x)) (((() (x)) (() (x) x)) ((() (x)) (() (x) x) x) x)) ((((() (x)) (() (x) x)) ((() (x)) (() (x) x) x)) (((() (x)) (() (x) x)) ((() (x)) (() (x) x) x) x) x)) (((((() (x)) (() (x) x)) ((() (x)) (() (x) x) x)) (((() (x)) (() (x) x)) ((() (x)) (() (x) x) x) x)) ((((() (x)) (() (x) x)) ((() (x)) (() (x) x) x)) (((() (x)) (() (x) x)) ((() (x)) (() (x) x) x) x) x) x)) ((((((() (x)) (() (x) x)) ((() (x)) (() (x) x) x)) (((() (x)) (() (x) x)) ((() (x)) (() (x) x) x) x)) ((((() (x)) (() (x) x)) ((() (x)) (() (x) x) x)) (((() (x)) (() (x) x)) ((() (x)) (() (x) x) x) x) x)) (((((() (x)) (() (x) x)) ((() (x)) (() (x) x) x)) (((() (x)) (() (x) x)) ((() (x)) (() (x) x) x) x)) ((((() (x)) (() (x) x)) ((() (x)) (() (x) x) x)) (((() (x)) (() (x) x)) ((() (x)) (() (x) x) x) x) x) x) x) x)) ((((((((() (x)) (() (x) x)) ((() (x)) (() (x) x) x)) (((() (x)) (() (x) x)) ((() (x)) (() (x) x) x) x)) ((((() (x)) (() (x) x)) ((() (x)) (() (x) x) x)) (((() (x)) (() (x) x)) ((() (x)) (() (x) x) x) x) x)) (((((() (x)) (() (x) x)) ((() (x)) (() (x) x) x)) (((() (x)) (() (x) x)) ((() (x)) (() (x) x) x) x)) ((((() (x)) (() (x) x)) ((() (x)) (() (x) x) x)) (((() (x)) (() (x) x)) ((() (x)) (() (x) x) x) x) x) x)) ((((((() (x)) (() (x) x)) ((() (x)) (() (x) x) x)) (((() (x)) (() (x) x)) ((() (x)) (() (x) x) x) x)) ((((() (x)) (() (x) x)) ((() (x)) (() (x) x) x)) (((() (x)) (() (x) x)) ((() (x)) (() (x) x) x) x) x)) (((((() (x)) (() (x) x)) ((() (x)) (() (x) x) x)) (((() (x)) (() (x) x)) ((() (x)) (() (x) x) x) x)) ((((() (x)) (() (x) x)) ((() (x)) (() (x) x) x)) (((() (x)) (() (x) x)) ((() (x)) (() (x) x) x) x) x) x) x)) (((((((() (x)) (() (x) x)) ((() (x)) (() (x) x) x)) (((() (x)) (() (x) x)) ((() (x)) (() (x) x) x) x)) ((((() (x)) (() (x) x)) ((() (x)) (() (x) x) x)) (((() (x)) (() (x) x)) ((() (x)) (() (x) x) x) x) x)) (((((() (x)) (() (x) x)) ((() (x)) (() (x) x) x)) (((() (x)) (() (x) x)) ((() (x)) (() (x) x) x) x)) ((((() (x)) (() (x) x)) ((() (x)) (() (x) x) x)) (((() (x)) (() (x) x)) ((() (x)) (() (x) x) x) x) x) x)) ((((((() (x)) (() (x) x)) ((() (x)) (() (x) x) x)) (((() (x)) (() (x) x)) ((() (x)) (() (x) x) x) x)) ((((() (x)) (() (x) x)) ((() (x)) (() (x) x) x)) (((() (x)) (() (x) x)) ((() (x)) (() (x) x) x) x) x)) (((((() (x)) (() (x) x)) ((() (x)) (() (x) x) x)) (((() (x)) (() (x) x)) ((() (x)) (() (x) x) x) x)) ((((() (x)) (() (x) x)) ((() (x)) (() (x) x) x)) (((() (x)) (() (x) x)) ((() (x)) (() (x) x) x) x) x) x) x) x) x))
((((((((() (x)) (() (x) x)) ((() (x)) (() (x) x) x)) (((() (x)) (() (x) x)) ((() (x)) (() (x) x) x) x)) ((((() (x)) (() (x) x)) ((() (x)) (() (x) x) x)) (((() (x)) (() (x) x)) ((() (x)) (() (x) x) x) x) x)) (((((() (x)) (() (x) x)) ((() (x)) (() (x) x) x)) (((() (x)) (() (x) x)) ((() (x)) (() (x) x) x) x)) ((((() (x)) (() (x) x)) ((() (x)) (() (x) x) x)) (((() (x)) (() (x) x)) ((() (x)) (() (x) x) x) x) x) x)) ((((((() (x)) (() (x) x)) ((() (x)) (() (x) x) x)) (((() (x)) (() (x) x)) ((() (x)) (() (x) x) x) x)) ((((() (x)) (() (x) x)) ((() (x)) (() (x) x) x)) (((() (x)) (() (x) x)) ((() (x)) (() (x) x) x) x) x)) (((((() (x)) (() (x) x)) ((() (x)) (() (x) x) x)) (((() (x)) (() (x) x)) ((() (x)) (() (x) x) x) x)) ((((() (x)) (() (x) x)) ((() (x)) (() (x) x) x)) (((() (x)) (() (x) x)) ((() (x)) (() (x) x) x) x) x) x) x)) (((((((() (x)) (() (x) x)) ((() (x)) (() (x) x) x)) (((() (x)) (() (x) x)) ((() (x)) (() (x) x) x) x)) ((((() (x)) (() (x) x)) ((() (x)) (() (x) x) x)) (((() (x)) (() (x) x)) ((() (x)) (() (x) x) x) x) x)) (((((() (x)) (() (x) x)) ((() (x)) (() (x) x) x)) (((() (x)) (() (x) x)) ((() (x)) (() (x) x) x) x)) ((((() (x)) (() (x) x)) ((() (x)) (() (x) x) x)) (((() (x)) (() (x) x)) ((() (x)) (() (x) x) x) x) x) x)) ((((((() (x)) (() (x) x)) ((() (x)) (() (x) x) x)) (((() (x)) (() (x) x)) ((() (x)) (() (x) x) x) x)) ((((() (x)) (() (x) x)) ((() (x)) (() (x) x) x)) (((() (x)) (() (x) x)) ((() (x)) (() (x) x) x) x) x)) (((((() (x)) (() (x) x)) ((() (x)) (() (x) x) x)) (((() (x)) (() (x) x)) ((() (x)) (() (x) x) x) x)) ((((() (x)) (() (x) x)) ((() (x)) (() (x) x) x)) (((() (x)) (() (x) x)) ((() (x)) (() (x) x) x) x) x) x) x) x) x)
((((((() (1)) (() (1) 1)) ((() (1)) (() (1) 1) 1)) (((() (1)) (() (1) 1)) ((() (1)) (() (1) 1) 1) 1)) ((((() (1)) (() (1) 1)) ((() (1)) (() (1) 1) 1)) (((() (1)) (() (1) 1)) ((() (1)) (() (1) 1) 1) 1) 1)) (((((() (1)) (() (1) 1)) ((() (1)) (() (1) 1) 1)) (((() (1)) (() (1) 1)) ((() (1)) (() (1) 1) 1) 1)) ((((() (1)) (() (1) 1)) ((() (1)) (() (1) 1) 1)) (((() (1)) (() (1) 1)) ((() (1)) (() (1) 1) 1) 1) 1) 1) 1)
((((((() (1)) (() (1) 1)) ((() (1)) (() (1) 1) 1)) (((() (1)) (() (1) 1)) ((() (1)) (() (1) 1) 1) 1)) ((((() (1)) (() (1) 1)) ((() (1)) (() (1) 1) 1)) (((() (1)) (() (1) 1)) ((() (1)) (() (1) 1) 1) 1) 1)) (((((() (1)) (() (1) 1)) ((() (1)) (() (1) 1) 1)) (((() (1)) (() (1) 1)) ((() (1)) (() (1) 1) 1) 1)) ((((() (1)) (() (1) 1)) ((() (1)) (() (1) 1) 1)) (((() (1)) (() (1) 1)) ((() (1)) (() (1) 1) 1) 1) 1) 1) ((((((() (1)) (() (1) 1)) ((() (1)) (() (1) 1) 1)) (((() (1)) (() (1) 1)) ((() (1)) (() (1) 1) 1) 1)) ((((() (1)) (() (1) 1)) ((() (1)) (() (1) 1) 1)) (((() (1)) (() (1) 1)) ((() (1)) (() (1) 1) 1) 1) 1)) (((((() (1)) (() (1) 1)) ((() (1)) (() (1) 1) 1)) (((() (1)) (() (1) 1)) ((() (1)) (() (1) 1) 1) 1)) ((((() (1)) (() (1) 1)) ((() (1)) (() (1) 1) 1)) (((() (1)) (() (1) 1)) ((() (1)) (() (1) 1) 1) 1) 1) 1)) ((((((() (1)) (() (1) 1)) ((() (1)) (() (1) 1) 1)) (((() (1)) (() (1) 1)) ((() (1)) (() (1) 1) 1) 1)) ((((() (1)) (() (1) 1)) ((() (1)) (() (1) 1) 1)) (((() (1)) (() (1) 1)) ((() (1)) (() (1) 1) 1) 1) 1)) (((((() (1)) (() (1) 1)) ((() (1)) (() (1) 1) 1)) (((() (1)) (() (1) 1)) ((() (1)) (() (1) 1) 1) 1)) ((((() (1)) (() (1) 1)) ((() (1)) (() (1) 1) 1)) (((() (1)) (() (1) 1)) ((() (1)) (() (1) 1) 1) 1) 1) 1) 1))
((((((((((((((((1 2 3))))))))))))))))
((((((((((((((((1 2 3))))))))))))))) ((((((((((((((((1 2 3)))))))))))))))))
)