(
()
()
()
()
()
()
()
()
()
(#(1 a) #(1 b) #(2 a) #(2 b))
(#(1 2) #(1 1) #(2 2) #(2 1))
(#(1 a) #(1 b) #(1 c) #(2 a) #(2 b) #(2 c))
(#(1 a) #(1 b) #(1 c))
()
()
(#(1 c) #(2 c) #(3 c))
(#(c 1) #(d 1) #(e 1))
(#(c 1) #(d 1) #(e 1))
(#((8) (8)))
()
(#((9 8 6.0) (0 5 4 1)) #((9 8 6.0) (2.0 5 0)) #((9 8 6.0) (0 8 3.0)) #((9 8 6.0) (8 6.0 9)) #((0 2.0 5) (0 5 4 1)) #((0 2.0 5) (2.0 5 0)) #((0 2.0 5) (0 8 3.0)) #((0 2.0 5) (8 6.0 9)) #((8 0 3.0) (0 5 4 1)) #((8 0 3.0) (2.0 5 0)) #((8 0 3.0) (0 8 3.0)) #((8 0 3.0) (8 6.0 9)) #((5 1 0 4) (0 5 4 1)) #((5 1 0 4) (2.0 5 0)) #((5 1 0 4) (0 8 3.0)) #((5 1 0 4) (8 6.0 9)))
(#((6.0 9 0 5 4 2.0) 9) #((6.0 9 0 5 4 2.0) (4 2.0 8 1 3.0)) #((6.0 9 0 5 4 2.0) h) #((6.0 9 0 5 4 2.0) 4) #((6.0 9 0 5 4 2.0) (3.0 5 1 6.0 9)) #((6.0 9 0 5 4 2.0) (5 2.0 0 4 6.0 9)) #((6.0 9 0 5 4 2.0) (5 h 0 6.0 3.0 1 8)) #((6.0 9 0 5 4 2.0) 1) #(h 9) #(h (4 2.0 8 1 3.0)) #(h h) #(h 4) #(h (3.0 5 1 6.0 9)) #(h (5 2.0 0 4 6.0 9)) #(h (5 h 0 6.0 3.0 1 8)) #(h 1) #(1 9) #(1 (4 2.0 8 1 3.0)) #(1 h) #(1 4) #(1 (3.0 5 1 6.0 9)) #(1 (5 2.0 0 4 6.0 9)) #(1 (5 h 0 6.0 3.0 1 8)) #(1 1) #((4 2.0 3.0 8 1) 9) #((4 2.0 3.0 8 1) (4 2.0 8 1 3.0)) #((4 2.0 3.0 8 1) h) #((4 2.0 3.0 8 1) 4) #((4 2.0 3.0 8 1) (3.0 5 1 6.0 9)) #((4 2.0 3.0 8 1) (5 2.0 0 4 6.0 9)) #((4 2.0 3.0 8 1) (5 h 0 6.0 3.0 1 8)) #((4 2.0 3.0 8 1) 1) #((8 h 5 6.0 3.0 0 1) 9) #((8 h 5 6.0 3.0 0 1) (4 2.0 8 1 3.0)) #((8 h 5 6.0 3.0 0 1) h) #((8 h 5 6.0 3.0 0 1) 4) #((8 h 5 6.0 3.0 0 1) (3.0 5 1 6.0 9)) #((8 h 5 6.0 3.0 0 1) (5 2.0 0 4 6.0 9)) #((8 h 5 6.0 3.0 0 1) (5 h 0 6.0 3.0 1 8)) #((8 h 5 6.0 3.0 0 1) 1) #(9 9) #(9 (4 2.0 8 1 3.0)) #(9 h) #(9 4) #(9 (3.0 5 1 6.0 9)) #(9 (5 2.0 0 4 6.0 9)) #(9 (5 h 0 6.0 3.0 1 8)) #(9 1) #(4 9) #(4 (4 2.0 8 1 3.0)) #(4 h) #(4 4) #(4 (3.0 5 1 6.0 9)) #(4 (5 2.0 0 4 6.0 9)) #(4 (5 h 0 6.0 3.0 1 8)) #(4 1) #((6.0 5 3.0 1 9) 9) #((6.0 5 3.0 1 9) (4 2.0 8 1 3.0)) #((6.0 5 3.0 1 9) h) #((6.0 5 3.0 1 9) 4) #((6.0 5 3.0 1 9) (3.0 5 1 6.0 9)) #((6.0 5 3.0 1 9) (5 2.0 0 4 6.0 9)) #((6.0 5 3.0 1 9) (5 h 0 6.0 3.0 1 8)) #((6.0 5 3.0 1 9) 1))
(#((0 6.0 4 1) (4 1 0 3.0 h 2.0)) #((0 6.0 4 1) (5 4 h 8 9)) #((0 6.0 4 1) (1 6.0 0 4)) #((0 6.0 4 1) 5) #((0 6.0 4 1) 8) #((0 6.0 4 1) (8 5 h 2.0)) #((3.0 1 0 h 4 2.0) (4 1 0 3.0 h 2.0)) #((3.0 1 0 h 4 2.0) (5 4 h 8 9)) #((3.0 1 0 h 4 2.0) (1 6.0 0 4)) #((3.0 1 0 h 4 2.0) 5) #((3.0 1 0 h 4 2.0) 8) #((3.0 1 0 h 4 2.0) (8 5 h 2.0)) #((5 8 h 2.0) (4 1 0 3.0 h 2.0)) #((5 8 h 2.0) (5 4 h 8 9)) #((5 8 h 2.0) (1 6.0 0 4)) #((5 8 h 2.0) 5) #((5 8 h 2.0) 8) #((5 8 h 2.0) (8 5 h 2.0)) #(8 (4 1 0 3.0 h 2.0)) #(8 (5 4 h 8 9)) #(8 (1 6.0 0 4)) #(8 5) #(8 8) #(8 (8 5 h 2.0)) #(5 (4 1 0 3.0 h 2.0)) #(5 (5 4 h 8 9)) #(5 (1 6.0 0 4)) #(5 5) #(5 8) #(5 (8 5 h 2.0)) #((h 9 4 8 5) (4 1 0 3.0 h 2.0)) #((h 9 4 8 5) (5 4 h 8 9)) #((h 9 4 8 5) (1 6.0 0 4)) #((h 9 4 8 5) 5) #((h 9 4 8 5) 8) #((h 9 4 8 5) (8 5 h 2.0)))
)